2024-11-01 15:03:45,219 [INFO] Activator:176 - 


2024-11-01 15:03:45,227 [INFO] Activator:177 - !SESSION log4j initialized
2024-11-01 15:03:51,868 [INFO] LogOutputStream:77 - [STDOUT_REDIRECT] 
2024-11-01 18:00:10,736 [INFO] ApplicationProperties:184 - Using Application install path: C:\ST\STM32CubeIDE_1.12.0\STM32CubeIDE\plugins\com.st.stm32cube.common.mx_6.8.0.202302231600
2024-11-01 18:00:10,757 [INFO] DbMcusXml:78 - Set database path to: C:\ST\STM32CubeIDE_1.12.0\STM32CubeIDE\plugins\com.st.stm32cube.common.mx_6.8.0.202302231600\\db\/mcu/
2024-11-01 18:00:10,758 [INFO] ApiDb:274 - Set plugin database path to: C:\ST\STM32CubeIDE_1.12.0\STM32CubeIDE\plugins\com.st.stm32cube.common.mx_6.8.0.202302231600\\db\/plugins/boardmanager/
2024-11-01 18:00:10,759 [WARN] ApiDb:259 - Overriding images path with different value:  => C:\ST\STM32CubeIDE_1.12.0\STM32CubeIDE\plugins\com.st.stm32cube.common.mx_6.8.0.202302231600\\db\/plugins/mcufinder/images/
2024-11-01 18:00:10,781 [INFO] ApiDb:250 - Set database path to: C:\Users\tobia\.stmcufinder\plugins\mcufinder//mcu/
2024-11-01 18:00:10,782 [INFO] DbMcusAds:125 - Set database path to: C:\Users\tobia\.stmcufinder\plugins\mcufinder//mcu/
2024-11-01 18:00:10,837 [INFO] CrossReferenceDbSqlite:203 - Set database path to: C:\Users\tobia\.stmcufinder\plugins\mcufinder//mcu/cs/
2024-11-01 18:00:10,949 [INFO] RulesReader:64 - Compatibility file has been processed (293 Rules)
2024-11-01 18:00:11,044 [INFO] DbMcusXml:78 - Set database path to: C:\ST\STM32CubeIDE_1.12.0\STM32CubeIDE\plugins\com.st.stm32cube.common.mx_6.8.0.202302231600\\db\/mcu/
2024-11-01 18:00:11,044 [INFO] ApiDb:274 - Set plugin database path to: C:\ST\STM32CubeIDE_1.12.0\STM32CubeIDE\plugins\com.st.stm32cube.common.mx_6.8.0.202302231600\\db\/plugins/boardmanager/
2024-11-01 18:00:11,045 [INFO] ApiDb:261 - Set plugin images path to: C:\ST\STM32CubeIDE_1.12.0\STM32CubeIDE\plugins\com.st.stm32cube.common.mx_6.8.0.202302231600\\db\/plugins/mcufinder/images/
2024-11-01 18:00:11,045 [WARN] DbFile:41 - Overriding database path with different value: C:\Users\tobia\.stmcufinder\plugins\mcufinder/ => C:\Users\tobia\.stmcufinder\plugins\mcufinder
2024-11-01 18:00:11,045 [INFO] ApiDb:250 - Set database path to: C:\Users\tobia\.stmcufinder\plugins\mcufinder//mcu/
2024-11-01 18:00:11,045 [WARN] DbFile:41 - Overriding database path with different value: C:\Users\tobia\.stmcufinder\plugins\mcufinder/ => C:\Users\tobia\.stmcufinder\plugins\mcufinder
2024-11-01 18:00:11,045 [INFO] DbMcusAds:125 - Set database path to: C:\Users\tobia\.stmcufinder\plugins\mcufinder//mcu/
2024-11-01 18:00:11,045 [WARN] DbFile:41 - Overriding database path with different value: C:\Users\tobia\.stmcufinder\plugins\mcufinder/ => C:\Users\tobia\.stmcufinder\plugins\mcufinder
2024-11-01 18:00:11,045 [WARN] DbFile:41 - Overriding database path with different value: C:\Users\tobia\.stmcufinder\plugins\mcufinder/ => C:\Users\tobia\.stmcufinder\plugins\mcufinder
2024-11-01 18:00:11,045 [INFO] CrossReferenceDbSqlite:203 - Set database path to: C:\Users\tobia\.stmcufinder\plugins\mcufinder//mcu/cs/
2024-11-01 18:00:11,123 [INFO] MainPanel:253 - HeapMemory: 268435456
2024-11-01 18:00:11,213 [INFO] DbMcusXml:78 - Set database path to: C:\ST\STM32CubeIDE_1.12.0\STM32CubeIDE\plugins\com.st.stm32cube.common.mx_6.8.0.202302231600\\db\/mcu/
2024-11-01 18:00:11,213 [INFO] ApiDb:274 - Set plugin database path to: C:\ST\STM32CubeIDE_1.12.0\STM32CubeIDE\plugins\com.st.stm32cube.common.mx_6.8.0.202302231600\\db\/plugins/boardmanager/
2024-11-01 18:00:11,213 [INFO] ApiDb:261 - Set plugin images path to: C:\ST\STM32CubeIDE_1.12.0\STM32CubeIDE\plugins\com.st.stm32cube.common.mx_6.8.0.202302231600\\db\/plugins/mcufinder/images/
2024-11-01 18:00:11,213 [WARN] DbFile:41 - Overriding database path with different value: C:\Users\tobia\.stmcufinder\plugins\mcufinder/ => C:\Users\tobia\.stmcufinder\plugins\mcufinder
2024-11-01 18:00:11,213 [INFO] ApiDb:250 - Set database path to: C:\Users\tobia\.stmcufinder\plugins\mcufinder//mcu/
2024-11-01 18:00:11,213 [WARN] DbFile:41 - Overriding database path with different value: C:\Users\tobia\.stmcufinder\plugins\mcufinder/ => C:\Users\tobia\.stmcufinder\plugins\mcufinder
2024-11-01 18:00:11,213 [INFO] DbMcusAds:125 - Set database path to: C:\Users\tobia\.stmcufinder\plugins\mcufinder//mcu/
2024-11-01 18:00:11,214 [WARN] DbFile:41 - Overriding database path with different value: C:\Users\tobia\.stmcufinder\plugins\mcufinder/ => C:\Users\tobia\.stmcufinder\plugins\mcufinder
2024-11-01 18:00:11,214 [WARN] DbFile:41 - Overriding database path with different value: C:\Users\tobia\.stmcufinder\plugins\mcufinder/ => C:\Users\tobia\.stmcufinder\plugins\mcufinder
2024-11-01 18:00:11,214 [INFO] CrossReferenceDbSqlite:203 - Set database path to: C:\Users\tobia\.stmcufinder\plugins\mcufinder//mcu/cs/
2024-11-01 18:00:11,232 [INFO] ApplicationProperties:184 - Using Application install path: C:\ST\STM32CubeIDE_1.12.0\STM32CubeIDE\plugins\com.st.stm32cube.common.mx_6.8.0.202302231600
2024-11-01 18:00:11,234 [INFO] PluginManage:196 - Search for loadable plugins [exclusion list=, ]
2024-11-01 18:00:11,235 [INFO] PluginManage:310 - Check plugin analytics
2024-11-01 18:00:11,444 [INFO] AnalyticsPlugin:253 - Accepted Software Licenses: 
2024-11-01 18:00:11,444 [INFO] AnalyticsPlugin:255 - Accepted CMSIS Pack Licenses: 
2024-11-01 18:00:11,444 [INFO] AnalyticsPlugin:257 - Accepted Firmware Licenses: FW.WL.1.3.0
2024-11-01 18:00:11,458 [INFO] PluginManage:359 - Loaded plugin analytics (category:tool,tabindex:-1)
2024-11-01 18:00:11,458 [INFO] PluginManage:310 - Check plugin cadmodel
2024-11-01 18:00:11,476 [INFO] CADModel:105 - Init CAD model plugin
2024-11-01 18:00:11,476 [INFO] PluginManage:359 - Loaded plugin cadmodel (category:power,tabindex:5)
2024-11-01 18:00:11,476 [INFO] PluginManage:310 - Check plugin clock
2024-11-01 18:00:11,500 [INFO] PluginManage:359 - Loaded plugin clock (category:base,tabindex:2)
2024-11-01 18:00:11,501 [INFO] PluginManage:310 - Check plugin ddr
2024-11-01 18:00:11,504 [INFO] PluginManage:359 - Loaded plugin ddr (category:tool,tabindex:6)
2024-11-01 18:00:11,505 [INFO] PluginManage:310 - Check plugin filemanager
2024-11-01 18:00:11,630 [INFO] PluginManage:359 - Loaded plugin filemanager (category:base,tabindex:10)
2024-11-01 18:00:11,630 [INFO] PluginManage:310 - Check plugin ipmanager
2024-11-01 18:00:11,636 [INFO] PluginManage:359 - Loaded plugin ipmanager (category:base,tabindex:5)
2024-11-01 18:00:11,636 [INFO] PluginManage:310 - Check plugin lpbam
2024-11-01 18:00:11,652 [INFO] PluginManage:359 - Loaded plugin lpbam (category:base,tabindex:0)
2024-11-01 18:00:11,652 [INFO] PluginManage:310 - Check plugin pinoutandconfiguration
2024-11-01 18:00:11,666 [INFO] PluginManage:359 - Loaded plugin pinoutandconfiguration (category:base,tabindex:1)
2024-11-01 18:00:11,666 [INFO] PluginManage:310 - Check plugin pinoutconfig
2024-11-01 18:00:11,746 [WARN] SupportedApi:132 - Cannot load RTOS API schema: s4s-elt-must-match.1: The content of 'definitions' must match (annotation?, (simpleType | complexType)?, (unique | key | keyref)*)). A problem was found starting at: attribute.
2024-11-01 18:00:11,898 [INFO] PluginManage:359 - Loaded plugin pinoutconfig (category:base,tabindex:0)
2024-11-01 18:00:11,898 [INFO] PluginManage:310 - Check plugin power
2024-11-01 18:00:11,927 [INFO] PluginManage:359 - Loaded plugin power (category:power,tabindex:4)
2024-11-01 18:00:11,927 [INFO] PluginManage:310 - Check plugin projectmanager
2024-11-01 18:00:11,944 [INFO] PluginManage:359 - Loaded plugin projectmanager (category:projectmanager,tabindex:3)
2024-11-01 18:00:11,944 [INFO] PluginManage:310 - Check plugin thirdparty
2024-11-01 18:00:12,148 [INFO] PluginManage:359 - Loaded plugin thirdparty (category:base,tabindex:-1)
2024-11-01 18:00:12,148 [WARN] IntegrityCheckThread:84 - waiting for thirdparty lock release [integrity check]
2024-11-01 18:00:12,148 [INFO] PluginManage:310 - Check plugin tools
2024-11-01 18:00:12,148 [INFO] IntegrityCheckThread:86 - entering critical section [integrity check]
2024-11-01 18:00:12,150 [INFO] ThirdPartyUpdaterWithRetryManager:70 - Updater plugin not ready yet. [1/15]
2024-11-01 18:00:12,171 [INFO] PluginManage:359 - Loaded plugin tools (category:base,tabindex:7)
2024-11-01 18:00:12,171 [INFO] PluginManage:310 - Check plugin tutovideos
2024-11-01 18:00:12,359 [INFO] PluginManage:359 - Loaded plugin tutovideos (category:base,tabindex:-1)
2024-11-01 18:00:12,359 [INFO] PluginManage:310 - Check plugin updater
2024-11-01 18:00:12,375 [INFO] PluginManage:359 - Loaded plugin updater (category:base,tabindex:12)
2024-11-01 18:00:12,376 [INFO] PluginManage:283 - PluginManage : Loaded plugins [15]
2024-11-01 18:00:12,698 [INFO] PinOutPanel:1499 - setPackage(No Configuration,No Configuration)
2024-11-01 18:00:12,770 [INFO] CADModel:165 - CPN selected for project level
2024-11-01 18:00:12,770 [INFO] CADModel:114 - Register for checkConnection events
2024-11-01 18:00:12,798 [INFO] IPUIPlugin:80 - create IPUIPlugin
2024-11-01 18:00:12,798 [INFO] PluginManager:220 - loadIPPluginJar : add adc
2024-11-01 18:00:12,824 [INFO] IPUIPlugin:80 - create IPUIPlugin
2024-11-01 18:00:12,824 [INFO] PluginManager:220 - loadIPPluginJar : add aes
2024-11-01 18:00:12,850 [INFO] IPUIPlugin:80 - create IPUIPlugin
2024-11-01 18:00:12,850 [INFO] PluginManager:220 - loadIPPluginJar : add can
2024-11-01 18:00:12,868 [INFO] IPUIPlugin:80 - create IPUIPlugin
2024-11-01 18:00:12,868 [INFO] PluginManager:220 - loadIPPluginJar : add comp
2024-11-01 18:00:12,889 [INFO] IPUIPlugin:80 - create IPUIPlugin
2024-11-01 18:00:12,890 [INFO] PluginManager:220 - loadIPPluginJar : add cryp
2024-11-01 18:00:12,911 [INFO] IPUIPlugin:80 - create IPUIPlugin
2024-11-01 18:00:12,911 [INFO] PluginManager:220 - loadIPPluginJar : add dfsdm
2024-11-01 18:00:12,923 [INFO] IPUIPlugin:80 - create IPUIPlugin
2024-11-01 18:00:12,924 [INFO] PluginManager:220 - loadIPPluginJar : add dma
2024-11-01 18:00:12,956 [INFO] IPUIPlugin:80 - create IPUIPlugin
2024-11-01 18:00:12,956 [INFO] PluginManager:220 - loadIPPluginJar : add dma3
2024-11-01 18:00:12,970 [INFO] IPUIPlugin:80 - create IPUIPlugin
2024-11-01 18:00:12,970 [INFO] PluginManager:220 - loadIPPluginJar : add fatfs
2024-11-01 18:00:13,003 [INFO] IPUIPlugin:80 - create IPUIPlugin
2024-11-01 18:00:13,003 [INFO] PluginManager:220 - loadIPPluginJar : add fmc
2024-11-01 18:00:13,017 [INFO] IPUIPlugin:80 - create IPUIPlugin
2024-11-01 18:00:13,017 [INFO] PluginManager:220 - loadIPPluginJar : add freertos
2024-11-01 18:00:13,033 [INFO] IPUIPlugin:80 - create IPUIPlugin
2024-11-01 18:00:13,033 [INFO] PluginManager:220 - loadIPPluginJar : add genericplugin
2024-11-01 18:00:13,096 [INFO] IPUIPlugin:80 - create IPUIPlugin
2024-11-01 18:00:13,096 [INFO] PluginManager:220 - loadIPPluginJar : add gfxmmu
2024-11-01 18:00:13,185 [INFO] IPUIPlugin:80 - create IPUIPlugin
2024-11-01 18:00:13,185 [INFO] PluginManager:220 - loadIPPluginJar : add gic
2024-11-01 18:00:13,197 [INFO] IPUIPlugin:80 - create IPUIPlugin
2024-11-01 18:00:13,197 [INFO] PluginManager:220 - loadIPPluginJar : add gpio
2024-11-01 18:00:13,261 [INFO] IPUIPlugin:80 - create IPUIPlugin
2024-11-01 18:00:13,261 [INFO] PluginManager:220 - loadIPPluginJar : add gtzc
2024-11-01 18:00:13,283 [INFO] IPUIPlugin:80 - create IPUIPlugin
2024-11-01 18:00:13,284 [INFO] PluginManager:220 - loadIPPluginJar : add hash
2024-11-01 18:00:13,322 [INFO] IPUIPlugin:80 - create IPUIPlugin
2024-11-01 18:00:13,322 [INFO] PluginManager:220 - loadIPPluginJar : add i2c
2024-11-01 18:00:13,350 [INFO] IPUIPlugin:80 - create IPUIPlugin
2024-11-01 18:00:13,350 [INFO] PluginManager:220 - loadIPPluginJar : add i2s
2024-11-01 18:00:13,377 [INFO] IPUIPlugin:80 - create IPUIPlugin
2024-11-01 18:00:13,377 [INFO] PluginManager:220 - loadIPPluginJar : add i3c
2024-11-01 18:00:13,449 [INFO] IPUIPlugin:80 - create IPUIPlugin
2024-11-01 18:00:13,449 [INFO] PluginManager:220 - loadIPPluginJar : add ipddr
2024-11-01 18:00:13,512 [INFO] IPUIPlugin:80 - create IPUIPlugin
2024-11-01 18:00:13,512 [INFO] PluginManager:220 - loadIPPluginJar : add linkedlist
2024-11-01 18:00:13,535 [INFO] IPUIPlugin:80 - create IPUIPlugin
2024-11-01 18:00:13,535 [INFO] PluginManager:220 - loadIPPluginJar : add lorawan
2024-11-01 18:00:13,559 [INFO] IPUIPlugin:80 - create IPUIPlugin
2024-11-01 18:00:13,559 [INFO] PluginManager:220 - loadIPPluginJar : add ltdc
2024-11-01 18:00:13,568 [INFO] IPUIPlugin:80 - create IPUIPlugin
2024-11-01 18:00:13,569 [INFO] PluginManager:220 - loadIPPluginJar : add mdma
2024-11-01 18:00:13,582 [INFO] IPUIPlugin:80 - create IPUIPlugin
2024-11-01 18:00:13,582 [INFO] PluginManager:220 - loadIPPluginJar : add nvic
2024-11-01 18:00:13,606 [INFO] IPUIPlugin:80 - create IPUIPlugin
2024-11-01 18:00:13,607 [INFO] PluginManager:220 - loadIPPluginJar : add opamp
2024-11-01 18:00:13,644 [INFO] IPUIPlugin:80 - create IPUIPlugin
2024-11-01 18:00:13,644 [INFO] PluginManager:220 - loadIPPluginJar : add openamp
2024-11-01 18:00:13,674 [INFO] IPUIPlugin:80 - create IPUIPlugin
2024-11-01 18:00:13,674 [INFO] PluginManager:220 - loadIPPluginJar : add pdm2pcm
2024-11-01 18:00:13,687 [INFO] IPUIPlugin:80 - create IPUIPlugin
2024-11-01 18:00:13,689 [INFO] PluginManager:220 - loadIPPluginJar : add plateformsettings
2024-11-01 18:00:13,707 [INFO] IPUIPlugin:80 - create IPUIPlugin
2024-11-01 18:00:13,707 [INFO] PluginManager:220 - loadIPPluginJar : add quadspi
2024-11-01 18:00:13,719 [INFO] IPUIPlugin:80 - create IPUIPlugin
2024-11-01 18:00:13,719 [INFO] PluginManager:220 - loadIPPluginJar : add resmgrutility
2024-11-01 18:00:13,753 [INFO] IPUIPlugin:80 - create IPUIPlugin
2024-11-01 18:00:13,754 [INFO] PluginManager:220 - loadIPPluginJar : add sai
2024-11-01 18:00:13,778 [INFO] IPUIPlugin:80 - create IPUIPlugin
2024-11-01 18:00:13,778 [INFO] PluginManager:220 - loadIPPluginJar : add spi
2024-11-01 18:00:13,816 [INFO] IPUIPlugin:80 - create IPUIPlugin
2024-11-01 18:00:13,816 [INFO] PluginManager:220 - loadIPPluginJar : add stm32_wpan
2024-11-01 18:00:13,834 [INFO] IPUIPlugin:80 - create IPUIPlugin
2024-11-01 18:00:13,834 [INFO] PluginManager:220 - loadIPPluginJar : add tim
2024-11-01 18:00:13,875 [INFO] IPUIPlugin:80 - create IPUIPlugin
2024-11-01 18:00:13,875 [INFO] PluginManager:220 - loadIPPluginJar : add touchsensing
2024-11-01 18:00:13,894 [INFO] IPUIPlugin:80 - create IPUIPlugin
2024-11-01 18:00:13,894 [INFO] PluginManager:220 - loadIPPluginJar : add tracer_emb
2024-11-01 18:00:13,911 [INFO] IPUIPlugin:80 - create IPUIPlugin
2024-11-01 18:00:13,911 [INFO] PluginManager:220 - loadIPPluginJar : add ts
2024-11-01 18:00:13,926 [INFO] IPUIPlugin:80 - create IPUIPlugin
2024-11-01 18:00:13,926 [INFO] PluginManager:220 - loadIPPluginJar : add tsc
2024-11-01 18:00:13,940 [INFO] IPUIPlugin:80 - create IPUIPlugin
2024-11-01 18:00:13,940 [INFO] PluginManager:220 - loadIPPluginJar : add ucpd
2024-11-01 18:00:13,969 [INFO] IPUIPlugin:80 - create IPUIPlugin
2024-11-01 18:00:13,969 [INFO] PluginManager:220 - loadIPPluginJar : add usart
2024-11-01 18:00:13,997 [INFO] IPUIPlugin:80 - create IPUIPlugin
2024-11-01 18:00:13,997 [INFO] PluginManager:220 - loadIPPluginJar : add usbx
2024-11-01 18:00:14,113 [INFO] CADModel:165 - CPN selected for project level
2024-11-01 18:00:14,113 [INFO] CADModel:114 - Register for checkConnection events
2024-11-01 18:00:14,114 [FATAL] Updater:308 - Updater called before beeing initialized
2024-11-01 18:00:14,114 [ERROR] CADModel:125 - Updater not yet initialized, retry later 
2024-11-01 18:00:14,272 [INFO] CADModel:165 - CPN selected for project level
2024-11-01 18:00:14,272 [INFO] CADModel:114 - Register for checkConnection events
2024-11-01 18:00:14,272 [FATAL] Updater:308 - Updater called before beeing initialized
2024-11-01 18:00:14,272 [ERROR] CADModel:125 - Updater not yet initialized, retry later 
2024-11-01 18:00:14,275 [FATAL] Updater:308 - Updater called before beeing initialized
2024-11-01 18:00:14,402 [FATAL] Updater:308 - Updater called before beeing initialized
2024-11-01 18:00:14,411 [INFO] DbMcusAds:53 - JSON generation date=Fri Sep 20 15:04:23 CEST 2024 (1726837463113)
2024-11-01 18:00:14,412 [FATAL] Updater:308 - Updater called before beeing initialized
2024-11-01 18:00:14,471 [WARN] DetailPanel:346 - Failed to get advertising image, set to default
2024-11-01 18:00:14,536 [FATAL] Updater:308 - Updater called before beeing initialized
2024-11-01 18:00:14,539 [FATAL] Updater:308 - Updater called before beeing initialized
2024-11-01 18:00:14,539 [FATAL] Updater:308 - Updater called before beeing initialized
2024-11-01 18:00:14,539 [WARN] DetailPanel:346 - Failed to get advertising image, set to default
2024-11-01 18:00:14,540 [FATAL] Updater:308 - Updater called before beeing initialized
2024-11-01 18:00:14,585 [ERROR] Updater:1120 - MainUpdater not yet initialized. External WinMGr cannot be set.
2024-11-01 18:00:14,593 [INFO] Updater:1056 - Updater Version found : 6.8.0
2024-11-01 18:00:14,609 [INFO] ApplicationProperties:184 - Using Application install path: C:\ST\STM32CubeIDE_1.12.0\STM32CubeIDE\plugins\com.st.stm32cube.common.mx_6.8.0.202302231600
2024-11-01 18:00:14,799 [INFO] MainUpdater:2854 - connection check result : 10
2024-11-01 18:00:14,799 [INFO] MainUpdater:3548 - Updater definition file requires update
2024-11-01 18:00:14,800 [INFO] MainUpdater:283 - Updater Check For Update Now.
2024-11-01 18:00:14,801 [INFO] MicroXplorer:498 - Change Database Version : DB.6.0.80
2024-11-01 18:00:14,843 [INFO] ServerAccessManage:473 - Download File updaters.zip
2024-11-01 18:00:15,095 [INFO] FileExtend:240 - Unzip File : updaters.zip
2024-11-01 18:00:15,095 [INFO] FileExtend:255 - Standard Zip Deflate
2024-11-01 18:00:15,162 [WARN] MainUpdater:1187 - Updater busy. Cannot search thirdparties
2024-11-01 18:00:15,163 [INFO] ThirdPartyUpdaterWithRetryManager:96 - Updater plugin is busy. [1/15]
2024-11-01 18:00:16,039 [INFO] ServerAccessManage:473 - Download File PacksControlFlags.xml
2024-11-01 18:00:16,200 [INFO] ServerAccessManage:473 - Download File cubemx.pidx
2024-11-01 18:00:16,306 [INFO] LoadServerUpdatesThread:373 - End of LoadServerUpdate Thread
2024-11-01 18:00:16,500 [INFO] CheckServerUpdateThread:120 - End of CheckServer Thread
2024-11-01 18:00:16,702 [INFO] MainUpdater:2854 - connection check result : 10
2024-11-01 18:00:17,216 [INFO] ApiDb:581 - Connected to CubeFinder SQLite database (C:\Users\tobia\.stmcufinder\plugins\mcufinder\mcu\cube-finder-db.db)
2024-11-01 18:00:17,281 [INFO] ApiDb:668 - CubeFinder database Data Model version=2.1
2024-11-01 18:00:17,281 [INFO] ApiDb:669 - CubeFinder database Configuration version=3.0.39
2024-11-01 18:00:17,282 [INFO] ApiDb:670 - CubeFinder database generation date=2024-10-15 (1729006872)
2024-11-01 18:00:17,282 [INFO] ApiDb:671 - CubeFinder database FW Pack versions=[FP-ATR-ASTRA1_V2.0.0, FP-SNS-FLIGHT1_V5.0.2, FP-SNS-MOTENV1_V5.0.0, FP-SNS-MOTENVWB1_V1.4.0, FP-SNS-SMARTAG2_V1.2.0, FP-SNS-STBOX1_V2.0.0, STM32Cube_FW_C0_V1.2.0, STM32Cube_FW_F4_V1.28.1, STM32Cube_FW_F7_V1.17.2, STM32Cube_FW_G0_V1.6.2, STM32Cube_FW_G4_V1.6.0, STM32Cube_FW_H5_V1.3.0, STM32Cube_FW_H7RS_V1.1.0, STM32Cube_FW_H7_V1.11.2, STM32Cube_FW_L0_V1.12.2, STM32Cube_FW_L5_V1.5.1, STM32Cube_FW_U0_V1.1.0, STM32Cube_FW_U5_V1.6.0, STM32Cube_FW_WB0_V1.0.0, STM32Cube_FW_WBA_V1.4.1, STM32Cube_FW_WB_V1.20.0, STM32Cube_FW_WL_V1.3.0, X-CUBE-ALGOBUILD_V1.4.0, X-CUBE-ALS_V1.0.2, X-CUBE-AZRTOS-F4_V1.1.0, X-CUBE-AZRTOS-F7_V1.1.0, X-CUBE-AZRTOS-G0_V1.1.0, X-CUBE-AZRTOS-G4_V2.0.0, X-CUBE-AZRTOS-H7RS_V1.0.0, X-CUBE-AZRTOS-H7_V3.3.0, X-CUBE-AZRTOS-L4_V2.0.0, X-CUBE-AZRTOS-L5_V2.0.0, X-CUBE-AZRTOS-WB_V2.0.0, X-CUBE-AZRTOS-WL_V2.0.0, X-CUBE-BLE1_V7.0.0, X-CUBE-BLE2_V3.3.0, X-CUBE-BLEMGR_V3.1.0, X-CUBE-EEPRMA1_V5.1.0, X-CUBE-FREERTOS_V1.2.0, X-CUBE-GNSS1_V6.0.0, X-CUBE-MEMS1_V11.0.0, X-CUBE-NFC4_V3.0.0, X-CUBE-NFC7_V1.0.1, X-CUBE-SFXS2LP1_V4.0.0, X-CUBE-SUBG2_V5.0.0, X-CUBE-TOF1_V3.4.2]
2024-11-01 18:00:17,410 [INFO] DbBoardsSqlite:226 - include board P-NUCLEO-WB55-NUCLEO as a kit item of type 'Nucleo-64'
2024-11-01 18:00:17,411 [INFO] DbBoardsSqlite:226 - include board P-NUCLEO-WB55-USBDONGLE as a kit item of type 'Nucleo USB Dongle'
2024-11-01 18:00:17,412 [INFO] DbBoardsSqlite:226 - include board STEVAL-IDP005V1 as a kit item of type 'Evaluation Board'
2024-11-01 18:00:17,412 [INFO] DbBoardsSqlite:226 - include board STEVAL-IDP005V2 as a kit item of type 'Evaluation Board'
2024-11-01 18:00:17,646 [INFO] ApiDb:240 - Found 297 in-development CPN: [B-G473E-ZEST1S, B-WB1M-WPAN1, B-WL5M-SUBG1, NUCLEO-C031C6, NUCLEO-H503RB, NUCLEO-H563ZI, NUCLEO-U545RE-Q, NUCLEO-U5A5ZJ-Q, NUCLEO-WBA52CG, STEVAL-PROTEUS1, STEVAL-STWINBX1, STM320518-EVAL, STM32C0116-DK, STM32C011D6Y3TR, STM32C011D6Y6TR, STM32C011F4P3, STM32C011F4P6, STM32C011F4U3, STM32C011F4U6TR, STM32C011F6P3, STM32C011F6P6, STM32C011F6U3, STM32C011F6U6TR, STM32C011J4M3, STM32C011J4M6, STM32C011J6M3, STM32C011J6M6, STM32C0316-DK, STM32C031C4T3, STM32C031C4T6, STM32C031C4U3, STM32C031C4U6, STM32C031C6T3, STM32C031C6T6, STM32C031C6U3, STM32C031C6U6, STM32C031F4P3, STM32C031F4P6, STM32C031F6P3, STM32C031F6P6, STM32C031G4U3, STM32C031G4U6, STM32C031G6U3, STM32C031G6U6, STM32C031K4T3, STM32C031K4T6, STM32C031K4U3, STM32C031K4U6, STM32C031K6T3, STM32C031K6T6, STM32C031K6U3, STM32C031K6U6, STM32G071K8TXN, STM32G071K8UXN, STM32G081GBU6N, STM32G081KBT6N, STM32G081KBUXN, STM32G0B1CCT6N, STM32G0B1KCT6, STM32G0B1NEY6TR, STM32G0B1RCT6N, STM32G0C1CCT6, STM32G0C1CCT6N, STM32G0C1CCU6N, STM32G0C1CET6N, STM32G0C1CEU6N, STM32G0C1KCT6, STM32G0C1NEY6TR, STM32G0C1RCI6N, STM32G0C1RCT6N, STM32G0C1REI6N, STM32G0C1RET6N, STM32G0C1VCI6, STM32G0C1VEI6, STM32G471CCT6, STM32G471CCU6, STM32G471CET3, STM32G471CET6, STM32G471CEU3, STM32G471CEU6, STM32G471MCT6, STM32G471MET3, STM32G471MET6, STM32G471MEY6TR, STM32G471QCT6, STM32G471QET3, STM32G471RCT6, STM32G471RET3, STM32G471RET6, STM32G471VCH6, STM32G471VCI6, STM32G471VCT6, STM32G471VEH3, STM32G471VEH6, STM32G471VEI3, STM32G471VEI6, STM32G471VET3, STM32G471VET6, STM32G474CCT6, STM32H503CBT6, STM32H503CBU6, STM32H503EBY6TR, STM32H503KBU6, STM32H503RBT6, STM32H562AGI6, STM32H562AII6, STM32H562IGK6, STM32H562IGT6, STM32H562IIK6, STM32H562IIT6, STM32H562RGT6, STM32H562RGV6, STM32H562RIT6, STM32H562RIV6, STM32H562VGT6, STM32H562VIT6, STM32H562ZGT6, STM32H562ZIT6, STM32H563AGI6, STM32H563AII3Q, STM32H563AII6, STM32H563IGK6, STM32H563IGT6, STM32H563IIK3Q, STM32H563IIK6, STM32H563IIT3Q, STM32H563IIT6, STM32H563MIY3QTR, STM32H563RGT6, STM32H563RGV6, STM32H563RIT6, STM32H563RIV6, STM32H563VGT6, STM32H563VIT3Q, STM32H563VIT6, STM32H563ZGT6, STM32H563ZIT3Q, STM32H563ZIT6, STM32H573AII3Q, STM32H573AII6, STM32H573I-DK, STM32H573IIK3Q, STM32H573IIK6, STM32H573IIT3Q, STM32H573IIT6, STM32H573MIY3QTR, STM32H573RIT6, STM32H573RIV6, STM32H573VIT3Q, STM32H573VIT6, STM32H573ZIT3Q, STM32H573ZIT6, STM32L4R5QGI6STR, STM32MP131AAE3, STM32MP131AAF3, STM32MP131AAG3, STM32MP131CAE3, STM32MP131CAF3, STM32MP131CAG3, STM32MP131DAE7, STM32MP131DAF7, STM32MP131DAG7, STM32MP131FAE7, STM32MP131FAF7, STM32MP131FAG7, STM32MP133AAE3, STM32MP133AAF3, STM32MP133AAG3, STM32MP133CAE3, STM32MP133CAF3, STM32MP133CAG3, STM32MP133DAE7, STM32MP133DAF7, STM32MP133DAG7, STM32MP133FAE7, STM32MP133FAF7, STM32MP133FAG7, STM32MP135AAE3, STM32MP135AAF3, STM32MP135AAG3, STM32MP135CAE3, STM32MP135CAF3, STM32MP135CAG3, STM32MP135DAE7, STM32MP135DAF7, STM32MP135DAG7, STM32MP135F-DK, STM32MP135FAE7, STM32MP135FAF7, STM32MP135FAF7T, STM32MP135FAF7U, STM32MP135FAG7, STM32U535CBT6, STM32U535CBT6Q, STM32U535CBU6, STM32U535CBU6Q, STM32U535CCT6, STM32U535CCT6Q, STM32U535CCU6, STM32U535CCU6Q, STM32U535CET6, STM32U535CET6Q, STM32U535CEU6, STM32U535CEU6Q, STM32U535JEY6QTR, STM32U535NCY6QTR, STM32U535NEY6QTR, STM32U535RBI6, STM32U535RBI6Q, STM32U535RBT6, STM32U535RBT6Q, STM32U535RCI6, STM32U535RCI6Q, STM32U535RCT6, STM32U535RCT6Q, STM32U535REI6, STM32U535REI6Q, STM32U535RET6, STM32U535RET6Q, STM32U535VCI6, STM32U535VCI6Q, STM32U535VCT6, STM32U535VCT6Q, STM32U535VEI6, STM32U535VEI6Q, STM32U535VET6, STM32U535VET6Q, STM32U545CET6, STM32U545CET6Q, STM32U545CEU6, STM32U545CEU6Q, STM32U545JEY6QTR, STM32U545NEY6QTR, STM32U545REI6, STM32U545REI6Q, STM32U545RET6, STM32U545RET6Q, STM32U545VEI6, STM32U545VEI6Q, STM32U545VET6, STM32U545VET6Q, STM32U595AIH6, STM32U595AIH6Q, STM32U595AJH6, STM32U595AJH6Q, STM32U595QII6, STM32U595QII6Q, STM32U595QJI6, STM32U595QJI6Q, STM32U595RIT6, STM32U595RIT6Q, STM32U595RJT6, STM32U595RJT6Q, STM32U595VIT6, STM32U595VIT6Q, STM32U595VJT6, STM32U595VJT6Q, STM32U595ZIT6, STM32U595ZIT6Q, STM32U595ZIY6QTR, STM32U595ZJT6, STM32U595ZJT6Q, STM32U595ZJY6QTR, STM32U599BJY6QTR, STM32U599NIH6Q, STM32U599NJH6Q, STM32U599VIT6Q, STM32U599VJT6, STM32U599VJT6Q, STM32U599ZIT6Q, STM32U599ZIY6QTR, STM32U599ZJT6Q, STM32U599ZJY6QTR, STM32U5A5AJH6, STM32U5A5AJH6Q, STM32U5A5QJI6, STM32U5A5QJI6Q, STM32U5A5RJT6, STM32U5A5RJT6Q, STM32U5A5VJT6, STM32U5A5VJT6Q, STM32U5A5ZJT6, STM32U5A5ZJT6Q, STM32U5A5ZJY6QTR, STM32U5A9BJY6QTR, STM32U5A9J-DK, STM32U5A9NJH6Q, STM32U5A9VJT6Q, STM32U5A9ZJT6Q, STM32U5A9ZJY6QTR, STM32WB1MMCH6, STM32WBA52CEU6, STM32WBA52CEU6T, STM32WBA52CGU6, STM32WBA52CGU6T, STM32WL5MOCH6, STM32WL5MOCH6TR]
2024-11-01 18:00:17,675 [INFO] BoardInfo:880 - No configuration file found for board NUCLEO-C071RB
2024-11-01 18:00:17,675 [INFO] DbBoards:157 - Board is not supported: NUCLEO-C071RB
2024-11-01 18:00:17,714 [INFO] BoardInfo:880 - No configuration file found for board NUCLEO-H533RE
2024-11-01 18:00:17,714 [INFO] DbBoards:157 - Board is not supported: NUCLEO-H533RE
2024-11-01 18:00:17,723 [INFO] BoardInfo:880 - No configuration file found for board NUCLEO-H7S3L8
2024-11-01 18:00:17,723 [INFO] DbBoards:157 - Board is not supported: NUCLEO-H7S3L8
2024-11-01 18:00:17,751 [INFO] BoardInfo:880 - No configuration file found for board NUCLEO-U031R8
2024-11-01 18:00:17,751 [INFO] DbBoards:157 - Board is not supported: NUCLEO-U031R8
2024-11-01 18:00:17,752 [INFO] BoardInfo:880 - No configuration file found for board NUCLEO-U083RC
2024-11-01 18:00:17,753 [INFO] DbBoards:157 - Board is not supported: NUCLEO-U083RC
2024-11-01 18:00:17,757 [INFO] BoardInfo:880 - No configuration file found for board NUCLEO-WB05KZ
2024-11-01 18:00:17,757 [INFO] DbBoards:157 - Board is not supported: NUCLEO-WB05KZ
2024-11-01 18:00:17,758 [INFO] BoardInfo:880 - No configuration file found for board NUCLEO-WB07CC
2024-11-01 18:00:17,758 [INFO] DbBoards:157 - Board is not supported: NUCLEO-WB07CC
2024-11-01 18:00:17,759 [INFO] BoardInfo:880 - No configuration file found for board NUCLEO-WB09KE
2024-11-01 18:00:17,759 [INFO] DbBoards:157 - Board is not supported: NUCLEO-WB09KE
2024-11-01 18:00:17,762 [INFO] BoardInfo:880 - No configuration file found for board NUCLEO-WBA55CG
2024-11-01 18:00:17,762 [INFO] DbBoards:157 - Board is not supported: NUCLEO-WBA55CG
2024-11-01 18:00:17,766 [INFO] BoardInfo:880 - No configuration file found for board P-NUCLEO-WB55
2024-11-01 18:00:17,766 [INFO] DbBoards:157 - Kit is not supported: P-NUCLEO-WB55
2024-11-01 18:00:17,770 [INFO] BoardInfo:880 - No configuration file found for board STEVAL-BFA001V1B
2024-11-01 18:00:17,770 [INFO] DbBoards:157 - Kit is not supported: STEVAL-BFA001V1B
2024-11-01 18:00:17,771 [INFO] BoardInfo:880 - No configuration file found for board STEVAL-BFA001V2B
2024-11-01 18:00:17,771 [INFO] DbBoards:157 - Kit is not supported: STEVAL-BFA001V2B
2024-11-01 18:00:17,773 [INFO] BoardInfo:880 - No configuration file found for board STEVAL-MKBOXPRO
2024-11-01 18:00:17,773 [INFO] DbBoards:157 - Board is not supported: STEVAL-MKBOXPRO
2024-11-01 18:00:17,776 [INFO] BoardInfo:880 - No configuration file found for board STEVAL-SMARTAG2
2024-11-01 18:00:17,776 [INFO] DbBoards:157 - Board is not supported: STEVAL-SMARTAG2
2024-11-01 18:00:17,825 [INFO] BoardInfo:880 - No configuration file found for board STM32H7S78-DK
2024-11-01 18:00:17,825 [INFO] DbBoards:157 - Board is not supported: STM32H7S78-DK
2024-11-01 18:00:17,839 [INFO] BoardInfo:880 - No configuration file found for board STM32MP257F-DK
2024-11-01 18:00:17,839 [INFO] DbBoards:157 - Board is not supported: STM32MP257F-DK
2024-11-01 18:00:17,840 [INFO] BoardInfo:880 - No configuration file found for board STM32MP257F-EV1
2024-11-01 18:00:17,840 [INFO] DbBoards:157 - Board is not supported: STM32MP257F-EV1
2024-11-01 18:00:17,841 [INFO] BoardInfo:880 - No configuration file found for board STM32U083C-DK
2024-11-01 18:00:17,841 [INFO] DbBoards:157 - Board is not supported: STM32U083C-DK
2024-11-01 18:00:17,843 [INFO] BoardInfo:880 - No configuration file found for board STM32U5G9J-DK1
2024-11-01 18:00:17,843 [INFO] DbBoards:157 - Board is not supported: STM32U5G9J-DK1
2024-11-01 18:00:17,844 [INFO] BoardInfo:880 - No configuration file found for board STM32U5G9J-DK2
2024-11-01 18:00:17,844 [INFO] DbBoards:157 - Board is not supported: STM32U5G9J-DK2
2024-11-01 18:00:17,846 [INFO] BoardInfo:880 - No configuration file found for board STM32WBA55G-DK1
2024-11-01 18:00:17,846 [INFO] DbBoards:157 - Board is not supported: STM32WBA55G-DK1
2024-11-01 18:00:17,846 [INFO] DbBoards:161 - Found 201 boards, 180 are supported
2024-11-01 18:00:17,849 [INFO] ApiDb:668 - CubeFinder database Data Model version=2.1
2024-11-01 18:00:17,849 [INFO] ApiDb:669 - CubeFinder database Configuration version=3.0.39
2024-11-01 18:00:17,849 [INFO] ApiDb:670 - CubeFinder database generation date=2024-10-15 (1729006872)
2024-11-01 18:00:17,849 [INFO] ApiDb:671 - CubeFinder database FW Pack versions=[FP-ATR-ASTRA1_V2.0.0, FP-SNS-FLIGHT1_V5.0.2, FP-SNS-MOTENV1_V5.0.0, FP-SNS-MOTENVWB1_V1.4.0, FP-SNS-SMARTAG2_V1.2.0, FP-SNS-STBOX1_V2.0.0, STM32Cube_FW_C0_V1.2.0, STM32Cube_FW_F4_V1.28.1, STM32Cube_FW_F7_V1.17.2, STM32Cube_FW_G0_V1.6.2, STM32Cube_FW_G4_V1.6.0, STM32Cube_FW_H5_V1.3.0, STM32Cube_FW_H7RS_V1.1.0, STM32Cube_FW_H7_V1.11.2, STM32Cube_FW_L0_V1.12.2, STM32Cube_FW_L5_V1.5.1, STM32Cube_FW_U0_V1.1.0, STM32Cube_FW_U5_V1.6.0, STM32Cube_FW_WB0_V1.0.0, STM32Cube_FW_WBA_V1.4.1, STM32Cube_FW_WB_V1.20.0, STM32Cube_FW_WL_V1.3.0, X-CUBE-ALGOBUILD_V1.4.0, X-CUBE-ALS_V1.0.2, X-CUBE-AZRTOS-F4_V1.1.0, X-CUBE-AZRTOS-F7_V1.1.0, X-CUBE-AZRTOS-G0_V1.1.0, X-CUBE-AZRTOS-G4_V2.0.0, X-CUBE-AZRTOS-H7RS_V1.0.0, X-CUBE-AZRTOS-H7_V3.3.0, X-CUBE-AZRTOS-L4_V2.0.0, X-CUBE-AZRTOS-L5_V2.0.0, X-CUBE-AZRTOS-WB_V2.0.0, X-CUBE-AZRTOS-WL_V2.0.0, X-CUBE-BLE1_V7.0.0, X-CUBE-BLE2_V3.3.0, X-CUBE-BLEMGR_V3.1.0, X-CUBE-EEPRMA1_V5.1.0, X-CUBE-FREERTOS_V1.2.0, X-CUBE-GNSS1_V6.0.0, X-CUBE-MEMS1_V11.0.0, X-CUBE-NFC4_V3.0.0, X-CUBE-NFC7_V1.0.1, X-CUBE-SFXS2LP1_V4.0.0, X-CUBE-SUBG2_V5.0.0, X-CUBE-TOF1_V3.4.2]
2024-11-01 18:00:18,353 [WARN] PackLoader:240 - Cannot read IP mode file for STMicroelectronics.FP-SNS-MOTENVWB1.1.4.0
2024-11-01 18:00:18,367 [WARN] PackLoader:240 - Cannot read IP mode file for STMicroelectronics.X-CUBE-SMBUS.2.1.0
2024-11-01 18:00:18,380 [WARN] PackLoader:240 - Cannot read IP mode file for STMicroelectronics.X-CUBE-WB05N.1.1.0
2024-11-01 18:00:18,389 [WARN] PackLoader:240 - Cannot read IP mode file for STMicroelectronics.X-CUBE-TOUCHGFX.4.23.1
2024-11-01 18:00:18,398 [WARN] PackLoader:240 - Cannot read IP mode file for STMicroelectronics.X-CUBE-TOUCHGFX.4.23.0
2024-11-01 18:00:18,428 [WARN] PackLoader:240 - Cannot read IP mode file for STMicroelectronics.X-CUBE-AZRTOS-F7.1.1.0
2024-11-01 18:00:18,444 [WARN] PackLoader:240 - Cannot read IP mode file for STMicroelectronics.FP-SNS-MOTENV1.4.3.2
2024-11-01 18:00:18,517 [WARN] PackLoader:240 - Cannot read IP mode file for STMicroelectronics.X-CUBE-MEMS1.11.0.0
2024-11-01 18:00:18,661 [WARN] PackLoader:240 - Cannot read IP mode file for STMicroelectronics.FP-SNS-FLIGHT1.5.0.2
2024-11-01 18:00:18,684 [WARN] PackLoader:240 - Cannot read IP mode file for STMicroelectronics.X-CUBE-DISPLAY.3.0.0
2024-11-01 18:00:18,701 [WARN] PackLoader:240 - Cannot read IP mode file for STMicroelectronics.X-CUBE-BLE1.7.0.0
2024-11-01 18:00:18,716 [WARN] PackLoader:240 - Cannot read IP mode file for STMicroelectronics.X-CUBE-NFC10.1.0.0
2024-11-01 18:00:18,734 [WARN] PackLoader:240 - Cannot read IP mode file for emotas.I-CUBE-CANOPEN.1.3.0
2024-11-01 18:00:18,756 [WARN] PackLoader:240 - Cannot read IP mode file for STMicroelectronics.X-CUBE-BLEMGR.3.1.0
2024-11-01 18:00:18,772 [WARN] PackLoader:240 - Cannot read IP mode file for STMicroelectronics.FP-SNS-SMARTAG2.1.2.0
2024-11-01 18:00:18,796 [INFO] LogOutputStream:77 - [STDOUT_REDIRECT] 1 : Invalid condition id : UX_CORESTACK_Condition cause : null
2024-11-01 18:00:18,797 [INFO] LogOutputStream:77 - [STDOUT_REDIRECT] 1 : Invalid condition id : UX_CORESTACK_Condition cause : null
2024-11-01 18:00:18,800 [INFO] LogOutputStream:77 - [STDOUT_REDIRECT] 1 : Invalid condition id : UX_CORESTACK_Condition cause : null
2024-11-01 18:00:18,802 [INFO] LogOutputStream:77 - [STDOUT_REDIRECT] 1 : Invalid condition id : UX_CORESTACK_Condition cause : null
2024-11-01 18:00:18,803 [INFO] LogOutputStream:77 - [STDOUT_REDIRECT] 1 : Invalid condition id : UX_CORESTACK_Condition cause : null
2024-11-01 18:00:18,809 [WARN] PackLoader:240 - Cannot read IP mode file for STMicroelectronics.X-CUBE-AZRTOS-WL.2.0.0
2024-11-01 18:00:18,829 [WARN] PackLoader:240 - Cannot read IP mode file for STMicroelectronics.FP-SNS-MOTENV1.5.0.0
2024-11-01 18:00:18,842 [WARN] PackLoader:240 - Cannot read IP mode file for wolfSSL.I-CUBE-wolfMQTT.1.19.0
2024-11-01 18:00:18,863 [WARN] PackLoader:240 - Cannot read IP mode file for WES.I-CUBE-Cesium.1.3.0
2024-11-01 18:00:18,881 [WARN] PackLoader:240 - Cannot read IP mode file for STMicroelectronics.X-CUBE-BLE2.3.3.0
2024-11-01 18:00:18,898 [WARN] PackLoader:240 - Cannot read IP mode file for STMicroelectronics.X-CUBE-NFC9.1.0.0
2024-11-01 18:00:18,912 [WARN] PackLoader:240 - Cannot read IP mode file for STMicroelectronics.X-CUBE-TCPP.4.1.0
2024-11-01 18:00:18,926 [WARN] PackLoader:240 - Cannot read IP mode file for STMicroelectronics.X-CUBE-ALGOBUILD.1.3.0
2024-11-01 18:00:18,955 [WARN] PackLoader:240 - Cannot read IP mode file for STMicroelectronics.X-CUBE-AZRTOS-G0.1.1.0
2024-11-01 18:00:18,978 [WARN] PackLoader:240 - Cannot read IP mode file for STMicroelectronics.X-CUBE-SAFEA1.1.2.2
2024-11-01 18:00:18,998 [WARN] PackLoader:240 - Cannot read IP mode file for STMicroelectronics.X-CUBE-NFC4.3.0.0
2024-11-01 18:00:19,015 [ERROR] Engine:466 - C:\Users\tobia\.stm32cubemx\thirdparties\pdsc\EmbeddedOffice.I-CUBE-FS-RTOS.1.0.1.pdsc: PDSC version is not supported
2024-11-01 18:00:19,027 [ERROR] Engine:466 - C:\Users\tobia\.stm32cubemx\thirdparties\pdsc\RealThread.X-CUBE-RT-Thread_Nano.4.1.1.pdsc: PDSC version is not supported
2024-11-01 18:00:19,038 [WARN] PackLoader:240 - Cannot read IP mode file for STMicroelectronics.FP-ATR-SIGFOX1.3.2.0
2024-11-01 18:00:19,051 [WARN] PackLoader:240 - Cannot read IP mode file for STMicroelectronics.X-CUBE-EEPRMA1.5.1.0
2024-11-01 18:00:19,103 [WARN] PackLoader:240 - Cannot read IP mode file for SEGGER.I-CUBE-embOS.1.3.1
2024-11-01 18:00:19,212 [WARN] PackLoader:240 - Cannot read IP mode file for STMicroelectronics.X-CUBE-ALGOBUILD.1.4.0
2024-11-01 18:00:19,231 [WARN] PackLoader:240 - Cannot read IP mode file for STMicroelectronics.X-CUBE-AI.9.1.0
2024-11-01 18:00:19,250 [WARN] PackLoader:240 - Cannot read IP mode file for STMicroelectronics.X-CUBE-GNSS1.6.0.0
2024-11-01 18:00:19,273 [WARN] PackLoader:240 - Cannot read IP mode file for STMicroelectronics.X-CUBE-AZRTOS-F4.1.1.0
2024-11-01 18:00:19,288 [WARN] PackLoader:240 - Cannot read IP mode file for STMicroelectronics.X-CUBE-ISPU.2.1.0
2024-11-01 18:00:19,304 [WARN] PackLoader:240 - Cannot read IP mode file for STMicroelectronics.X-CUBE-FREERTOS.1.2.0
2024-11-01 18:00:19,317 [WARN] PackLoader:240 - Cannot read IP mode file for wolfSSL.I-CUBE-wolfSSL.5.6.6
2024-11-01 18:00:19,344 [WARN] PackLoader:240 - Cannot read IP mode file for STMicroelectronics.X-CUBE-AZRTOS-L5.2.0.0
2024-11-01 18:00:19,362 [WARN] PackLoader:240 - Cannot read IP mode file for STMicroelectronics.X-CUBE-NFC6.3.1.0
2024-11-01 18:00:19,382 [WARN] PackLoader:240 - Cannot read IP mode file for ITTIA_DB.I-CUBE-ITTIADB.8.8.0
2024-11-01 18:00:19,396 [ERROR] Engine:466 - C:\Users\tobia\.stm32cubemx\thirdparties\pdsc\STMicroelectronics.X-CUBE-DPower.1.2.0.pdsc: PDSC version is not supported
2024-11-01 18:00:19,414 [WARN] PackLoader:240 - Cannot read IP mode file for STMicroelectronics.X-CUBE-NFC7.1.0.1
2024-11-01 18:00:19,433 [WARN] PackLoader:240 - Cannot read IP mode file for STMicroelectronics.X-CUBE-NFC6.3.0.0
2024-11-01 18:00:19,445 [WARN] PackLoader:240 - Cannot read IP mode file for STMicroelectronics.X-CUBE-AI.8.1.0
2024-11-01 18:00:19,506 [WARN] ConditionMgr:438 - getConditionDescription Invalid condition id : LAN8742 Phy interface Condition cause : null
2024-11-01 18:00:19,507 [WARN] PackLoader:240 - Cannot read IP mode file for STMicroelectronics.X-CUBE-AZRTOS-L4.2.0.0
2024-11-01 18:00:19,509 [WARN] ConditionMgr:1039 - genDependencies : Invalid condition id : LAN8742 Phy interface Condition cause : null
2024-11-01 18:00:19,509 [WARN] ConditionMgr:1039 - genDependencies : Invalid condition id : LAN8742 Phy interface Condition cause : null
2024-11-01 18:00:19,510 [WARN] ConditionMgr:1039 - genDependencies : Invalid condition id : LAN8742 Phy interface Condition cause : null
2024-11-01 18:00:19,528 [WARN] PackLoader:240 - Cannot read IP mode file for STMicroelectronics.X-CUBE-SFXS2LP1.4.0.0
2024-11-01 18:00:19,560 [WARN] PackLoader:240 - Cannot read IP mode file for STMicroelectronics.X-CUBE-AZRTOS-H7.3.3.0
2024-11-01 18:00:19,577 [ERROR] Engine:466 - C:\Users\tobia\.stm32cubemx\thirdparties\pdsc\STMicroelectronics.X-CUBE-IPS.3.0.0.pdsc: PDSC version is not supported
2024-11-01 18:00:19,603 [WARN] ConditionMgr:438 - getConditionDescription Invalid condition id : UX DEVICE CLASS RTOS Condition cause : null
2024-11-01 18:00:19,603 [WARN] ConditionMgr:438 - getConditionDescription Invalid condition id : UX DEVICE CLASS RTOS Condition cause : null
2024-11-01 18:00:19,604 [WARN] PackLoader:240 - Cannot read IP mode file for STMicroelectronics.X-CUBE-AZRTOS-WB.2.0.0
2024-11-01 18:00:19,605 [WARN] ConditionMgr:1039 - genDependencies : Invalid condition id : UX DEVICE CLASS RTOS Condition cause : null
2024-11-01 18:00:19,605 [WARN] ConditionMgr:1039 - genDependencies : Invalid condition id : UX DEVICE CLASS RTOS Condition cause : null
2024-11-01 18:00:19,606 [WARN] ConditionMgr:1039 - genDependencies : Invalid condition id : UX DEVICE CLASS RTOS Condition cause : null
2024-11-01 18:00:19,606 [WARN] ConditionMgr:1039 - genDependencies : Invalid condition id : UX DEVICE CLASS RTOS Condition cause : null
2024-11-01 18:00:19,606 [WARN] ConditionMgr:1039 - genDependencies : Invalid condition id : UX DEVICE CLASS RTOS Condition cause : null
2024-11-01 18:00:19,622 [WARN] PackLoader:240 - Cannot read IP mode file for STMicroelectronics.X-CUBE-GNSS1.7.0.0
2024-11-01 18:00:19,636 [ERROR] Engine:466 - C:\Users\tobia\.stm32cubemx\thirdparties\pdsc\STMicroelectronics.FP-SNS-STBOX1.2.0.0.pdsc: PDSC version is not supported
2024-11-01 18:00:19,654 [WARN] PackLoader:240 - Cannot read IP mode file for STMicroelectronics.X-CUBE-SUBG2.5.0.0
2024-11-01 18:00:19,671 [WARN] PackLoader:240 - Cannot read IP mode file for Cesanta.I-CUBE-Mongoose.7.13.0
2024-11-01 18:00:19,694 [WARN] PackLoader:240 - Cannot read IP mode file for STMicroelectronics.X-CUBE-AZRTOS-G4.2.0.0
2024-11-01 18:00:19,720 [WARN] PackLoader:240 - Cannot read IP mode file for Infineon.AIROC-Wi-Fi-Bluetooth-STM32.1.5.1
2024-11-01 18:00:19,736 [WARN] PackLoader:240 - Cannot read IP mode file for STMicroelectronics.FP-SNS-MOTENVWB1.1.3.1
2024-11-01 18:00:19,750 [WARN] PackLoader:240 - Cannot read IP mode file for STMicroelectronics.X-CUBE-ISPU.2.0.0
2024-11-01 18:00:19,764 [WARN] PackLoader:240 - Cannot read IP mode file for STMicroelectronics.X-CUBE-ALS.1.0.2
2024-11-01 18:00:19,816 [WARN] PackLoader:240 - Cannot read IP mode file for STMicroelectronics.X-CUBE-MEMS1.10.0.0
2024-11-01 18:00:19,967 [WARN] PackLoader:240 - Cannot read IP mode file for STMicroelectronics.X-CUBE-FREERTOS.1.1.0
2024-11-01 18:00:19,983 [WARN] PackLoader:240 - Cannot read IP mode file for STMicroelectronics.X-CUBE-TOUCHGFX.4.24.1
2024-11-01 18:00:19,998 [WARN] PackLoader:240 - Cannot read IP mode file for wolfSSL.I-CUBE-wolfTPM.3.4.0
2024-11-01 18:00:20,012 [WARN] PackLoader:240 - Cannot read IP mode file for portGmbH.I-Cube-SoM-uGOAL.1.1.0
2024-11-01 18:00:20,024 [WARN] PackLoader:240 - Cannot read IP mode file for STMicroelectronics.X-CUBE-ALS.1.0.1
2024-11-01 18:00:20,049 [WARN] PackLoader:240 - Cannot read IP mode file for STMicroelectronics.X-CUBE-AZRTOS-H7RS.1.0.0
2024-11-01 18:00:20,065 [WARN] PackLoader:240 - Cannot read IP mode file for STMicroelectronics.FP-ATR-ASTRA1.2.0.0
2024-11-01 18:00:20,065 [INFO] ApiDb:240 - Found 297 in-development CPN: [B-G473E-ZEST1S, B-WB1M-WPAN1, B-WL5M-SUBG1, NUCLEO-C031C6, NUCLEO-H503RB, NUCLEO-H563ZI, NUCLEO-U545RE-Q, NUCLEO-U5A5ZJ-Q, NUCLEO-WBA52CG, STEVAL-PROTEUS1, STEVAL-STWINBX1, STM320518-EVAL, STM32C0116-DK, STM32C011D6Y3TR, STM32C011D6Y6TR, STM32C011F4P3, STM32C011F4P6, STM32C011F4U3, STM32C011F4U6TR, STM32C011F6P3, STM32C011F6P6, STM32C011F6U3, STM32C011F6U6TR, STM32C011J4M3, STM32C011J4M6, STM32C011J6M3, STM32C011J6M6, STM32C0316-DK, STM32C031C4T3, STM32C031C4T6, STM32C031C4U3, STM32C031C4U6, STM32C031C6T3, STM32C031C6T6, STM32C031C6U3, STM32C031C6U6, STM32C031F4P3, STM32C031F4P6, STM32C031F6P3, STM32C031F6P6, STM32C031G4U3, STM32C031G4U6, STM32C031G6U3, STM32C031G6U6, STM32C031K4T3, STM32C031K4T6, STM32C031K4U3, STM32C031K4U6, STM32C031K6T3, STM32C031K6T6, STM32C031K6U3, STM32C031K6U6, STM32G071K8TXN, STM32G071K8UXN, STM32G081GBU6N, STM32G081KBT6N, STM32G081KBUXN, STM32G0B1CCT6N, STM32G0B1KCT6, STM32G0B1NEY6TR, STM32G0B1RCT6N, STM32G0C1CCT6, STM32G0C1CCT6N, STM32G0C1CCU6N, STM32G0C1CET6N, STM32G0C1CEU6N, STM32G0C1KCT6, STM32G0C1NEY6TR, STM32G0C1RCI6N, STM32G0C1RCT6N, STM32G0C1REI6N, STM32G0C1RET6N, STM32G0C1VCI6, STM32G0C1VEI6, STM32G471CCT6, STM32G471CCU6, STM32G471CET3, STM32G471CET6, STM32G471CEU3, STM32G471CEU6, STM32G471MCT6, STM32G471MET3, STM32G471MET6, STM32G471MEY6TR, STM32G471QCT6, STM32G471QET3, STM32G471RCT6, STM32G471RET3, STM32G471RET6, STM32G471VCH6, STM32G471VCI6, STM32G471VCT6, STM32G471VEH3, STM32G471VEH6, STM32G471VEI3, STM32G471VEI6, STM32G471VET3, STM32G471VET6, STM32G474CCT6, STM32H503CBT6, STM32H503CBU6, STM32H503EBY6TR, STM32H503KBU6, STM32H503RBT6, STM32H562AGI6, STM32H562AII6, STM32H562IGK6, STM32H562IGT6, STM32H562IIK6, STM32H562IIT6, STM32H562RGT6, STM32H562RGV6, STM32H562RIT6, STM32H562RIV6, STM32H562VGT6, STM32H562VIT6, STM32H562ZGT6, STM32H562ZIT6, STM32H563AGI6, STM32H563AII3Q, STM32H563AII6, STM32H563IGK6, STM32H563IGT6, STM32H563IIK3Q, STM32H563IIK6, STM32H563IIT3Q, STM32H563IIT6, STM32H563MIY3QTR, STM32H563RGT6, STM32H563RGV6, STM32H563RIT6, STM32H563RIV6, STM32H563VGT6, STM32H563VIT3Q, STM32H563VIT6, STM32H563ZGT6, STM32H563ZIT3Q, STM32H563ZIT6, STM32H573AII3Q, STM32H573AII6, STM32H573I-DK, STM32H573IIK3Q, STM32H573IIK6, STM32H573IIT3Q, STM32H573IIT6, STM32H573MIY3QTR, STM32H573RIT6, STM32H573RIV6, STM32H573VIT3Q, STM32H573VIT6, STM32H573ZIT3Q, STM32H573ZIT6, STM32L4R5QGI6STR, STM32MP131AAE3, STM32MP131AAF3, STM32MP131AAG3, STM32MP131CAE3, STM32MP131CAF3, STM32MP131CAG3, STM32MP131DAE7, STM32MP131DAF7, STM32MP131DAG7, STM32MP131FAE7, STM32MP131FAF7, STM32MP131FAG7, STM32MP133AAE3, STM32MP133AAF3, STM32MP133AAG3, STM32MP133CAE3, STM32MP133CAF3, STM32MP133CAG3, STM32MP133DAE7, STM32MP133DAF7, STM32MP133DAG7, STM32MP133FAE7, STM32MP133FAF7, STM32MP133FAG7, STM32MP135AAE3, STM32MP135AAF3, STM32MP135AAG3, STM32MP135CAE3, STM32MP135CAF3, STM32MP135CAG3, STM32MP135DAE7, STM32MP135DAF7, STM32MP135DAG7, STM32MP135F-DK, STM32MP135FAE7, STM32MP135FAF7, STM32MP135FAF7T, STM32MP135FAF7U, STM32MP135FAG7, STM32U535CBT6, STM32U535CBT6Q, STM32U535CBU6, STM32U535CBU6Q, STM32U535CCT6, STM32U535CCT6Q, STM32U535CCU6, STM32U535CCU6Q, STM32U535CET6, STM32U535CET6Q, STM32U535CEU6, STM32U535CEU6Q, STM32U535JEY6QTR, STM32U535NCY6QTR, STM32U535NEY6QTR, STM32U535RBI6, STM32U535RBI6Q, STM32U535RBT6, STM32U535RBT6Q, STM32U535RCI6, STM32U535RCI6Q, STM32U535RCT6, STM32U535RCT6Q, STM32U535REI6, STM32U535REI6Q, STM32U535RET6, STM32U535RET6Q, STM32U535VCI6, STM32U535VCI6Q, STM32U535VCT6, STM32U535VCT6Q, STM32U535VEI6, STM32U535VEI6Q, STM32U535VET6, STM32U535VET6Q, STM32U545CET6, STM32U545CET6Q, STM32U545CEU6, STM32U545CEU6Q, STM32U545JEY6QTR, STM32U545NEY6QTR, STM32U545REI6, STM32U545REI6Q, STM32U545RET6, STM32U545RET6Q, STM32U545VEI6, STM32U545VEI6Q, STM32U545VET6, STM32U545VET6Q, STM32U595AIH6, STM32U595AIH6Q, STM32U595AJH6, STM32U595AJH6Q, STM32U595QII6, STM32U595QII6Q, STM32U595QJI6, STM32U595QJI6Q, STM32U595RIT6, STM32U595RIT6Q, STM32U595RJT6, STM32U595RJT6Q, STM32U595VIT6, STM32U595VIT6Q, STM32U595VJT6, STM32U595VJT6Q, STM32U595ZIT6, STM32U595ZIT6Q, STM32U595ZIY6QTR, STM32U595ZJT6, STM32U595ZJT6Q, STM32U595ZJY6QTR, STM32U599BJY6QTR, STM32U599NIH6Q, STM32U599NJH6Q, STM32U599VIT6Q, STM32U599VJT6, STM32U599VJT6Q, STM32U599ZIT6Q, STM32U599ZIY6QTR, STM32U599ZJT6Q, STM32U599ZJY6QTR, STM32U5A5AJH6, STM32U5A5AJH6Q, STM32U5A5QJI6, STM32U5A5QJI6Q, STM32U5A5RJT6, STM32U5A5RJT6Q, STM32U5A5VJT6, STM32U5A5VJT6Q, STM32U5A5ZJT6, STM32U5A5ZJT6Q, STM32U5A5ZJY6QTR, STM32U5A9BJY6QTR, STM32U5A9J-DK, STM32U5A9NJH6Q, STM32U5A9VJT6Q, STM32U5A9ZJT6Q, STM32U5A9ZJY6QTR, STM32WB1MMCH6, STM32WBA52CEU6, STM32WBA52CEU6T, STM32WBA52CGU6, STM32WBA52CGU6T, STM32WL5MOCH6, STM32WL5MOCH6TR]
2024-11-01 18:00:20,072 [INFO] DbMcus:216 - Found 4180 MCUs, 4180 are supported
2024-11-01 18:00:20,076 [INFO] ApiDb:423 - Load user favorites file C:\Users\tobia/.stm32cubeide/favorites.mcus.txt: 0 item(s)
2024-11-01 18:00:20,077 [INFO] ApiDb:427 - User favorites MCUs=[]
2024-11-01 18:00:20,077 [INFO] DbMcus:222 - Set 0 / 0 favorites MCUs
2024-11-01 18:00:20,083 [ERROR] Engine:466 - C:\Users\tobia\.stm32cubemx\thirdparties\pdsc\STMicroelectronics.X-CUBE-TOF1.3.4.2.pdsc: PDSC version is not supported
2024-11-01 18:00:20,105 [WARN] PackLoader:240 - Cannot read IP mode file for STMicroelectronics.X-CUBE-TOF1.3.4.1
2024-11-01 18:00:20,151 [WARN] PackLoader:240 - Cannot read IP mode file for STMicroelectronics.X-CUBE-AZRTOS-H7.3.2.0
2024-11-01 18:00:20,166 [WARN] PackLoader:240 - Cannot read IP mode file for wolfSSL.I-CUBE-wolfSSH.1.4.17
2024-11-01 18:00:20,167 [INFO] ThirdParty:978 - Integrity check success = true
2024-11-01 18:00:20,167 [INFO] IntegrityCheckThread:100 - exiting critical section [integrity check]
2024-11-01 18:00:20,167 [INFO] IntegrityCheckThread:103 - End integrity checks thread
2024-11-01 18:00:20,479 [INFO] ApiDb:423 - Load user favorites file C:\Users\tobia/.stm32cubeide/favorites.boards.txt: 0 item(s)
2024-11-01 18:00:20,479 [INFO] ApiDb:427 - User favorites Boards=[]
2024-11-01 18:00:20,480 [INFO] DbBoards:190 - Set 0 / 0 favorites Boards
2024-11-01 18:00:20,480 [INFO] McuFinderGlobals:66 - Set McuFinderConnectedMode to true
2024-11-01 18:00:20,491 [INFO] MultiScanPanel:200 - Auto-refresh data requested => check proxy status ongoing
2024-11-01 18:00:20,496 [INFO] FinderPluginLoader:95 - Searching for filters in installed packs
2024-11-01 18:00:21,910 [INFO] LoadUrlFilesThread:185 - End of LoadServerUrlFiles without Thread
2024-11-01 18:00:21,945 [INFO] DetailPanel:341 - Set advertising image to C:/Users/tobia/STM32Cube/Repository/\en.prom-stm32c071-usb-memories-mcu-finder.png
2024-11-01 18:02:48,354 [INFO] McuFinderGlobals:66 - Set McuFinderConnectedMode to true
2024-11-01 18:02:48,356 [INFO] ApiDb:448 - Save user favorites file C:\Users\tobia/.stm32cubeide/favorites.mcus.txt: 0 item(s)
2024-11-01 18:02:48,356 [INFO] ApiDb:452 - User favorites MCUs=[]
