2024-10-20 17:18:49,397 [INFO] Activator:176 - 


2024-10-20 17:18:49,400 [INFO] Activator:177 - !SESSION log4j initialized
2024-10-20 17:18:52,847 [INFO] LogOutputStream:77 - [STDOUT_REDIRECT] 
2024-10-20 17:20:06,028 [INFO] ApplicationProperties:184 - Using Application install path: C:\ST\STM32CubeIDE_1.12.0\STM32CubeIDE\plugins\com.st.stm32cube.common.mx_6.8.0.202302231600
2024-10-20 17:20:06,072 [INFO] DbMcusXml:78 - Set database path to: C:\ST\STM32CubeIDE_1.12.0\STM32CubeIDE\plugins\com.st.stm32cube.common.mx_6.8.0.202302231600\\db\/mcu/
2024-10-20 17:20:06,073 [INFO] ApiDb:274 - Set plugin database path to: C:\ST\STM32CubeIDE_1.12.0\STM32CubeIDE\plugins\com.st.stm32cube.common.mx_6.8.0.202302231600\\db\/plugins/boardmanager/
2024-10-20 17:20:06,078 [WARN] ApiDb:259 - Overriding images path with different value:  => C:\ST\STM32CubeIDE_1.12.0\STM32CubeIDE\plugins\com.st.stm32cube.common.mx_6.8.0.202302231600\\db\/plugins/mcufinder/images/
2024-10-20 17:20:06,117 [INFO] ApiDb:250 - Set database path to: C:\Users\tobia\.stmcufinder\plugins\mcufinder//mcu/
2024-10-20 17:20:06,122 [INFO] DbMcusAds:125 - Set database path to: C:\Users\tobia\.stmcufinder\plugins\mcufinder//mcu/
2024-10-20 17:20:06,136 [INFO] CrossReferenceDbSqlite:203 - Set database path to: C:\Users\tobia\.stmcufinder\plugins\mcufinder//mcu/cs/
2024-10-20 17:20:06,368 [INFO] RulesReader:64 - Compatibility file has been processed (293 Rules)
2024-10-20 17:20:06,522 [INFO] DbMcusXml:78 - Set database path to: C:\ST\STM32CubeIDE_1.12.0\STM32CubeIDE\plugins\com.st.stm32cube.common.mx_6.8.0.202302231600\\db\/mcu/
2024-10-20 17:20:06,523 [INFO] ApiDb:274 - Set plugin database path to: C:\ST\STM32CubeIDE_1.12.0\STM32CubeIDE\plugins\com.st.stm32cube.common.mx_6.8.0.202302231600\\db\/plugins/boardmanager/
2024-10-20 17:20:06,523 [INFO] ApiDb:261 - Set plugin images path to: C:\ST\STM32CubeIDE_1.12.0\STM32CubeIDE\plugins\com.st.stm32cube.common.mx_6.8.0.202302231600\\db\/plugins/mcufinder/images/
2024-10-20 17:20:06,524 [WARN] DbFile:41 - Overriding database path with different value: C:\Users\tobia\.stmcufinder\plugins\mcufinder/ => C:\Users\tobia\.stmcufinder\plugins\mcufinder
2024-10-20 17:20:06,524 [INFO] ApiDb:250 - Set database path to: C:\Users\tobia\.stmcufinder\plugins\mcufinder//mcu/
2024-10-20 17:20:06,524 [WARN] DbFile:41 - Overriding database path with different value: C:\Users\tobia\.stmcufinder\plugins\mcufinder/ => C:\Users\tobia\.stmcufinder\plugins\mcufinder
2024-10-20 17:20:06,524 [INFO] DbMcusAds:125 - Set database path to: C:\Users\tobia\.stmcufinder\plugins\mcufinder//mcu/
2024-10-20 17:20:06,525 [WARN] DbFile:41 - Overriding database path with different value: C:\Users\tobia\.stmcufinder\plugins\mcufinder/ => C:\Users\tobia\.stmcufinder\plugins\mcufinder
2024-10-20 17:20:06,525 [WARN] DbFile:41 - Overriding database path with different value: C:\Users\tobia\.stmcufinder\plugins\mcufinder/ => C:\Users\tobia\.stmcufinder\plugins\mcufinder
2024-10-20 17:20:06,525 [INFO] CrossReferenceDbSqlite:203 - Set database path to: C:\Users\tobia\.stmcufinder\plugins\mcufinder//mcu/cs/
2024-10-20 17:20:06,665 [INFO] MainPanel:253 - HeapMemory: 268435456
2024-10-20 17:20:06,862 [INFO] DbMcusXml:78 - Set database path to: C:\ST\STM32CubeIDE_1.12.0\STM32CubeIDE\plugins\com.st.stm32cube.common.mx_6.8.0.202302231600\\db\/mcu/
2024-10-20 17:20:06,862 [INFO] ApiDb:274 - Set plugin database path to: C:\ST\STM32CubeIDE_1.12.0\STM32CubeIDE\plugins\com.st.stm32cube.common.mx_6.8.0.202302231600\\db\/plugins/boardmanager/
2024-10-20 17:20:06,863 [INFO] ApiDb:261 - Set plugin images path to: C:\ST\STM32CubeIDE_1.12.0\STM32CubeIDE\plugins\com.st.stm32cube.common.mx_6.8.0.202302231600\\db\/plugins/mcufinder/images/
2024-10-20 17:20:06,864 [WARN] DbFile:41 - Overriding database path with different value: C:\Users\tobia\.stmcufinder\plugins\mcufinder/ => C:\Users\tobia\.stmcufinder\plugins\mcufinder
2024-10-20 17:20:06,864 [INFO] ApiDb:250 - Set database path to: C:\Users\tobia\.stmcufinder\plugins\mcufinder//mcu/
2024-10-20 17:20:06,864 [WARN] DbFile:41 - Overriding database path with different value: C:\Users\tobia\.stmcufinder\plugins\mcufinder/ => C:\Users\tobia\.stmcufinder\plugins\mcufinder
2024-10-20 17:20:06,865 [INFO] DbMcusAds:125 - Set database path to: C:\Users\tobia\.stmcufinder\plugins\mcufinder//mcu/
2024-10-20 17:20:06,865 [WARN] DbFile:41 - Overriding database path with different value: C:\Users\tobia\.stmcufinder\plugins\mcufinder/ => C:\Users\tobia\.stmcufinder\plugins\mcufinder
2024-10-20 17:20:06,865 [WARN] DbFile:41 - Overriding database path with different value: C:\Users\tobia\.stmcufinder\plugins\mcufinder/ => C:\Users\tobia\.stmcufinder\plugins\mcufinder
2024-10-20 17:20:06,865 [INFO] CrossReferenceDbSqlite:203 - Set database path to: C:\Users\tobia\.stmcufinder\plugins\mcufinder//mcu/cs/
2024-10-20 17:20:06,900 [INFO] ApplicationProperties:184 - Using Application install path: C:\ST\STM32CubeIDE_1.12.0\STM32CubeIDE\plugins\com.st.stm32cube.common.mx_6.8.0.202302231600
2024-10-20 17:20:06,904 [INFO] PluginManage:196 - Search for loadable plugins [exclusion list=, ]
2024-10-20 17:20:06,907 [INFO] PluginManage:310 - Check plugin analytics
2024-10-20 17:20:07,246 [INFO] AnalyticsPlugin:253 - Accepted Software Licenses: 
2024-10-20 17:20:07,247 [INFO] AnalyticsPlugin:255 - Accepted CMSIS Pack Licenses: 
2024-10-20 17:20:07,247 [INFO] AnalyticsPlugin:257 - Accepted Firmware Licenses: 
2024-10-20 17:20:07,262 [INFO] PluginManage:359 - Loaded plugin analytics (category:tool,tabindex:-1)
2024-10-20 17:20:07,262 [INFO] PluginManage:310 - Check plugin cadmodel
2024-10-20 17:20:07,289 [INFO] CADModel:105 - Init CAD model plugin
2024-10-20 17:20:07,290 [INFO] PluginManage:359 - Loaded plugin cadmodel (category:power,tabindex:5)
2024-10-20 17:20:07,290 [INFO] PluginManage:310 - Check plugin clock
2024-10-20 17:20:07,349 [INFO] PluginManage:359 - Loaded plugin clock (category:base,tabindex:2)
2024-10-20 17:20:07,349 [INFO] PluginManage:310 - Check plugin ddr
2024-10-20 17:20:07,354 [INFO] PluginManage:359 - Loaded plugin ddr (category:tool,tabindex:6)
2024-10-20 17:20:07,354 [INFO] PluginManage:310 - Check plugin filemanager
2024-10-20 17:20:07,612 [INFO] PluginManage:359 - Loaded plugin filemanager (category:base,tabindex:10)
2024-10-20 17:20:07,613 [INFO] PluginManage:310 - Check plugin ipmanager
2024-10-20 17:20:07,627 [INFO] PluginManage:359 - Loaded plugin ipmanager (category:base,tabindex:5)
2024-10-20 17:20:07,628 [INFO] PluginManage:310 - Check plugin lpbam
2024-10-20 17:20:07,659 [INFO] PluginManage:359 - Loaded plugin lpbam (category:base,tabindex:0)
2024-10-20 17:20:07,660 [INFO] PluginManage:310 - Check plugin pinoutandconfiguration
2024-10-20 17:20:07,693 [INFO] PluginManage:359 - Loaded plugin pinoutandconfiguration (category:base,tabindex:1)
2024-10-20 17:20:07,693 [INFO] PluginManage:310 - Check plugin pinoutconfig
2024-10-20 17:20:07,882 [WARN] SupportedApi:132 - Cannot load RTOS API schema: s4s-elt-must-match.1: The content of 'definitions' must match (annotation?, (simpleType | complexType)?, (unique | key | keyref)*)). A problem was found starting at: attribute.
2024-10-20 17:20:08,166 [INFO] PluginManage:359 - Loaded plugin pinoutconfig (category:base,tabindex:0)
2024-10-20 17:20:08,166 [INFO] PluginManage:310 - Check plugin power
2024-10-20 17:20:08,196 [INFO] PluginManage:359 - Loaded plugin power (category:power,tabindex:4)
2024-10-20 17:20:08,196 [INFO] PluginManage:310 - Check plugin projectmanager
2024-10-20 17:20:08,229 [INFO] PluginManage:359 - Loaded plugin projectmanager (category:projectmanager,tabindex:3)
2024-10-20 17:20:08,229 [INFO] PluginManage:310 - Check plugin thirdparty
2024-10-20 17:20:08,686 [INFO] PluginManage:359 - Loaded plugin thirdparty (category:base,tabindex:-1)
2024-10-20 17:20:08,686 [INFO] PluginManage:310 - Check plugin tools
2024-10-20 17:20:08,687 [WARN] IntegrityCheckThread:84 - waiting for thirdparty lock release [integrity check]
2024-10-20 17:20:08,688 [INFO] IntegrityCheckThread:86 - entering critical section [integrity check]
2024-10-20 17:20:08,692 [INFO] ThirdPartyUpdaterWithRetryManager:70 - Updater plugin not ready yet. [1/15]
2024-10-20 17:20:08,747 [INFO] PluginManage:359 - Loaded plugin tools (category:base,tabindex:7)
2024-10-20 17:20:08,747 [INFO] PluginManage:310 - Check plugin tutovideos
2024-10-20 17:20:09,193 [INFO] PluginManage:359 - Loaded plugin tutovideos (category:base,tabindex:-1)
2024-10-20 17:20:09,193 [INFO] PluginManage:310 - Check plugin updater
2024-10-20 17:20:09,219 [INFO] PluginManage:359 - Loaded plugin updater (category:base,tabindex:12)
2024-10-20 17:20:09,221 [INFO] PluginManage:283 - PluginManage : Loaded plugins [15]
2024-10-20 17:20:09,712 [INFO] PinOutPanel:1499 - setPackage(No Configuration,No Configuration)
2024-10-20 17:20:09,824 [INFO] CADModel:165 - CPN selected for project level
2024-10-20 17:20:09,825 [INFO] CADModel:114 - Register for checkConnection events
2024-10-20 17:20:09,880 [INFO] IPUIPlugin:80 - create IPUIPlugin
2024-10-20 17:20:09,881 [INFO] PluginManager:220 - loadIPPluginJar : add adc
2024-10-20 17:20:09,943 [INFO] IPUIPlugin:80 - create IPUIPlugin
2024-10-20 17:20:09,943 [INFO] PluginManager:220 - loadIPPluginJar : add aes
2024-10-20 17:20:10,009 [INFO] IPUIPlugin:80 - create IPUIPlugin
2024-10-20 17:20:10,009 [INFO] PluginManager:220 - loadIPPluginJar : add can
2024-10-20 17:20:10,047 [INFO] IPUIPlugin:80 - create IPUIPlugin
2024-10-20 17:20:10,047 [INFO] PluginManager:220 - loadIPPluginJar : add comp
2024-10-20 17:20:10,099 [INFO] IPUIPlugin:80 - create IPUIPlugin
2024-10-20 17:20:10,100 [INFO] PluginManager:220 - loadIPPluginJar : add cryp
2024-10-20 17:20:10,155 [INFO] IPUIPlugin:80 - create IPUIPlugin
2024-10-20 17:20:10,156 [INFO] PluginManager:220 - loadIPPluginJar : add dfsdm
2024-10-20 17:20:10,182 [INFO] IPUIPlugin:80 - create IPUIPlugin
2024-10-20 17:20:10,184 [INFO] PluginManager:220 - loadIPPluginJar : add dma
2024-10-20 17:20:10,257 [INFO] IPUIPlugin:80 - create IPUIPlugin
2024-10-20 17:20:10,257 [INFO] PluginManager:220 - loadIPPluginJar : add dma3
2024-10-20 17:20:10,291 [INFO] IPUIPlugin:80 - create IPUIPlugin
2024-10-20 17:20:10,291 [INFO] PluginManager:220 - loadIPPluginJar : add fatfs
2024-10-20 17:20:10,361 [INFO] IPUIPlugin:80 - create IPUIPlugin
2024-10-20 17:20:10,362 [INFO] PluginManager:220 - loadIPPluginJar : add fmc
2024-10-20 17:20:10,389 [INFO] IPUIPlugin:80 - create IPUIPlugin
2024-10-20 17:20:10,390 [INFO] PluginManager:220 - loadIPPluginJar : add freertos
2024-10-20 17:20:10,424 [INFO] IPUIPlugin:80 - create IPUIPlugin
2024-10-20 17:20:10,425 [INFO] PluginManager:220 - loadIPPluginJar : add genericplugin
2024-10-20 17:20:10,566 [INFO] IPUIPlugin:80 - create IPUIPlugin
2024-10-20 17:20:10,566 [INFO] PluginManager:220 - loadIPPluginJar : add gfxmmu
2024-10-20 17:20:10,832 [INFO] IPUIPlugin:80 - create IPUIPlugin
2024-10-20 17:20:10,833 [INFO] PluginManager:220 - loadIPPluginJar : add gic
2024-10-20 17:20:10,858 [INFO] IPUIPlugin:80 - create IPUIPlugin
2024-10-20 17:20:10,859 [INFO] PluginManager:220 - loadIPPluginJar : add gpio
2024-10-20 17:20:10,995 [INFO] IPUIPlugin:80 - create IPUIPlugin
2024-10-20 17:20:10,995 [INFO] PluginManager:220 - loadIPPluginJar : add gtzc
2024-10-20 17:20:11,072 [INFO] IPUIPlugin:80 - create IPUIPlugin
2024-10-20 17:20:11,072 [INFO] PluginManager:220 - loadIPPluginJar : add hash
2024-10-20 17:20:11,148 [INFO] IPUIPlugin:80 - create IPUIPlugin
2024-10-20 17:20:11,148 [INFO] PluginManager:220 - loadIPPluginJar : add i2c
2024-10-20 17:20:11,228 [INFO] IPUIPlugin:80 - create IPUIPlugin
2024-10-20 17:20:11,229 [INFO] PluginManager:220 - loadIPPluginJar : add i2s
2024-10-20 17:20:11,305 [INFO] IPUIPlugin:80 - create IPUIPlugin
2024-10-20 17:20:11,306 [INFO] PluginManager:220 - loadIPPluginJar : add i3c
2024-10-20 17:20:11,508 [INFO] IPUIPlugin:80 - create IPUIPlugin
2024-10-20 17:20:11,509 [INFO] PluginManager:220 - loadIPPluginJar : add ipddr
2024-10-20 17:20:11,673 [INFO] IPUIPlugin:80 - create IPUIPlugin
2024-10-20 17:20:11,674 [INFO] PluginManager:220 - loadIPPluginJar : add linkedlist
2024-10-20 17:20:11,706 [INFO] ThirdPartyUpdaterWithRetryManager:70 - Updater plugin not ready yet. [2/15]
2024-10-20 17:20:11,743 [INFO] IPUIPlugin:80 - create IPUIPlugin
2024-10-20 17:20:11,743 [INFO] PluginManager:220 - loadIPPluginJar : add lorawan
2024-10-20 17:20:11,814 [INFO] IPUIPlugin:80 - create IPUIPlugin
2024-10-20 17:20:11,814 [INFO] PluginManager:220 - loadIPPluginJar : add ltdc
2024-10-20 17:20:11,841 [INFO] IPUIPlugin:80 - create IPUIPlugin
2024-10-20 17:20:11,842 [INFO] PluginManager:220 - loadIPPluginJar : add mdma
2024-10-20 17:20:11,862 [INFO] IPUIPlugin:80 - create IPUIPlugin
2024-10-20 17:20:11,863 [INFO] PluginManager:220 - loadIPPluginJar : add nvic
2024-10-20 17:20:11,920 [INFO] IPUIPlugin:80 - create IPUIPlugin
2024-10-20 17:20:11,920 [INFO] PluginManager:220 - loadIPPluginJar : add opamp
2024-10-20 17:20:12,055 [INFO] IPUIPlugin:80 - create IPUIPlugin
2024-10-20 17:20:12,056 [INFO] PluginManager:220 - loadIPPluginJar : add openamp
2024-10-20 17:20:12,152 [INFO] IPUIPlugin:80 - create IPUIPlugin
2024-10-20 17:20:12,152 [INFO] PluginManager:220 - loadIPPluginJar : add pdm2pcm
2024-10-20 17:20:12,178 [INFO] IPUIPlugin:80 - create IPUIPlugin
2024-10-20 17:20:12,184 [INFO] PluginManager:220 - loadIPPluginJar : add plateformsettings
2024-10-20 17:20:12,223 [INFO] IPUIPlugin:80 - create IPUIPlugin
2024-10-20 17:20:12,224 [INFO] PluginManager:220 - loadIPPluginJar : add quadspi
2024-10-20 17:20:12,250 [INFO] IPUIPlugin:80 - create IPUIPlugin
2024-10-20 17:20:12,251 [INFO] PluginManager:220 - loadIPPluginJar : add resmgrutility
2024-10-20 17:20:12,325 [INFO] IPUIPlugin:80 - create IPUIPlugin
2024-10-20 17:20:12,325 [INFO] PluginManager:220 - loadIPPluginJar : add sai
2024-10-20 17:20:12,397 [INFO] IPUIPlugin:80 - create IPUIPlugin
2024-10-20 17:20:12,397 [INFO] PluginManager:220 - loadIPPluginJar : add spi
2024-10-20 17:20:12,480 [INFO] IPUIPlugin:80 - create IPUIPlugin
2024-10-20 17:20:12,480 [INFO] PluginManager:220 - loadIPPluginJar : add stm32_wpan
2024-10-20 17:20:12,521 [INFO] IPUIPlugin:80 - create IPUIPlugin
2024-10-20 17:20:12,522 [INFO] PluginManager:220 - loadIPPluginJar : add tim
2024-10-20 17:20:12,609 [INFO] IPUIPlugin:80 - create IPUIPlugin
2024-10-20 17:20:12,609 [INFO] PluginManager:220 - loadIPPluginJar : add touchsensing
2024-10-20 17:20:12,644 [INFO] IPUIPlugin:80 - create IPUIPlugin
2024-10-20 17:20:12,645 [INFO] PluginManager:220 - loadIPPluginJar : add tracer_emb
2024-10-20 17:20:12,680 [INFO] IPUIPlugin:80 - create IPUIPlugin
2024-10-20 17:20:12,681 [INFO] PluginManager:220 - loadIPPluginJar : add ts
2024-10-20 17:20:12,719 [INFO] IPUIPlugin:80 - create IPUIPlugin
2024-10-20 17:20:12,719 [INFO] PluginManager:220 - loadIPPluginJar : add tsc
2024-10-20 17:20:12,754 [INFO] IPUIPlugin:80 - create IPUIPlugin
2024-10-20 17:20:12,754 [INFO] PluginManager:220 - loadIPPluginJar : add ucpd
2024-10-20 17:20:12,824 [INFO] IPUIPlugin:80 - create IPUIPlugin
2024-10-20 17:20:12,825 [INFO] PluginManager:220 - loadIPPluginJar : add usart
2024-10-20 17:20:12,917 [INFO] IPUIPlugin:80 - create IPUIPlugin
2024-10-20 17:20:12,917 [INFO] PluginManager:220 - loadIPPluginJar : add usbx
2024-10-20 17:20:13,110 [INFO] CADModel:165 - CPN selected for project level
2024-10-20 17:20:13,110 [INFO] CADModel:114 - Register for checkConnection events
2024-10-20 17:20:13,111 [FATAL] Updater:308 - Updater called before beeing initialized
2024-10-20 17:20:13,111 [ERROR] CADModel:125 - Updater not yet initialized, retry later 
2024-10-20 17:20:13,423 [INFO] CADModel:165 - CPN selected for project level
2024-10-20 17:20:13,424 [INFO] CADModel:114 - Register for checkConnection events
2024-10-20 17:20:13,424 [FATAL] Updater:308 - Updater called before beeing initialized
2024-10-20 17:20:13,424 [ERROR] CADModel:125 - Updater not yet initialized, retry later 
2024-10-20 17:20:13,430 [FATAL] Updater:308 - Updater called before beeing initialized
2024-10-20 17:20:13,681 [FATAL] Updater:308 - Updater called before beeing initialized
2024-10-20 17:20:13,701 [INFO] DbMcusAds:53 - JSON generation date=Fri Sep 20 15:04:23 CEST 2024 (1726837463113)
2024-10-20 17:20:13,702 [FATAL] Updater:308 - Updater called before beeing initialized
2024-10-20 17:20:13,843 [WARN] DetailPanel:346 - Failed to get advertising image, set to default
2024-10-20 17:20:14,108 [FATAL] Updater:308 - Updater called before beeing initialized
2024-10-20 17:20:14,113 [FATAL] Updater:308 - Updater called before beeing initialized
2024-10-20 17:20:14,113 [FATAL] Updater:308 - Updater called before beeing initialized
2024-10-20 17:20:14,113 [WARN] DetailPanel:346 - Failed to get advertising image, set to default
2024-10-20 17:20:14,115 [FATAL] Updater:308 - Updater called before beeing initialized
2024-10-20 17:20:14,210 [ERROR] Updater:1120 - MainUpdater not yet initialized. External WinMGr cannot be set.
2024-10-20 17:20:14,229 [INFO] Updater:1056 - Updater Version found : 6.8.0
2024-10-20 17:20:14,271 [INFO] ApplicationProperties:184 - Using Application install path: C:\ST\STM32CubeIDE_1.12.0\STM32CubeIDE\plugins\com.st.stm32cube.common.mx_6.8.0.202302231600
2024-10-20 17:20:14,528 [INFO] MainUpdater:2854 - connection check result : 10
2024-10-20 17:20:14,528 [INFO] MainUpdater:3548 - Updater definition file requires update
2024-10-20 17:20:14,530 [INFO] MainUpdater:283 - Updater Check For Update Now.
2024-10-20 17:20:14,530 [INFO] MicroXplorer:498 - Change Database Version : DB.6.0.80
2024-10-20 17:20:14,588 [INFO] ServerAccessManage:473 - Download File updaters.zip
2024-10-20 17:20:14,696 [INFO] FileExtend:240 - Unzip File : updaters.zip
2024-10-20 17:20:14,696 [INFO] FileExtend:255 - Standard Zip Deflate
2024-10-20 17:20:14,728 [WARN] MainUpdater:1187 - Updater busy. Cannot search thirdparties
2024-10-20 17:20:14,729 [INFO] ThirdPartyUpdaterWithRetryManager:96 - Updater plugin is busy. [1/15]
2024-10-20 17:20:15,981 [INFO] ServerAccessManage:473 - Download File PacksControlFlags.xml
2024-10-20 17:20:16,154 [INFO] ServerAccessManage:473 - Download File cubemx.pidx
2024-10-20 17:20:16,382 [INFO] LoadServerUpdatesThread:373 - End of LoadServerUpdate Thread
2024-10-20 17:20:16,674 [INFO] CheckServerUpdateThread:120 - End of CheckServer Thread
2024-10-20 17:20:16,853 [INFO] MainUpdater:2854 - connection check result : 10
2024-10-20 17:20:16,891 [INFO] MainUpdater:2854 - connection check result : 10
2024-10-20 17:20:17,228 [INFO] MicroXplorer:468 - Change Database Path : 
2024-10-20 17:20:17,229 [INFO] MicroXplorer:498 - Change Database Version : DB.6.0.80
2024-10-20 17:20:17,230 [WARN] ThirdParty:871 - waiting for thirdparty lock release [close project]
2024-10-20 17:20:18,125 [WARN] PackLoader:240 - Cannot read IP mode file for STMicroelectronics.FP-SNS-MOTENVWB1.1.4.0
2024-10-20 17:20:18,160 [WARN] PackLoader:240 - Cannot read IP mode file for STMicroelectronics.X-CUBE-SMBUS.2.1.0
2024-10-20 17:20:18,193 [WARN] PackLoader:240 - Cannot read IP mode file for STMicroelectronics.X-CUBE-WB05N.1.1.0
2024-10-20 17:20:18,216 [WARN] PackLoader:240 - Cannot read IP mode file for STMicroelectronics.X-CUBE-TOUCHGFX.4.23.1
2024-10-20 17:20:18,233 [WARN] PackLoader:240 - Cannot read IP mode file for STMicroelectronics.X-CUBE-TOUCHGFX.4.23.0
2024-10-20 17:20:18,294 [WARN] PackLoader:240 - Cannot read IP mode file for STMicroelectronics.X-CUBE-AZRTOS-F7.1.1.0
2024-10-20 17:20:18,330 [WARN] PackLoader:240 - Cannot read IP mode file for STMicroelectronics.FP-SNS-MOTENV1.4.3.2
2024-10-20 17:20:18,476 [WARN] PackLoader:240 - Cannot read IP mode file for STMicroelectronics.X-CUBE-MEMS1.11.0.0
2024-10-20 17:20:18,832 [WARN] PackLoader:240 - Cannot read IP mode file for STMicroelectronics.FP-SNS-FLIGHT1.5.0.2
2024-10-20 17:20:18,861 [WARN] PackLoader:240 - Cannot read IP mode file for STMicroelectronics.X-CUBE-DISPLAY.3.0.0
2024-10-20 17:20:18,898 [WARN] PackLoader:240 - Cannot read IP mode file for STMicroelectronics.X-CUBE-BLE1.7.0.0
2024-10-20 17:20:18,930 [WARN] PackLoader:240 - Cannot read IP mode file for STMicroelectronics.X-CUBE-NFC10.1.0.0
2024-10-20 17:20:18,968 [WARN] PackLoader:240 - Cannot read IP mode file for emotas.I-CUBE-CANOPEN.1.3.0
2024-10-20 17:20:19,009 [WARN] PackLoader:240 - Cannot read IP mode file for STMicroelectronics.X-CUBE-BLEMGR.3.1.0
2024-10-20 17:20:19,044 [WARN] PackLoader:240 - Cannot read IP mode file for STMicroelectronics.FP-SNS-SMARTAG2.1.2.0
2024-10-20 17:20:19,086 [INFO] LogOutputStream:77 - [STDOUT_REDIRECT] 1 : Invalid condition id : UX_CORESTACK_Condition cause : null
2024-10-20 17:20:19,089 [INFO] LogOutputStream:77 - [STDOUT_REDIRECT] 1 : Invalid condition id : UX_CORESTACK_Condition cause : null
2024-10-20 17:20:19,093 [INFO] LogOutputStream:77 - [STDOUT_REDIRECT] 1 : Invalid condition id : UX_CORESTACK_Condition cause : null
2024-10-20 17:20:19,094 [INFO] LogOutputStream:77 - [STDOUT_REDIRECT] 1 : Invalid condition id : UX_CORESTACK_Condition cause : null
2024-10-20 17:20:19,095 [INFO] LogOutputStream:77 - [STDOUT_REDIRECT] 1 : Invalid condition id : UX_CORESTACK_Condition cause : null
2024-10-20 17:20:19,106 [WARN] PackLoader:240 - Cannot read IP mode file for STMicroelectronics.X-CUBE-AZRTOS-WL.2.0.0
2024-10-20 17:20:19,138 [WARN] PackLoader:240 - Cannot read IP mode file for STMicroelectronics.FP-SNS-MOTENV1.5.0.0
2024-10-20 17:20:19,173 [WARN] PackLoader:240 - Cannot read IP mode file for wolfSSL.I-CUBE-wolfMQTT.1.19.0
2024-10-20 17:20:19,212 [WARN] PackLoader:240 - Cannot read IP mode file for WES.I-CUBE-Cesium.1.3.0
2024-10-20 17:20:19,241 [WARN] PackLoader:240 - Cannot read IP mode file for STMicroelectronics.X-CUBE-BLE2.3.3.0
2024-10-20 17:20:19,277 [WARN] PackLoader:240 - Cannot read IP mode file for STMicroelectronics.X-CUBE-NFC9.1.0.0
2024-10-20 17:20:19,306 [WARN] PackLoader:240 - Cannot read IP mode file for STMicroelectronics.X-CUBE-TCPP.4.1.0
2024-10-20 17:20:19,347 [WARN] PackLoader:240 - Cannot read IP mode file for STMicroelectronics.X-CUBE-ALGOBUILD.1.3.0
2024-10-20 17:20:19,400 [WARN] PackLoader:240 - Cannot read IP mode file for STMicroelectronics.X-CUBE-AZRTOS-G0.1.1.0
2024-10-20 17:20:19,435 [WARN] PackLoader:240 - Cannot read IP mode file for STMicroelectronics.X-CUBE-SAFEA1.1.2.2
2024-10-20 17:20:19,469 [WARN] PackLoader:240 - Cannot read IP mode file for STMicroelectronics.X-CUBE-NFC4.3.0.0
2024-10-20 17:20:19,494 [ERROR] Engine:466 - C:\Users\tobia\.stm32cubemx\thirdparties\pdsc\EmbeddedOffice.I-CUBE-FS-RTOS.1.0.1.pdsc: PDSC version is not supported
2024-10-20 17:20:19,517 [ERROR] Engine:466 - C:\Users\tobia\.stm32cubemx\thirdparties\pdsc\RealThread.X-CUBE-RT-Thread_Nano.4.1.1.pdsc: PDSC version is not supported
2024-10-20 17:20:19,538 [WARN] PackLoader:240 - Cannot read IP mode file for STMicroelectronics.FP-ATR-SIGFOX1.3.2.0
2024-10-20 17:20:19,569 [WARN] PackLoader:240 - Cannot read IP mode file for STMicroelectronics.X-CUBE-EEPRMA1.5.1.0
2024-10-20 17:20:19,684 [WARN] PackLoader:240 - Cannot read IP mode file for SEGGER.I-CUBE-embOS.1.3.1
2024-10-20 17:20:19,803 [WARN] PackLoader:240 - Cannot read IP mode file for STMicroelectronics.X-CUBE-ALGOBUILD.1.4.0
2024-10-20 17:20:19,828 [WARN] PackLoader:240 - Cannot read IP mode file for STMicroelectronics.X-CUBE-AI.9.1.0
2024-10-20 17:20:19,859 [WARN] PackLoader:240 - Cannot read IP mode file for STMicroelectronics.X-CUBE-GNSS1.6.0.0
2024-10-20 17:20:19,910 [WARN] PackLoader:240 - Cannot read IP mode file for STMicroelectronics.X-CUBE-AZRTOS-F4.1.1.0
2024-10-20 17:20:19,949 [WARN] PackLoader:240 - Cannot read IP mode file for STMicroelectronics.X-CUBE-ISPU.2.1.0
2024-10-20 17:20:19,971 [WARN] PackLoader:240 - Cannot read IP mode file for STMicroelectronics.X-CUBE-FREERTOS.1.2.0
2024-10-20 17:20:19,993 [WARN] PackLoader:240 - Cannot read IP mode file for wolfSSL.I-CUBE-wolfSSL.5.6.6
2024-10-20 17:20:20,078 [WARN] PackLoader:240 - Cannot read IP mode file for STMicroelectronics.X-CUBE-AZRTOS-L5.2.0.0
2024-10-20 17:20:20,116 [WARN] PackLoader:240 - Cannot read IP mode file for STMicroelectronics.X-CUBE-NFC6.3.1.0
2024-10-20 17:20:20,141 [WARN] PackLoader:240 - Cannot read IP mode file for ITTIA_DB.I-CUBE-ITTIADB.8.8.0
2024-10-20 17:20:20,158 [ERROR] Engine:466 - C:\Users\tobia\.stm32cubemx\thirdparties\pdsc\STMicroelectronics.X-CUBE-DPower.1.2.0.pdsc: PDSC version is not supported
2024-10-20 17:20:20,187 [WARN] PackLoader:240 - Cannot read IP mode file for STMicroelectronics.X-CUBE-NFC7.1.0.1
2024-10-20 17:20:20,216 [WARN] PackLoader:240 - Cannot read IP mode file for STMicroelectronics.X-CUBE-NFC6.3.0.0
2024-10-20 17:20:20,236 [WARN] PackLoader:240 - Cannot read IP mode file for STMicroelectronics.X-CUBE-AI.8.1.0
2024-10-20 17:20:20,272 [WARN] ConditionMgr:438 - getConditionDescription Invalid condition id : LAN8742 Phy interface Condition cause : null
2024-10-20 17:20:20,273 [WARN] PackLoader:240 - Cannot read IP mode file for STMicroelectronics.X-CUBE-AZRTOS-L4.2.0.0
2024-10-20 17:20:20,275 [WARN] ConditionMgr:1039 - genDependencies : Invalid condition id : LAN8742 Phy interface Condition cause : null
2024-10-20 17:20:20,275 [WARN] ConditionMgr:1039 - genDependencies : Invalid condition id : LAN8742 Phy interface Condition cause : null
2024-10-20 17:20:20,276 [WARN] ConditionMgr:1039 - genDependencies : Invalid condition id : LAN8742 Phy interface Condition cause : null
2024-10-20 17:20:20,307 [WARN] PackLoader:240 - Cannot read IP mode file for STMicroelectronics.X-CUBE-SFXS2LP1.4.0.0
2024-10-20 17:20:20,343 [WARN] PackLoader:240 - Cannot read IP mode file for STMicroelectronics.X-CUBE-AZRTOS-H7.3.3.0
2024-10-20 17:20:20,367 [ERROR] Engine:466 - C:\Users\tobia\.stm32cubemx\thirdparties\pdsc\STMicroelectronics.X-CUBE-IPS.3.0.0.pdsc: PDSC version is not supported
2024-10-20 17:20:20,402 [WARN] ConditionMgr:438 - getConditionDescription Invalid condition id : UX DEVICE CLASS RTOS Condition cause : null
2024-10-20 17:20:20,402 [WARN] ConditionMgr:438 - getConditionDescription Invalid condition id : UX DEVICE CLASS RTOS Condition cause : null
2024-10-20 17:20:20,405 [WARN] PackLoader:240 - Cannot read IP mode file for STMicroelectronics.X-CUBE-AZRTOS-WB.2.0.0
2024-10-20 17:20:20,406 [WARN] ConditionMgr:1039 - genDependencies : Invalid condition id : UX DEVICE CLASS RTOS Condition cause : null
2024-10-20 17:20:20,406 [WARN] ConditionMgr:1039 - genDependencies : Invalid condition id : UX DEVICE CLASS RTOS Condition cause : null
2024-10-20 17:20:20,407 [WARN] ConditionMgr:1039 - genDependencies : Invalid condition id : UX DEVICE CLASS RTOS Condition cause : null
2024-10-20 17:20:20,407 [WARN] ConditionMgr:1039 - genDependencies : Invalid condition id : UX DEVICE CLASS RTOS Condition cause : null
2024-10-20 17:20:20,407 [WARN] ConditionMgr:1039 - genDependencies : Invalid condition id : UX DEVICE CLASS RTOS Condition cause : null
2024-10-20 17:20:20,439 [WARN] PackLoader:240 - Cannot read IP mode file for STMicroelectronics.X-CUBE-GNSS1.7.0.0
2024-10-20 17:20:20,462 [ERROR] Engine:466 - C:\Users\tobia\.stm32cubemx\thirdparties\pdsc\STMicroelectronics.FP-SNS-STBOX1.2.0.0.pdsc: PDSC version is not supported
2024-10-20 17:20:20,491 [WARN] PackLoader:240 - Cannot read IP mode file for STMicroelectronics.X-CUBE-SUBG2.5.0.0
2024-10-20 17:20:20,528 [WARN] PackLoader:240 - Cannot read IP mode file for Cesanta.I-CUBE-Mongoose.7.13.0
2024-10-20 17:20:20,567 [WARN] PackLoader:240 - Cannot read IP mode file for STMicroelectronics.X-CUBE-AZRTOS-G4.2.0.0
2024-10-20 17:20:20,612 [WARN] PackLoader:240 - Cannot read IP mode file for Infineon.AIROC-Wi-Fi-Bluetooth-STM32.1.5.1
2024-10-20 17:20:20,631 [WARN] PackLoader:240 - Cannot read IP mode file for STMicroelectronics.FP-SNS-MOTENVWB1.1.3.1
2024-10-20 17:20:20,655 [WARN] PackLoader:240 - Cannot read IP mode file for STMicroelectronics.X-CUBE-ISPU.2.0.0
2024-10-20 17:20:20,681 [WARN] PackLoader:240 - Cannot read IP mode file for STMicroelectronics.X-CUBE-ALS.1.0.2
2024-10-20 17:20:20,756 [WARN] PackLoader:240 - Cannot read IP mode file for STMicroelectronics.X-CUBE-MEMS1.10.0.0
2024-10-20 17:20:20,891 [WARN] PackLoader:240 - Cannot read IP mode file for STMicroelectronics.X-CUBE-FREERTOS.1.1.0
2024-10-20 17:20:20,914 [WARN] PackLoader:240 - Cannot read IP mode file for STMicroelectronics.X-CUBE-TOUCHGFX.4.24.1
2024-10-20 17:20:20,934 [WARN] PackLoader:240 - Cannot read IP mode file for wolfSSL.I-CUBE-wolfTPM.3.4.0
2024-10-20 17:20:20,962 [WARN] PackLoader:240 - Cannot read IP mode file for portGmbH.I-Cube-SoM-uGOAL.1.1.0
2024-10-20 17:20:20,983 [WARN] PackLoader:240 - Cannot read IP mode file for STMicroelectronics.X-CUBE-ALS.1.0.1
2024-10-20 17:20:21,025 [WARN] PackLoader:240 - Cannot read IP mode file for STMicroelectronics.X-CUBE-AZRTOS-H7RS.1.0.0
2024-10-20 17:20:21,049 [WARN] PackLoader:240 - Cannot read IP mode file for STMicroelectronics.FP-ATR-ASTRA1.2.0.0
2024-10-20 17:20:21,068 [ERROR] Engine:466 - C:\Users\tobia\.stm32cubemx\thirdparties\pdsc\STMicroelectronics.X-CUBE-TOF1.3.4.2.pdsc: PDSC version is not supported
2024-10-20 17:20:21,093 [WARN] PackLoader:240 - Cannot read IP mode file for STMicroelectronics.X-CUBE-TOF1.3.4.1
2024-10-20 17:20:21,141 [WARN] PackLoader:240 - Cannot read IP mode file for STMicroelectronics.X-CUBE-AZRTOS-H7.3.2.0
2024-10-20 17:20:21,163 [WARN] PackLoader:240 - Cannot read IP mode file for wolfSSL.I-CUBE-wolfSSH.1.4.17
2024-10-20 17:20:21,165 [INFO] ThirdParty:978 - Integrity check success = true
2024-10-20 17:20:21,165 [INFO] IntegrityCheckThread:100 - exiting critical section [integrity check]
2024-10-20 17:20:21,165 [INFO] IntegrityCheckThread:103 - End integrity checks thread
2024-10-20 17:20:21,165 [INFO] ThirdParty:873 - entering critical section [close project]
2024-10-20 17:20:21,167 [INFO] ThirdParty:883 - exiting critical section [close project]
2024-10-20 17:20:21,174 [INFO] PinOutPanel:1499 - setPackage(No Configuration,No Configuration)
2024-10-20 17:20:21,185 [INFO] UtilMem:75 - Begin LoadConfig() Used Memory: 308781912 Bytes (596639744)
2024-10-20 17:20:21,187 [INFO] MicroXplorer:468 - Change Database Path : 
2024-10-20 17:20:21,187 [INFO] MicroXplorer:498 - Change Database Version : DB.6.0.80
2024-10-20 17:20:21,188 [INFO] OpenFileManager:308 - Change cursor
2024-10-20 17:20:21,282 [INFO] Mcu:1937 - Initializing MCU STM32F401R(D-E)Tx STM32F401RETx STM32F401RET6
2024-10-20 17:20:23,530 [INFO] Context:659 - Trying to add GPIOservice into a context  which must be forbidden
2024-10-20 17:20:24,475 [INFO] RtosManager:555 - Registered RTOS mode: class=CMSIS, group=RTOS, mode=CMSIS_V1, owner=FREERTOS
2024-10-20 17:20:24,475 [INFO] RtosManager:555 - Registered RTOS mode: class=CMSIS, group=RTOS2, mode=CMSIS_V2, owner=FREERTOS
2024-10-20 17:20:24,475 [INFO] RtosManager:555 - Registered RTOS mode: class=RTOS, group=Core, mode=CMSIS_V1, owner=FREERTOS
2024-10-20 17:20:24,475 [INFO] RtosManager:555 - Registered RTOS mode: class=RTOS, group=Core, mode=CMSIS_V2, owner=FREERTOS
2024-10-20 17:20:24,476 [WARN] ModelIntegratedComponent:184 - Missing modes for component STMicroelectronics:FreeRTOS:0.0.1:STMicroelectronics:RTOS:FreeRTOS:Core:::10.2.0:
2024-10-20 17:20:24,500 [WARN] ModelIntegratedComponent:63 - No mode defined for component null
2024-10-20 17:20:24,501 [WARN] ModelIntegratedComponent:63 - No mode defined for component null
2024-10-20 17:20:24,501 [WARN] ModelIntegratedComponent:63 - No mode defined for component null
2024-10-20 17:20:24,501 [WARN] ModelIntegratedComponent:63 - No mode defined for component null
2024-10-20 17:20:24,501 [WARN] ModelIntegratedComponent:63 - No mode defined for component null
2024-10-20 17:20:24,501 [WARN] ModelIntegratedComponent:63 - No mode defined for component null
2024-10-20 17:20:24,502 [WARN] ModelIntegratedComponent:63 - No mode defined for component null
2024-10-20 17:20:24,502 [WARN] ModelIntegratedComponent:63 - No mode defined for component null
2024-10-20 17:20:24,502 [WARN] ModelIntegratedComponent:63 - No mode defined for component null
2024-10-20 17:20:24,502 [WARN] ModelIntegratedComponent:63 - No mode defined for component null
2024-10-20 17:20:24,502 [WARN] ModelIntegratedComponent:63 - No mode defined for component null
2024-10-20 17:20:24,502 [WARN] ModelIntegratedComponent:63 - No mode defined for component null
2024-10-20 17:20:24,502 [WARN] ModelIntegratedComponent:63 - No mode defined for component null
2024-10-20 17:20:24,502 [WARN] ModelIntegratedComponent:63 - No mode defined for component null
2024-10-20 17:20:24,502 [WARN] ModelIntegratedComponent:63 - No mode defined for component null
2024-10-20 17:20:24,502 [WARN] ModelIntegratedComponent:63 - No mode defined for component null
2024-10-20 17:20:24,503 [WARN] ModelIntegratedComponent:63 - No mode defined for component null
2024-10-20 17:20:24,503 [WARN] ModelIntegratedComponent:63 - No mode defined for component null
2024-10-20 17:20:24,503 [WARN] ModelIntegratedComponent:63 - No mode defined for component null
2024-10-20 17:20:24,503 [WARN] ModelIntegratedComponent:63 - No mode defined for component null
2024-10-20 17:20:24,503 [WARN] ModelIntegratedComponent:63 - No mode defined for component null
2024-10-20 17:20:24,503 [WARN] ModelIntegratedComponent:63 - No mode defined for component null
2024-10-20 17:20:24,503 [WARN] ModelIntegratedComponent:63 - No mode defined for component null
2024-10-20 17:20:24,503 [WARN] ModelIntegratedComponent:63 - No mode defined for component null
2024-10-20 17:20:24,503 [WARN] ModelIntegratedComponent:63 - No mode defined for component null
2024-10-20 17:20:24,503 [WARN] ModelIntegratedComponent:63 - No mode defined for component null
2024-10-20 17:20:24,503 [WARN] ModelIntegratedComponent:63 - No mode defined for component null
2024-10-20 17:20:24,504 [WARN] ModelIntegratedComponent:63 - No mode defined for component null
2024-10-20 17:20:24,504 [WARN] ModelIntegratedComponent:63 - No mode defined for component null
2024-10-20 17:20:24,504 [WARN] ModelIntegratedComponent:63 - No mode defined for component null
2024-10-20 17:20:24,504 [WARN] ModelIntegratedComponent:63 - No mode defined for component null
2024-10-20 17:20:24,504 [WARN] ModelIntegratedComponent:63 - No mode defined for component null
2024-10-20 17:20:24,504 [WARN] ModelIntegratedComponent:63 - No mode defined for component null
2024-10-20 17:20:24,619 [INFO] ThirdPartyModel:298 - Start build external matchings
2024-10-20 17:20:25,089 [INFO] ThirdPartyModel:316 - End build external matchings
2024-10-20 17:20:25,626 [INFO] UtilMem:75 - End LoadConfig() Used Memory: 250306304 Bytes (596639744)
2024-10-20 17:20:25,821 [INFO] ApiDb:581 - Connected to CubeFinder SQLite database (C:\Users\tobia\.stmcufinder\plugins\mcufinder\mcu\cube-finder-db.db)
2024-10-20 17:20:26,021 [INFO] ApiDb:668 - CubeFinder database Data Model version=2.1
2024-10-20 17:20:26,022 [INFO] ApiDb:669 - CubeFinder database Configuration version=3.0.39
2024-10-20 17:20:26,022 [INFO] ApiDb:670 - CubeFinder database generation date=2024-09-16 (1726485674)
2024-10-20 17:20:26,022 [INFO] ApiDb:671 - CubeFinder database FW Pack versions=[FP-ATR-ASTRA1_V2.0.0, FP-SNS-FLIGHT1_V5.0.2, FP-SNS-MOTENV1_V5.0.0, FP-SNS-MOTENVWB1_V1.4.0, FP-SNS-SMARTAG2_V1.2.0, FP-SNS-STBOX1_V2.0.0, STM32Cube_FW_C0_V1.2.0, STM32Cube_FW_F4_V1.28.1, STM32Cube_FW_F7_V1.17.2, STM32Cube_FW_G0_V1.6.2, STM32Cube_FW_G4_V1.6.0, STM32Cube_FW_H5_V1.3.0, STM32Cube_FW_H7RS_V1.1.0, STM32Cube_FW_H7_V1.11.2, STM32Cube_FW_L0_V1.12.2, STM32Cube_FW_L5_V1.5.1, STM32Cube_FW_U0_V1.1.0, STM32Cube_FW_U5_V1.6.0, STM32Cube_FW_WB0_V1.0.0, STM32Cube_FW_WBA_V1.4.1, STM32Cube_FW_WB_V1.20.0, STM32Cube_FW_WL_V1.3.0, X-CUBE-ALGOBUILD_V1.4.0, X-CUBE-ALS_V1.0.2, X-CUBE-AZRTOS-F4_V1.1.0, X-CUBE-AZRTOS-F7_V1.1.0, X-CUBE-AZRTOS-G0_V1.1.0, X-CUBE-AZRTOS-G4_V2.0.0, X-CUBE-AZRTOS-H7RS_V1.0.0, X-CUBE-AZRTOS-H7_V3.2.0, X-CUBE-AZRTOS-L4_V2.0.0, X-CUBE-AZRTOS-L5_V2.0.0, X-CUBE-AZRTOS-WB_V2.0.0, X-CUBE-AZRTOS-WL_V2.0.0, X-CUBE-BLE1_V7.0.0, X-CUBE-BLE2_V3.3.0, X-CUBE-BLEMGR_V3.1.0, X-CUBE-EEPRMA1_V5.1.0, X-CUBE-FREERTOS_V1.2.0, X-CUBE-GNSS1_V6.0.0, X-CUBE-MEMS1_V11.0.0, X-CUBE-NFC4_V3.0.0, X-CUBE-NFC7_V1.0.1, X-CUBE-SFXS2LP1_V4.0.0, X-CUBE-SUBG2_V5.0.0, X-CUBE-TOF1_V3.4.2]
2024-10-20 17:20:29,588 [INFO] ApiDb:240 - Found 297 in-development CPN: [B-G473E-ZEST1S, B-WB1M-WPAN1, B-WL5M-SUBG1, NUCLEO-C031C6, NUCLEO-H503RB, NUCLEO-H563ZI, NUCLEO-U545RE-Q, NUCLEO-U5A5ZJ-Q, NUCLEO-WBA52CG, STEVAL-PROTEUS1, STEVAL-STWINBX1, STM320518-EVAL, STM32C0116-DK, STM32C011D6Y3TR, STM32C011D6Y6TR, STM32C011F4P3, STM32C011F4P6, STM32C011F4U3, STM32C011F4U6TR, STM32C011F6P3, STM32C011F6P6, STM32C011F6U3, STM32C011F6U6TR, STM32C011J4M3, STM32C011J4M6, STM32C011J6M3, STM32C011J6M6, STM32C0316-DK, STM32C031C4T3, STM32C031C4T6, STM32C031C4U3, STM32C031C4U6, STM32C031C6T3, STM32C031C6T6, STM32C031C6U3, STM32C031C6U6, STM32C031F4P3, STM32C031F4P6, STM32C031F6P3, STM32C031F6P6, STM32C031G4U3, STM32C031G4U6, STM32C031G6U3, STM32C031G6U6, STM32C031K4T3, STM32C031K4T6, STM32C031K4U3, STM32C031K4U6, STM32C031K6T3, STM32C031K6T6, STM32C031K6U3, STM32C031K6U6, STM32G071K8TXN, STM32G071K8UXN, STM32G081GBU6N, STM32G081KBT6N, STM32G081KBUXN, STM32G0B1CCT6N, STM32G0B1KCT6, STM32G0B1NEY6TR, STM32G0B1RCT6N, STM32G0C1CCT6, STM32G0C1CCT6N, STM32G0C1CCU6N, STM32G0C1CET6N, STM32G0C1CEU6N, STM32G0C1KCT6, STM32G0C1NEY6TR, STM32G0C1RCI6N, STM32G0C1RCT6N, STM32G0C1REI6N, STM32G0C1RET6N, STM32G0C1VCI6, STM32G0C1VEI6, STM32G471CCT6, STM32G471CCU6, STM32G471CET3, STM32G471CET6, STM32G471CEU3, STM32G471CEU6, STM32G471MCT6, STM32G471MET3, STM32G471MET6, STM32G471MEY6TR, STM32G471QCT6, STM32G471QET3, STM32G471RCT6, STM32G471RET3, STM32G471RET6, STM32G471VCH6, STM32G471VCI6, STM32G471VCT6, STM32G471VEH3, STM32G471VEH6, STM32G471VEI3, STM32G471VEI6, STM32G471VET3, STM32G471VET6, STM32G474CCT6, STM32H503CBT6, STM32H503CBU6, STM32H503EBY6TR, STM32H503KBU6, STM32H503RBT6, STM32H562AGI6, STM32H562AII6, STM32H562IGK6, STM32H562IGT6, STM32H562IIK6, STM32H562IIT6, STM32H562RGT6, STM32H562RGV6, STM32H562RIT6, STM32H562RIV6, STM32H562VGT6, STM32H562VIT6, STM32H562ZGT6, STM32H562ZIT6, STM32H563AGI6, STM32H563AII3Q, STM32H563AII6, STM32H563IGK6, STM32H563IGT6, STM32H563IIK3Q, STM32H563IIK6, STM32H563IIT3Q, STM32H563IIT6, STM32H563MIY3QTR, STM32H563RGT6, STM32H563RGV6, STM32H563RIT6, STM32H563RIV6, STM32H563VGT6, STM32H563VIT3Q, STM32H563VIT6, STM32H563ZGT6, STM32H563ZIT3Q, STM32H563ZIT6, STM32H573AII3Q, STM32H573AII6, STM32H573I-DK, STM32H573IIK3Q, STM32H573IIK6, STM32H573IIT3Q, STM32H573IIT6, STM32H573MIY3QTR, STM32H573RIT6, STM32H573RIV6, STM32H573VIT3Q, STM32H573VIT6, STM32H573ZIT3Q, STM32H573ZIT6, STM32L4R5QGI6STR, STM32MP131AAE3, STM32MP131AAF3, STM32MP131AAG3, STM32MP131CAE3, STM32MP131CAF3, STM32MP131CAG3, STM32MP131DAE7, STM32MP131DAF7, STM32MP131DAG7, STM32MP131FAE7, STM32MP131FAF7, STM32MP131FAG7, STM32MP133AAE3, STM32MP133AAF3, STM32MP133AAG3, STM32MP133CAE3, STM32MP133CAF3, STM32MP133CAG3, STM32MP133DAE7, STM32MP133DAF7, STM32MP133DAG7, STM32MP133FAE7, STM32MP133FAF7, STM32MP133FAG7, STM32MP135AAE3, STM32MP135AAF3, STM32MP135AAG3, STM32MP135CAE3, STM32MP135CAF3, STM32MP135CAG3, STM32MP135DAE7, STM32MP135DAF7, STM32MP135DAG7, STM32MP135F-DK, STM32MP135FAE7, STM32MP135FAF7, STM32MP135FAF7T, STM32MP135FAF7U, STM32MP135FAG7, STM32U535CBT6, STM32U535CBT6Q, STM32U535CBU6, STM32U535CBU6Q, STM32U535CCT6, STM32U535CCT6Q, STM32U535CCU6, STM32U535CCU6Q, STM32U535CET6, STM32U535CET6Q, STM32U535CEU6, STM32U535CEU6Q, STM32U535JEY6QTR, STM32U535NCY6QTR, STM32U535NEY6QTR, STM32U535RBI6, STM32U535RBI6Q, STM32U535RBT6, STM32U535RBT6Q, STM32U535RCI6, STM32U535RCI6Q, STM32U535RCT6, STM32U535RCT6Q, STM32U535REI6, STM32U535REI6Q, STM32U535RET6, STM32U535RET6Q, STM32U535VCI6, STM32U535VCI6Q, STM32U535VCT6, STM32U535VCT6Q, STM32U535VEI6, STM32U535VEI6Q, STM32U535VET6, STM32U535VET6Q, STM32U545CET6, STM32U545CET6Q, STM32U545CEU6, STM32U545CEU6Q, STM32U545JEY6QTR, STM32U545NEY6QTR, STM32U545REI6, STM32U545REI6Q, STM32U545RET6, STM32U545RET6Q, STM32U545VEI6, STM32U545VEI6Q, STM32U545VET6, STM32U545VET6Q, STM32U595AIH6, STM32U595AIH6Q, STM32U595AJH6, STM32U595AJH6Q, STM32U595QII6, STM32U595QII6Q, STM32U595QJI6, STM32U595QJI6Q, STM32U595RIT6, STM32U595RIT6Q, STM32U595RJT6, STM32U595RJT6Q, STM32U595VIT6, STM32U595VIT6Q, STM32U595VJT6, STM32U595VJT6Q, STM32U595ZIT6, STM32U595ZIT6Q, STM32U595ZIY6QTR, STM32U595ZJT6, STM32U595ZJT6Q, STM32U595ZJY6QTR, STM32U599BJY6QTR, STM32U599NIH6Q, STM32U599NJH6Q, STM32U599VIT6Q, STM32U599VJT6, STM32U599VJT6Q, STM32U599ZIT6Q, STM32U599ZIY6QTR, STM32U599ZJT6Q, STM32U599ZJY6QTR, STM32U5A5AJH6, STM32U5A5AJH6Q, STM32U5A5QJI6, STM32U5A5QJI6Q, STM32U5A5RJT6, STM32U5A5RJT6Q, STM32U5A5VJT6, STM32U5A5VJT6Q, STM32U5A5ZJT6, STM32U5A5ZJT6Q, STM32U5A5ZJY6QTR, STM32U5A9BJY6QTR, STM32U5A9J-DK, STM32U5A9NJH6Q, STM32U5A9VJT6Q, STM32U5A9ZJT6Q, STM32U5A9ZJY6QTR, STM32WB1MMCH6, STM32WBA52CEU6, STM32WBA52CEU6T, STM32WBA52CGU6, STM32WBA52CGU6T, STM32WL5MOCH6, STM32WL5MOCH6TR]
2024-10-20 17:20:29,596 [INFO] DbMcus:216 - Found 4180 MCUs, 4180 are supported
2024-10-20 17:20:29,603 [INFO] ApiDb:423 - Load user favorites file C:\Users\tobia/.stm32cubeide/favorites.mcus.txt: 0 item(s)
2024-10-20 17:20:29,603 [INFO] ApiDb:427 - User favorites MCUs=[]
2024-10-20 17:20:29,604 [INFO] DbMcus:222 - Set 0 / 0 favorites MCUs
2024-10-20 17:20:30,291 [WARN] ThirdParty:833 - waiting for thirdparty lock release [change project]
2024-10-20 17:20:30,291 [INFO] ThirdParty:835 - entering critical section [change project]
2024-10-20 17:20:30,292 [INFO] ThirdParty:1030 - CMSIS Pack Vendor :STMicroelectronics X-CUBE-AZRTOS-H7 3.3.0
2024-10-20 17:20:30,292 [INFO] ThirdParty:1030 - CMSIS Pack Vendor :STMicroelectronics X-CUBE-NFC9 1.0.0
2024-10-20 17:20:30,292 [INFO] ThirdParty:1030 - CMSIS Pack Vendor :STMicroelectronics X-CUBE-GNSS1 6.0.0
2024-10-20 17:20:30,292 [INFO] ThirdParty:1030 - CMSIS Pack Vendor :STMicroelectronics USB_HOST 2.0.0
2024-10-20 17:20:30,292 [INFO] ThirdParty:1030 - CMSIS Pack Vendor :STMicroelectronics FP-SNS-MOTENVWB1 1.4.0
2024-10-20 17:20:30,292 [INFO] ThirdParty:1030 - CMSIS Pack Vendor :STMicroelectronics X-CUBE-AZRTOS-F4 1.1.0
2024-10-20 17:20:30,292 [INFO] ThirdParty:1030 - CMSIS Pack Vendor :STMicroelectronics LIBJPEG 8.0.0
2024-10-20 17:20:30,292 [INFO] ThirdParty:1030 - CMSIS Pack Vendor :STMicroelectronics X-CUBE-SMBUS 2.1.0
2024-10-20 17:20:30,292 [INFO] ThirdParty:1030 - CMSIS Pack Vendor :STMicroelectronics X-CUBE-WB05N 1.1.0
2024-10-20 17:20:30,292 [INFO] ThirdParty:1030 - CMSIS Pack Vendor :STMicroelectronics USB_DEVICE 3.0.0
2024-10-20 17:20:30,292 [INFO] ThirdParty:1030 - CMSIS Pack Vendor :STMicroelectronics X-CUBE-TCPP 4.1.0
2024-10-20 17:20:30,293 [INFO] ThirdParty:1030 - CMSIS Pack Vendor :STMicroelectronics X-CUBE-ISPU 2.1.0
2024-10-20 17:20:30,293 [INFO] ThirdParty:1030 - CMSIS Pack Vendor :STMicroelectronics X-CUBE-FREERTOS 1.2.0
2024-10-20 17:20:30,293 [INFO] ThirdParty:1030 - CMSIS Pack Vendor :STMicroelectronics X-CUBE-AZRTOS-WB 2.0.0
2024-10-20 17:20:30,293 [INFO] ThirdParty:1030 - CMSIS Pack Vendor :wolfSSL I-CUBE-wolfSSL 5.6.6
2024-10-20 17:20:30,293 [INFO] ThirdParty:1030 - CMSIS Pack Vendor :STMicroelectronics X-CUBE-GNSS1 7.0.0
2024-10-20 17:20:30,293 [INFO] ThirdParty:1030 - CMSIS Pack Vendor :STMicroelectronics X-CUBE-TOUCHGFX 4.23.1
2024-10-20 17:20:30,293 [INFO] ThirdParty:1030 - CMSIS Pack Vendor :STMicroelectronics X-CUBE-TOUCHGFX 4.23.0
2024-10-20 17:20:30,293 [INFO] ThirdParty:1030 - CMSIS Pack Vendor :STMicroelectronics X-CUBE-AZRTOS-F7 1.1.0
2024-10-20 17:20:30,295 [INFO] ThirdParty:1030 - CMSIS Pack Vendor :STMicroelectronics X-CUBE-AZRTOS-L5 2.0.0
2024-10-20 17:20:30,295 [INFO] ThirdParty:1030 - CMSIS Pack Vendor :STMicroelectronics USB_DEVICE 2.0.0
2024-10-20 17:20:30,295 [INFO] ThirdParty:1030 - CMSIS Pack Vendor :STMicroelectronics X-CUBE-NFC6 3.1.0
2024-10-20 17:20:30,295 [INFO] ThirdParty:1030 - CMSIS Pack Vendor :ITTIA_DB I-CUBE-ITTIADB 8.8.0
2024-10-20 17:20:30,296 [INFO] ThirdParty:1030 - CMSIS Pack Vendor :STMicroelectronics FP-SNS-MOTENV1 4.3.2
2024-10-20 17:20:30,296 [INFO] ThirdParty:1030 - CMSIS Pack Vendor :STMicroelectronics X-CUBE-ALGOBUILD 1.3.0
2024-10-20 17:20:30,296 [INFO] ThirdParty:1030 - CMSIS Pack Vendor :STMicroelectronics X-CUBE-MEMS1 11.0.0
2024-10-20 17:20:30,296 [INFO] ThirdParty:1030 - CMSIS Pack Vendor :STMicroelectronics FreeRTOS 0.0.1
2024-10-20 17:20:30,296 [INFO] ThirdParty:1030 - CMSIS Pack Vendor :STMicroelectronics X-CUBE-AZRTOS-G0 1.1.0
2024-10-20 17:20:30,296 [INFO] ThirdParty:1030 - CMSIS Pack Vendor :STMicroelectronics X-CUBE-SAFEA1 1.2.2
2024-10-20 17:20:30,297 [INFO] ThirdParty:1030 - CMSIS Pack Vendor :STMicroelectronics X-CUBE-NFC4 3.0.0
2024-10-20 17:20:30,298 [INFO] ThirdParty:1030 - CMSIS Pack Vendor :STMicroelectronics X-CUBE-SUBG2 5.0.0
2024-10-20 17:20:30,298 [INFO] ThirdParty:1030 - CMSIS Pack Vendor :STMicroelectronics STM32_WPAN 1.0.0
2024-10-20 17:20:30,298 [INFO] ThirdParty:1030 - CMSIS Pack Vendor :STMicroelectronics lwIP 2.0.3
2024-10-20 17:20:30,298 [INFO] ThirdParty:1030 - CMSIS Pack Vendor :STMicroelectronics FP-SNS-FLIGHT1 5.0.2
2024-10-20 17:20:30,298 [INFO] ThirdParty:1030 - CMSIS Pack Vendor :Cesanta I-CUBE-Mongoose 7.13.0
2024-10-20 17:20:30,298 [INFO] ThirdParty:1030 - CMSIS Pack Vendor :STMicroelectronics USB_HOST 1.0.0
2024-10-20 17:20:30,298 [INFO] ThirdParty:1030 - CMSIS Pack Vendor :STMicroelectronics X-CUBE-AZRTOS-G4 2.0.0
2024-10-20 17:20:30,298 [INFO] ThirdParty:1030 - CMSIS Pack Vendor :STMicroelectronics PDM2PCM 3.1.0
2024-10-20 17:20:30,298 [INFO] ThirdParty:1030 - CMSIS Pack Vendor :Infineon AIROC-Wi-Fi-Bluetooth-STM32 1.5.1
2024-10-20 17:20:30,298 [INFO] ThirdParty:1030 - CMSIS Pack Vendor :STMicroelectronics PDM2PCM 3.3.0
2024-10-20 17:20:30,298 [INFO] ThirdParty:1030 - CMSIS Pack Vendor :STMicroelectronics X-CUBE-DISPLAY 3.0.0
2024-10-20 17:20:30,299 [INFO] ThirdParty:1030 - CMSIS Pack Vendor :STMicroelectronics FP-SNS-MOTENVWB1 1.3.1
2024-10-20 17:20:30,299 [INFO] ThirdParty:1030 - CMSIS Pack Vendor :STMicroelectronics X-CUBE-BLE1 7.0.0
2024-10-20 17:20:30,299 [INFO] ThirdParty:1030 - CMSIS Pack Vendor :STMicroelectronics FP-ATR-SIGFOX1 3.2.0
2024-10-20 17:20:30,299 [INFO] ThirdParty:1030 - CMSIS Pack Vendor :STMicroelectronics X-CUBE-NFC10 1.0.0
2024-10-20 17:20:30,299 [INFO] ThirdParty:1030 - CMSIS Pack Vendor :STMicroelectronics X-CUBE-ISPU 2.0.0
2024-10-20 17:20:30,299 [INFO] ThirdParty:1030 - CMSIS Pack Vendor :STMicroelectronics X-CUBE-EEPRMA1 5.1.0
2024-10-20 17:20:30,299 [INFO] ThirdParty:1030 - CMSIS Pack Vendor :STMicroelectronics HAL Drivers 0.0.0
2024-10-20 17:20:30,299 [INFO] ThirdParty:1030 - CMSIS Pack Vendor :STMicroelectronics MBEDTLS 2.16.2
2024-10-20 17:20:30,304 [INFO] ThirdParty:1030 - CMSIS Pack Vendor :STMicroelectronics X-CUBE-ALS 1.0.2
2024-10-20 17:20:30,304 [INFO] ThirdParty:1030 - CMSIS Pack Vendor :emotas I-CUBE-CANOPEN 1.3.0
2024-10-20 17:20:30,304 [INFO] ThirdParty:1030 - CMSIS Pack Vendor :STMicroelectronics X-CUBE-MEMS1 10.0.0
2024-10-20 17:20:30,304 [INFO] ThirdParty:1030 - CMSIS Pack Vendor :STMicroelectronics X-CUBE-FREERTOS 1.1.0
2024-10-20 17:20:30,304 [INFO] ThirdParty:1030 - CMSIS Pack Vendor :STMicroelectronics X-CUBE-NFC7 1.0.1
2024-10-20 17:20:30,304 [INFO] ThirdParty:1030 - CMSIS Pack Vendor :STMicroelectronics MBEDTLS 2.14.1
2024-10-20 17:20:30,304 [INFO] ThirdParty:1030 - CMSIS Pack Vendor :STMicroelectronics X-CUBE-TOUCHGFX 4.24.1
2024-10-20 17:20:30,304 [INFO] ThirdParty:1030 - CMSIS Pack Vendor :STMicroelectronics X-CUBE-NFC6 3.0.0
2024-10-20 17:20:30,305 [INFO] ThirdParty:1030 - CMSIS Pack Vendor :wolfSSL I-CUBE-wolfTPM 3.4.0
2024-10-20 17:20:30,305 [INFO] ThirdParty:1030 - CMSIS Pack Vendor :portGmbH I-Cube-SoM-uGOAL 1.1.0
2024-10-20 17:20:30,305 [INFO] ThirdParty:1030 - CMSIS Pack Vendor :STMicroelectronics X-CUBE-ALS 1.0.1
2024-10-20 17:20:30,305 [INFO] ThirdParty:1030 - CMSIS Pack Vendor :STMicroelectronics X-CUBE-BLEMGR 3.1.0
2024-10-20 17:20:30,305 [INFO] ThirdParty:1030 - CMSIS Pack Vendor :STMicroelectronics ThreadX 1.0.0
2024-10-20 17:20:30,305 [INFO] ThirdParty:1030 - CMSIS Pack Vendor :STMicroelectronics FP-SNS-SMARTAG2 1.2.0
2024-10-20 17:20:30,305 [INFO] ThirdParty:1030 - CMSIS Pack Vendor :STMicroelectronics X-CUBE-AZRTOS-WL 2.0.0
2024-10-20 17:20:30,305 [INFO] ThirdParty:1030 - CMSIS Pack Vendor :SEGGER I-CUBE-embOS 1.3.1
2024-10-20 17:20:30,305 [INFO] ThirdParty:1030 - CMSIS Pack Vendor :STMicroelectronics X-CUBE-ALGOBUILD 1.4.0
2024-10-20 17:20:30,305 [INFO] ThirdParty:1030 - CMSIS Pack Vendor :STMicroelectronics FP-SNS-MOTENV1 5.0.0
2024-10-20 17:20:30,305 [INFO] ThirdParty:1030 - CMSIS Pack Vendor :STMicroelectronics USB_DEVICE 1.0.0
2024-10-20 17:20:30,305 [INFO] ThirdParty:1030 - CMSIS Pack Vendor :STMicroelectronics X-CUBE-AI 8.1.0
2024-10-20 17:20:30,305 [INFO] ThirdParty:1030 - CMSIS Pack Vendor :STMicroelectronics X-CUBE-AZRTOS-H7RS 1.0.0
2024-10-20 17:20:30,305 [INFO] ThirdParty:1030 - CMSIS Pack Vendor :wolfSSL I-CUBE-wolfMQTT 1.19.0
2024-10-20 17:20:30,305 [INFO] ThirdParty:1030 - CMSIS Pack Vendor :STMicroelectronics X-CUBE-AZRTOS-L4 2.0.0
2024-10-20 17:20:30,305 [INFO] ThirdParty:1030 - CMSIS Pack Vendor :STMicroelectronics ThreadX 0.0.2
2024-10-20 17:20:30,305 [INFO] ThirdParty:1030 - CMSIS Pack Vendor :WES I-CUBE-Cesium 1.3.0
2024-10-20 17:20:30,305 [INFO] ThirdParty:1030 - CMSIS Pack Vendor :STMicroelectronics FP-ATR-ASTRA1 2.0.0
2024-10-20 17:20:30,306 [INFO] ThirdParty:1030 - CMSIS Pack Vendor :STMicroelectronics lwIP 2.1.2
2024-10-20 17:20:30,306 [INFO] ThirdParty:1030 - CMSIS Pack Vendor :STMicroelectronics X-CUBE-SFXS2LP1 4.0.0
2024-10-20 17:20:30,306 [INFO] ThirdParty:1030 - CMSIS Pack Vendor :STMicroelectronics X-CUBE-BLE2 3.3.0
2024-10-20 17:20:30,306 [INFO] ThirdParty:1030 - CMSIS Pack Vendor :STMicroelectronics X-CUBE-AI 9.1.0
2024-10-20 17:20:30,306 [INFO] ThirdParty:1030 - CMSIS Pack Vendor :STMicroelectronics X-CUBE-TOF1 3.4.1
2024-10-20 17:20:30,306 [INFO] ThirdParty:1030 - CMSIS Pack Vendor :STMicroelectronics X-CUBE-AZRTOS-H7 3.2.0
2024-10-20 17:20:30,306 [INFO] ThirdParty:1030 - CMSIS Pack Vendor :STMicroelectronics PDM2PCM 3.2.0
2024-10-20 17:20:30,306 [INFO] ThirdParty:1030 - CMSIS Pack Vendor :wolfSSL I-CUBE-wolfSSH 1.4.17
2024-10-20 17:20:30,306 [INFO] ThirdParty:841 - exiting critical section [change project]
2024-10-20 17:20:31,032 [INFO] PinOutPanel:1499 - setPackage(No Configuration,No Configuration)
2024-10-20 17:20:31,037 [INFO] PinOutPanel:1499 - setPackage(STM32F401RETx,LQFP64)
2024-10-20 17:20:32,008 [INFO] UtilMem:75 - Before build in PCC Used Memory: 269752016 Bytes (596639744)
2024-10-20 17:20:33,572 [INFO] UtilMem:75 - After build in PCC Used Memory: 199992320 Bytes (596639744)
2024-10-20 17:20:33,641 [INFO] IPUIPlugin:80 - create IPUIPlugin
2024-10-20 17:20:33,641 [INFO] IPUIPlugin:80 - create IPUIPlugin
2024-10-20 17:20:33,642 [INFO] IPUIPlugin:80 - create IPUIPlugin
2024-10-20 17:20:33,642 [INFO] IPUIPlugin:80 - create IPUIPlugin
2024-10-20 17:20:33,642 [INFO] IPUIPlugin:80 - create IPUIPlugin
2024-10-20 17:20:33,642 [INFO] IPUIPlugin:80 - create IPUIPlugin
2024-10-20 17:20:33,643 [INFO] IPUIPlugin:80 - create IPUIPlugin
2024-10-20 17:20:33,643 [INFO] IPUIPlugin:80 - create IPUIPlugin
2024-10-20 17:20:33,643 [INFO] IPUIPlugin:80 - create IPUIPlugin
2024-10-20 17:20:33,643 [INFO] IPUIPlugin:80 - create IPUIPlugin
2024-10-20 17:20:33,643 [INFO] IPUIPlugin:80 - create IPUIPlugin
2024-10-20 17:20:33,644 [INFO] IPUIPlugin:80 - create IPUIPlugin
2024-10-20 17:20:33,644 [INFO] IPUIPlugin:80 - create IPUIPlugin
2024-10-20 17:20:33,645 [INFO] IPUIPlugin:80 - create IPUIPlugin
2024-10-20 17:20:33,645 [INFO] IPUIPlugin:80 - create IPUIPlugin
2024-10-20 17:20:33,645 [INFO] IPUIPlugin:80 - create IPUIPlugin
2024-10-20 17:20:33,646 [INFO] IPUIPlugin:80 - create IPUIPlugin
2024-10-20 17:20:33,646 [INFO] IPUIPlugin:80 - create IPUIPlugin
2024-10-20 17:20:33,647 [INFO] IPUIPlugin:80 - create IPUIPlugin
2024-10-20 17:20:33,647 [INFO] IPUIPlugin:80 - create IPUIPlugin
2024-10-20 17:20:33,648 [INFO] IPUIPlugin:80 - create IPUIPlugin
2024-10-20 17:20:33,648 [INFO] IPUIPlugin:80 - create IPUIPlugin
2024-10-20 17:20:33,649 [INFO] IPUIPlugin:80 - create IPUIPlugin
2024-10-20 17:20:33,649 [INFO] IPUIPlugin:80 - create IPUIPlugin
2024-10-20 17:20:33,650 [INFO] IPUIPlugin:80 - create IPUIPlugin
2024-10-20 17:20:33,650 [INFO] IPUIPlugin:80 - create IPUIPlugin
2024-10-20 17:20:33,651 [INFO] IPUIPlugin:80 - create IPUIPlugin
2024-10-20 17:20:33,651 [INFO] IPUIPlugin:80 - create IPUIPlugin
2024-10-20 17:20:33,652 [INFO] IPUIPlugin:80 - create IPUIPlugin
2024-10-20 17:20:33,652 [INFO] IPUIPlugin:80 - create IPUIPlugin
2024-10-20 17:20:33,652 [INFO] IPUIPlugin:80 - create IPUIPlugin
2024-10-20 17:20:33,653 [INFO] IPUIPlugin:80 - create IPUIPlugin
2024-10-20 17:20:33,654 [INFO] IPUIPlugin:80 - create IPUIPlugin
2024-10-20 17:20:33,655 [INFO] IPUIPlugin:80 - create IPUIPlugin
2024-10-20 17:20:33,655 [INFO] IPUIPlugin:80 - create IPUIPlugin
2024-10-20 17:20:33,656 [INFO] IPUIPlugin:80 - create IPUIPlugin
2024-10-20 17:20:33,656 [INFO] IPUIPlugin:80 - create IPUIPlugin
2024-10-20 17:20:33,656 [INFO] IPUIPlugin:80 - create IPUIPlugin
2024-10-20 17:20:33,787 [INFO] ApiDbMcu:507 - Load IP Config File for PDM2PCM
2024-10-20 17:20:34,120 [INFO] CADModel:165 - CPN selected for project levelSTM32F401RET6
2024-10-20 17:20:34,120 [INFO] CADModel:114 - Register for checkConnection events
2024-10-20 17:20:34,202 [INFO] OpenFileManager:328 - Restore cursor
2024-10-20 17:40:24,503 [INFO] Activator:176 - 


2024-10-20 17:40:24,506 [INFO] Activator:177 - !SESSION log4j initialized
2024-10-20 17:40:31,123 [INFO] LogOutputStream:77 - [STDOUT_REDIRECT] 
2024-10-20 19:03:52,532 [INFO] Activator:176 - 


2024-10-20 19:03:52,534 [INFO] Activator:177 - !SESSION log4j initialized
2024-10-20 19:03:56,560 [INFO] LogOutputStream:77 - [STDOUT_REDIRECT] 
