2024-10-27 15:43:22,313 [INFO] Activator:176 - 


2024-10-27 15:43:22,319 [INFO] Activator:177 - !SESSION log4j initialized
2024-10-27 15:43:28,680 [INFO] LogOutputStream:77 - [STDOUT_REDIRECT] 
2024-10-27 15:51:28,268 [INFO] ApplicationProperties:184 - Using Application install path: C:\ST\STM32CubeIDE_1.12.0\STM32CubeIDE\plugins\com.st.stm32cube.common.mx_6.8.0.202302231600
2024-10-27 15:51:28,293 [INFO] DbMcusXml:78 - Set database path to: C:\ST\STM32CubeIDE_1.12.0\STM32CubeIDE\plugins\com.st.stm32cube.common.mx_6.8.0.202302231600\\db\/mcu/
2024-10-27 15:51:28,293 [INFO] ApiDb:274 - Set plugin database path to: C:\ST\STM32CubeIDE_1.12.0\STM32CubeIDE\plugins\com.st.stm32cube.common.mx_6.8.0.202302231600\\db\/plugins/boardmanager/
2024-10-27 15:51:28,295 [WARN] ApiDb:259 - Overriding images path with different value:  => C:\ST\STM32CubeIDE_1.12.0\STM32CubeIDE\plugins\com.st.stm32cube.common.mx_6.8.0.202302231600\\db\/plugins/mcufinder/images/
2024-10-27 15:51:28,310 [INFO] ApiDb:250 - Set database path to: C:\Users\tobia\.stmcufinder\plugins\mcufinder//mcu/
2024-10-27 15:51:28,312 [INFO] DbMcusAds:125 - Set database path to: C:\Users\tobia\.stmcufinder\plugins\mcufinder//mcu/
2024-10-27 15:51:28,321 [INFO] CrossReferenceDbSqlite:203 - Set database path to: C:\Users\tobia\.stmcufinder\plugins\mcufinder//mcu/cs/
2024-10-27 15:51:28,444 [INFO] RulesReader:64 - Compatibility file has been processed (293 Rules)
2024-10-27 15:51:28,551 [INFO] DbMcusXml:78 - Set database path to: C:\ST\STM32CubeIDE_1.12.0\STM32CubeIDE\plugins\com.st.stm32cube.common.mx_6.8.0.202302231600\\db\/mcu/
2024-10-27 15:51:28,551 [INFO] ApiDb:274 - Set plugin database path to: C:\ST\STM32CubeIDE_1.12.0\STM32CubeIDE\plugins\com.st.stm32cube.common.mx_6.8.0.202302231600\\db\/plugins/boardmanager/
2024-10-27 15:51:28,551 [INFO] ApiDb:261 - Set plugin images path to: C:\ST\STM32CubeIDE_1.12.0\STM32CubeIDE\plugins\com.st.stm32cube.common.mx_6.8.0.202302231600\\db\/plugins/mcufinder/images/
2024-10-27 15:51:28,551 [WARN] DbFile:41 - Overriding database path with different value: C:\Users\tobia\.stmcufinder\plugins\mcufinder/ => C:\Users\tobia\.stmcufinder\plugins\mcufinder
2024-10-27 15:51:28,552 [INFO] ApiDb:250 - Set database path to: C:\Users\tobia\.stmcufinder\plugins\mcufinder//mcu/
2024-10-27 15:51:28,552 [WARN] DbFile:41 - Overriding database path with different value: C:\Users\tobia\.stmcufinder\plugins\mcufinder/ => C:\Users\tobia\.stmcufinder\plugins\mcufinder
2024-10-27 15:51:28,552 [INFO] DbMcusAds:125 - Set database path to: C:\Users\tobia\.stmcufinder\plugins\mcufinder//mcu/
2024-10-27 15:51:28,552 [WARN] DbFile:41 - Overriding database path with different value: C:\Users\tobia\.stmcufinder\plugins\mcufinder/ => C:\Users\tobia\.stmcufinder\plugins\mcufinder
2024-10-27 15:51:28,552 [WARN] DbFile:41 - Overriding database path with different value: C:\Users\tobia\.stmcufinder\plugins\mcufinder/ => C:\Users\tobia\.stmcufinder\plugins\mcufinder
2024-10-27 15:51:28,552 [INFO] CrossReferenceDbSqlite:203 - Set database path to: C:\Users\tobia\.stmcufinder\plugins\mcufinder//mcu/cs/
2024-10-27 15:51:28,629 [INFO] MainPanel:253 - HeapMemory: 268435456
2024-10-27 15:51:28,729 [INFO] DbMcusXml:78 - Set database path to: C:\ST\STM32CubeIDE_1.12.0\STM32CubeIDE\plugins\com.st.stm32cube.common.mx_6.8.0.202302231600\\db\/mcu/
2024-10-27 15:51:28,730 [INFO] ApiDb:274 - Set plugin database path to: C:\ST\STM32CubeIDE_1.12.0\STM32CubeIDE\plugins\com.st.stm32cube.common.mx_6.8.0.202302231600\\db\/plugins/boardmanager/
2024-10-27 15:51:28,730 [INFO] ApiDb:261 - Set plugin images path to: C:\ST\STM32CubeIDE_1.12.0\STM32CubeIDE\plugins\com.st.stm32cube.common.mx_6.8.0.202302231600\\db\/plugins/mcufinder/images/
2024-10-27 15:51:28,730 [WARN] DbFile:41 - Overriding database path with different value: C:\Users\tobia\.stmcufinder\plugins\mcufinder/ => C:\Users\tobia\.stmcufinder\plugins\mcufinder
2024-10-27 15:51:28,730 [INFO] ApiDb:250 - Set database path to: C:\Users\tobia\.stmcufinder\plugins\mcufinder//mcu/
2024-10-27 15:51:28,730 [WARN] DbFile:41 - Overriding database path with different value: C:\Users\tobia\.stmcufinder\plugins\mcufinder/ => C:\Users\tobia\.stmcufinder\plugins\mcufinder
2024-10-27 15:51:28,730 [INFO] DbMcusAds:125 - Set database path to: C:\Users\tobia\.stmcufinder\plugins\mcufinder//mcu/
2024-10-27 15:51:28,730 [WARN] DbFile:41 - Overriding database path with different value: C:\Users\tobia\.stmcufinder\plugins\mcufinder/ => C:\Users\tobia\.stmcufinder\plugins\mcufinder
2024-10-27 15:51:28,730 [WARN] DbFile:41 - Overriding database path with different value: C:\Users\tobia\.stmcufinder\plugins\mcufinder/ => C:\Users\tobia\.stmcufinder\plugins\mcufinder
2024-10-27 15:51:28,730 [INFO] CrossReferenceDbSqlite:203 - Set database path to: C:\Users\tobia\.stmcufinder\plugins\mcufinder//mcu/cs/
2024-10-27 15:51:28,746 [INFO] ApplicationProperties:184 - Using Application install path: C:\ST\STM32CubeIDE_1.12.0\STM32CubeIDE\plugins\com.st.stm32cube.common.mx_6.8.0.202302231600
2024-10-27 15:51:28,747 [INFO] PluginManage:196 - Search for loadable plugins [exclusion list=, ]
2024-10-27 15:51:28,748 [INFO] PluginManage:310 - Check plugin analytics
2024-10-27 15:51:28,909 [INFO] AnalyticsPlugin:253 - Accepted Software Licenses: 
2024-10-27 15:51:28,910 [INFO] AnalyticsPlugin:255 - Accepted CMSIS Pack Licenses: 
2024-10-27 15:51:28,910 [INFO] AnalyticsPlugin:257 - Accepted Firmware Licenses: 
2024-10-27 15:51:28,920 [INFO] PluginManage:359 - Loaded plugin analytics (category:tool,tabindex:-1)
2024-10-27 15:51:28,921 [INFO] PluginManage:310 - Check plugin cadmodel
2024-10-27 15:51:28,938 [INFO] CADModel:105 - Init CAD model plugin
2024-10-27 15:51:28,939 [INFO] PluginManage:359 - Loaded plugin cadmodel (category:power,tabindex:5)
2024-10-27 15:51:28,939 [INFO] PluginManage:310 - Check plugin clock
2024-10-27 15:51:28,962 [INFO] PluginManage:359 - Loaded plugin clock (category:base,tabindex:2)
2024-10-27 15:51:28,963 [INFO] PluginManage:310 - Check plugin ddr
2024-10-27 15:51:28,969 [INFO] PluginManage:359 - Loaded plugin ddr (category:tool,tabindex:6)
2024-10-27 15:51:28,969 [INFO] PluginManage:310 - Check plugin filemanager
2024-10-27 15:51:29,161 [INFO] PluginManage:359 - Loaded plugin filemanager (category:base,tabindex:10)
2024-10-27 15:51:29,161 [INFO] PluginManage:310 - Check plugin ipmanager
2024-10-27 15:51:29,168 [INFO] PluginManage:359 - Loaded plugin ipmanager (category:base,tabindex:5)
2024-10-27 15:51:29,169 [INFO] PluginManage:310 - Check plugin lpbam
2024-10-27 15:51:29,183 [INFO] PluginManage:359 - Loaded plugin lpbam (category:base,tabindex:0)
2024-10-27 15:51:29,183 [INFO] PluginManage:310 - Check plugin pinoutandconfiguration
2024-10-27 15:51:29,196 [INFO] PluginManage:359 - Loaded plugin pinoutandconfiguration (category:base,tabindex:1)
2024-10-27 15:51:29,197 [INFO] PluginManage:310 - Check plugin pinoutconfig
2024-10-27 15:51:29,286 [WARN] SupportedApi:132 - Cannot load RTOS API schema: s4s-elt-must-match.1: The content of 'definitions' must match (annotation?, (simpleType | complexType)?, (unique | key | keyref)*)). A problem was found starting at: attribute.
2024-10-27 15:51:29,399 [INFO] PluginManage:359 - Loaded plugin pinoutconfig (category:base,tabindex:0)
2024-10-27 15:51:29,399 [INFO] PluginManage:310 - Check plugin power
2024-10-27 15:51:29,412 [INFO] PluginManage:359 - Loaded plugin power (category:power,tabindex:4)
2024-10-27 15:51:29,412 [INFO] PluginManage:310 - Check plugin projectmanager
2024-10-27 15:51:29,425 [INFO] PluginManage:359 - Loaded plugin projectmanager (category:projectmanager,tabindex:3)
2024-10-27 15:51:29,425 [INFO] PluginManage:310 - Check plugin thirdparty
2024-10-27 15:51:29,697 [INFO] PluginManage:359 - Loaded plugin thirdparty (category:base,tabindex:-1)
2024-10-27 15:51:29,697 [INFO] PluginManage:310 - Check plugin tools
2024-10-27 15:51:29,698 [WARN] IntegrityCheckThread:84 - waiting for thirdparty lock release [integrity check]
2024-10-27 15:51:29,698 [INFO] IntegrityCheckThread:86 - entering critical section [integrity check]
2024-10-27 15:51:29,700 [INFO] ThirdPartyUpdaterWithRetryManager:70 - Updater plugin not ready yet. [1/15]
2024-10-27 15:51:29,726 [INFO] PluginManage:359 - Loaded plugin tools (category:base,tabindex:7)
2024-10-27 15:51:29,726 [INFO] PluginManage:310 - Check plugin tutovideos
2024-10-27 15:51:30,003 [INFO] PluginManage:359 - Loaded plugin tutovideos (category:base,tabindex:-1)
2024-10-27 15:51:30,003 [INFO] PluginManage:310 - Check plugin updater
2024-10-27 15:51:30,019 [INFO] PluginManage:359 - Loaded plugin updater (category:base,tabindex:12)
2024-10-27 15:51:30,020 [INFO] PluginManage:283 - PluginManage : Loaded plugins [15]
2024-10-27 15:51:30,284 [INFO] PinOutPanel:1499 - setPackage(No Configuration,No Configuration)
2024-10-27 15:51:30,351 [INFO] CADModel:165 - CPN selected for project level
2024-10-27 15:51:30,351 [INFO] CADModel:114 - Register for checkConnection events
2024-10-27 15:51:30,380 [INFO] IPUIPlugin:80 - create IPUIPlugin
2024-10-27 15:51:30,380 [INFO] PluginManager:220 - loadIPPluginJar : add adc
2024-10-27 15:51:30,416 [INFO] IPUIPlugin:80 - create IPUIPlugin
2024-10-27 15:51:30,416 [INFO] PluginManager:220 - loadIPPluginJar : add aes
2024-10-27 15:51:30,441 [INFO] IPUIPlugin:80 - create IPUIPlugin
2024-10-27 15:51:30,442 [INFO] PluginManager:220 - loadIPPluginJar : add can
2024-10-27 15:51:30,462 [INFO] IPUIPlugin:80 - create IPUIPlugin
2024-10-27 15:51:30,462 [INFO] PluginManager:220 - loadIPPluginJar : add comp
2024-10-27 15:51:30,483 [INFO] IPUIPlugin:80 - create IPUIPlugin
2024-10-27 15:51:30,484 [INFO] PluginManager:220 - loadIPPluginJar : add cryp
2024-10-27 15:51:30,504 [INFO] IPUIPlugin:80 - create IPUIPlugin
2024-10-27 15:51:30,504 [INFO] PluginManager:220 - loadIPPluginJar : add dfsdm
2024-10-27 15:51:30,516 [INFO] IPUIPlugin:80 - create IPUIPlugin
2024-10-27 15:51:30,517 [INFO] PluginManager:220 - loadIPPluginJar : add dma
2024-10-27 15:51:30,545 [INFO] IPUIPlugin:80 - create IPUIPlugin
2024-10-27 15:51:30,546 [INFO] PluginManager:220 - loadIPPluginJar : add dma3
2024-10-27 15:51:30,561 [INFO] IPUIPlugin:80 - create IPUIPlugin
2024-10-27 15:51:30,561 [INFO] PluginManager:220 - loadIPPluginJar : add fatfs
2024-10-27 15:51:30,601 [INFO] IPUIPlugin:80 - create IPUIPlugin
2024-10-27 15:51:30,601 [INFO] PluginManager:220 - loadIPPluginJar : add fmc
2024-10-27 15:51:30,613 [INFO] IPUIPlugin:80 - create IPUIPlugin
2024-10-27 15:51:30,613 [INFO] PluginManager:220 - loadIPPluginJar : add freertos
2024-10-27 15:51:30,629 [INFO] IPUIPlugin:80 - create IPUIPlugin
2024-10-27 15:51:30,629 [INFO] PluginManager:220 - loadIPPluginJar : add genericplugin
2024-10-27 15:51:30,686 [INFO] IPUIPlugin:80 - create IPUIPlugin
2024-10-27 15:51:30,686 [INFO] PluginManager:220 - loadIPPluginJar : add gfxmmu
2024-10-27 15:51:30,767 [INFO] IPUIPlugin:80 - create IPUIPlugin
2024-10-27 15:51:30,767 [INFO] PluginManager:220 - loadIPPluginJar : add gic
2024-10-27 15:51:30,776 [INFO] IPUIPlugin:80 - create IPUIPlugin
2024-10-27 15:51:30,776 [INFO] PluginManager:220 - loadIPPluginJar : add gpio
2024-10-27 15:51:30,833 [INFO] IPUIPlugin:80 - create IPUIPlugin
2024-10-27 15:51:30,833 [INFO] PluginManager:220 - loadIPPluginJar : add gtzc
2024-10-27 15:51:30,854 [INFO] IPUIPlugin:80 - create IPUIPlugin
2024-10-27 15:51:30,854 [INFO] PluginManager:220 - loadIPPluginJar : add hash
2024-10-27 15:51:30,887 [INFO] IPUIPlugin:80 - create IPUIPlugin
2024-10-27 15:51:30,888 [INFO] PluginManager:220 - loadIPPluginJar : add i2c
2024-10-27 15:51:30,912 [INFO] IPUIPlugin:80 - create IPUIPlugin
2024-10-27 15:51:30,913 [INFO] PluginManager:220 - loadIPPluginJar : add i2s
2024-10-27 15:51:30,939 [INFO] IPUIPlugin:80 - create IPUIPlugin
2024-10-27 15:51:30,939 [INFO] PluginManager:220 - loadIPPluginJar : add i3c
2024-10-27 15:51:31,003 [INFO] IPUIPlugin:80 - create IPUIPlugin
2024-10-27 15:51:31,003 [INFO] PluginManager:220 - loadIPPluginJar : add ipddr
2024-10-27 15:51:31,061 [INFO] IPUIPlugin:80 - create IPUIPlugin
2024-10-27 15:51:31,061 [INFO] PluginManager:220 - loadIPPluginJar : add linkedlist
2024-10-27 15:51:31,082 [INFO] IPUIPlugin:80 - create IPUIPlugin
2024-10-27 15:51:31,082 [INFO] PluginManager:220 - loadIPPluginJar : add lorawan
2024-10-27 15:51:31,106 [INFO] IPUIPlugin:80 - create IPUIPlugin
2024-10-27 15:51:31,106 [INFO] PluginManager:220 - loadIPPluginJar : add ltdc
2024-10-27 15:51:31,119 [INFO] IPUIPlugin:80 - create IPUIPlugin
2024-10-27 15:51:31,119 [INFO] PluginManager:220 - loadIPPluginJar : add mdma
2024-10-27 15:51:31,128 [INFO] IPUIPlugin:80 - create IPUIPlugin
2024-10-27 15:51:31,128 [INFO] PluginManager:220 - loadIPPluginJar : add nvic
2024-10-27 15:51:31,152 [INFO] IPUIPlugin:80 - create IPUIPlugin
2024-10-27 15:51:31,152 [INFO] PluginManager:220 - loadIPPluginJar : add opamp
2024-10-27 15:51:31,192 [INFO] IPUIPlugin:80 - create IPUIPlugin
2024-10-27 15:51:31,193 [INFO] PluginManager:220 - loadIPPluginJar : add openamp
2024-10-27 15:51:31,227 [INFO] IPUIPlugin:80 - create IPUIPlugin
2024-10-27 15:51:31,227 [INFO] PluginManager:220 - loadIPPluginJar : add pdm2pcm
2024-10-27 15:51:31,239 [INFO] IPUIPlugin:80 - create IPUIPlugin
2024-10-27 15:51:31,241 [INFO] PluginManager:220 - loadIPPluginJar : add plateformsettings
2024-10-27 15:51:31,259 [INFO] IPUIPlugin:80 - create IPUIPlugin
2024-10-27 15:51:31,260 [INFO] PluginManager:220 - loadIPPluginJar : add quadspi
2024-10-27 15:51:31,270 [INFO] IPUIPlugin:80 - create IPUIPlugin
2024-10-27 15:51:31,270 [INFO] PluginManager:220 - loadIPPluginJar : add resmgrutility
2024-10-27 15:51:31,301 [INFO] IPUIPlugin:80 - create IPUIPlugin
2024-10-27 15:51:31,301 [INFO] PluginManager:220 - loadIPPluginJar : add sai
2024-10-27 15:51:31,326 [INFO] IPUIPlugin:80 - create IPUIPlugin
2024-10-27 15:51:31,327 [INFO] PluginManager:220 - loadIPPluginJar : add spi
2024-10-27 15:51:31,366 [INFO] IPUIPlugin:80 - create IPUIPlugin
2024-10-27 15:51:31,366 [INFO] PluginManager:220 - loadIPPluginJar : add stm32_wpan
2024-10-27 15:51:31,382 [INFO] IPUIPlugin:80 - create IPUIPlugin
2024-10-27 15:51:31,382 [INFO] PluginManager:220 - loadIPPluginJar : add tim
2024-10-27 15:51:31,418 [INFO] IPUIPlugin:80 - create IPUIPlugin
2024-10-27 15:51:31,418 [INFO] PluginManager:220 - loadIPPluginJar : add touchsensing
2024-10-27 15:51:31,433 [INFO] IPUIPlugin:80 - create IPUIPlugin
2024-10-27 15:51:31,433 [INFO] PluginManager:220 - loadIPPluginJar : add tracer_emb
2024-10-27 15:51:31,448 [INFO] IPUIPlugin:80 - create IPUIPlugin
2024-10-27 15:51:31,448 [INFO] PluginManager:220 - loadIPPluginJar : add ts
2024-10-27 15:51:31,463 [INFO] IPUIPlugin:80 - create IPUIPlugin
2024-10-27 15:51:31,463 [INFO] PluginManager:220 - loadIPPluginJar : add tsc
2024-10-27 15:51:31,478 [INFO] IPUIPlugin:80 - create IPUIPlugin
2024-10-27 15:51:31,478 [INFO] PluginManager:220 - loadIPPluginJar : add ucpd
2024-10-27 15:51:31,506 [INFO] IPUIPlugin:80 - create IPUIPlugin
2024-10-27 15:51:31,506 [INFO] PluginManager:220 - loadIPPluginJar : add usart
2024-10-27 15:51:31,535 [INFO] IPUIPlugin:80 - create IPUIPlugin
2024-10-27 15:51:31,535 [INFO] PluginManager:220 - loadIPPluginJar : add usbx
2024-10-27 15:51:31,652 [INFO] CADModel:165 - CPN selected for project level
2024-10-27 15:51:31,652 [INFO] CADModel:114 - Register for checkConnection events
2024-10-27 15:51:31,652 [FATAL] Updater:308 - Updater called before beeing initialized
2024-10-27 15:51:31,653 [ERROR] CADModel:125 - Updater not yet initialized, retry later 
2024-10-27 15:51:31,789 [INFO] CADModel:165 - CPN selected for project level
2024-10-27 15:51:31,789 [INFO] CADModel:114 - Register for checkConnection events
2024-10-27 15:51:31,789 [FATAL] Updater:308 - Updater called before beeing initialized
2024-10-27 15:51:31,790 [ERROR] CADModel:125 - Updater not yet initialized, retry later 
2024-10-27 15:51:31,792 [FATAL] Updater:308 - Updater called before beeing initialized
2024-10-27 15:51:31,871 [FATAL] Updater:308 - Updater called before beeing initialized
2024-10-27 15:51:31,880 [INFO] DbMcusAds:53 - JSON generation date=Fri Sep 20 15:04:23 CEST 2024 (1726837463113)
2024-10-27 15:51:31,880 [FATAL] Updater:308 - Updater called before beeing initialized
2024-10-27 15:51:31,940 [WARN] DetailPanel:346 - Failed to get advertising image, set to default
2024-10-27 15:51:32,009 [FATAL] Updater:308 - Updater called before beeing initialized
2024-10-27 15:51:32,011 [FATAL] Updater:308 - Updater called before beeing initialized
2024-10-27 15:51:32,011 [FATAL] Updater:308 - Updater called before beeing initialized
2024-10-27 15:51:32,011 [WARN] DetailPanel:346 - Failed to get advertising image, set to default
2024-10-27 15:51:32,012 [FATAL] Updater:308 - Updater called before beeing initialized
2024-10-27 15:51:32,060 [ERROR] Updater:1120 - MainUpdater not yet initialized. External WinMGr cannot be set.
2024-10-27 15:51:32,067 [INFO] Updater:1056 - Updater Version found : 6.8.0
2024-10-27 15:51:32,083 [INFO] ApplicationProperties:184 - Using Application install path: C:\ST\STM32CubeIDE_1.12.0\STM32CubeIDE\plugins\com.st.stm32cube.common.mx_6.8.0.202302231600
2024-10-27 15:51:32,272 [INFO] MainUpdater:2854 - connection check result : 10
2024-10-27 15:51:32,272 [INFO] MainUpdater:3548 - Updater definition file requires update
2024-10-27 15:51:32,274 [INFO] MainUpdater:283 - Updater Check For Update Now.
2024-10-27 15:51:32,274 [INFO] MicroXplorer:498 - Change Database Version : DB.6.0.80
2024-10-27 15:51:32,320 [INFO] ServerAccessManage:473 - Download File updaters.zip
2024-10-27 15:51:32,615 [INFO] FileExtend:240 - Unzip File : updaters.zip
2024-10-27 15:51:32,615 [INFO] FileExtend:255 - Standard Zip Deflate
2024-10-27 15:51:32,736 [WARN] MainUpdater:1187 - Updater busy. Cannot search thirdparties
2024-10-27 15:51:32,736 [INFO] ThirdPartyUpdaterWithRetryManager:96 - Updater plugin is busy. [1/15]
2024-10-27 15:51:33,174 [INFO] ServerAccessManage:473 - Download File PacksControlFlags.xml
2024-10-27 15:51:33,308 [INFO] ServerAccessManage:473 - Download File cubemx.pidx
2024-10-27 15:51:33,398 [INFO] LoadServerUpdatesThread:373 - End of LoadServerUpdate Thread
2024-10-27 15:51:33,600 [INFO] CheckServerUpdateThread:120 - End of CheckServer Thread
2024-10-27 15:51:33,771 [INFO] MainUpdater:2854 - connection check result : 10
2024-10-27 15:51:33,815 [INFO] McuFinderGlobals:66 - Set McuFinderConnectedMode to true
2024-10-27 15:51:34,196 [INFO] ServerAccessManage:473 - Download File mcusAds.json._tmp_
2024-10-27 15:51:34,306 [INFO] LoadUrlFilesThread:156 - End of LoadUrlFiles Thread
2024-10-27 15:51:34,495 [INFO] ServerAccessManage:473 - Download File cube-finder-db.zip
2024-10-27 15:51:35,737 [WARN] MainUpdater:1187 - Updater busy. Cannot search thirdparties
2024-10-27 15:51:35,737 [INFO] ThirdPartyUpdaterWithRetryManager:96 - Updater plugin is busy. [2/15]
2024-10-27 15:51:38,752 [WARN] MainUpdater:1187 - Updater busy. Cannot search thirdparties
2024-10-27 15:51:38,752 [INFO] ThirdPartyUpdaterWithRetryManager:96 - Updater plugin is busy. [3/15]
2024-10-27 15:51:41,761 [WARN] MainUpdater:1187 - Updater busy. Cannot search thirdparties
2024-10-27 15:51:41,761 [INFO] ThirdPartyUpdaterWithRetryManager:96 - Updater plugin is busy. [4/15]
2024-10-27 15:51:44,775 [WARN] MainUpdater:1187 - Updater busy. Cannot search thirdparties
2024-10-27 15:51:44,775 [INFO] ThirdPartyUpdaterWithRetryManager:96 - Updater plugin is busy. [5/15]
2024-10-27 15:51:47,787 [WARN] MainUpdater:1187 - Updater busy. Cannot search thirdparties
2024-10-27 15:51:47,787 [INFO] ThirdPartyUpdaterWithRetryManager:96 - Updater plugin is busy. [6/15]
2024-10-27 15:51:50,799 [WARN] MainUpdater:1187 - Updater busy. Cannot search thirdparties
2024-10-27 15:51:50,799 [INFO] ThirdPartyUpdaterWithRetryManager:96 - Updater plugin is busy. [7/15]
2024-10-27 15:51:53,812 [WARN] MainUpdater:1187 - Updater busy. Cannot search thirdparties
2024-10-27 15:51:53,812 [INFO] ThirdPartyUpdaterWithRetryManager:96 - Updater plugin is busy. [8/15]
2024-10-27 15:51:56,827 [WARN] MainUpdater:1187 - Updater busy. Cannot search thirdparties
2024-10-27 15:51:56,827 [INFO] ThirdPartyUpdaterWithRetryManager:96 - Updater plugin is busy. [9/15]
2024-10-27 15:51:59,833 [WARN] MainUpdater:1187 - Updater busy. Cannot search thirdparties
2024-10-27 15:51:59,833 [INFO] ThirdPartyUpdaterWithRetryManager:96 - Updater plugin is busy. [10/15]
2024-10-27 15:52:02,841 [WARN] MainUpdater:1187 - Updater busy. Cannot search thirdparties
2024-10-27 15:52:02,841 [INFO] ThirdPartyUpdaterWithRetryManager:96 - Updater plugin is busy. [11/15]
2024-10-27 15:52:05,854 [WARN] MainUpdater:1187 - Updater busy. Cannot search thirdparties
2024-10-27 15:52:05,855 [INFO] ThirdPartyUpdaterWithRetryManager:96 - Updater plugin is busy. [12/15]
2024-10-27 15:52:07,987 [INFO] FileExtend:240 - Unzip File : cube-finder-db.zip
2024-10-27 15:52:07,988 [INFO] FileExtend:255 - Standard Zip Deflate
2024-10-27 15:52:08,868 [WARN] MainUpdater:1187 - Updater busy. Cannot search thirdparties
2024-10-27 15:52:08,869 [INFO] ThirdPartyUpdaterWithRetryManager:96 - Updater plugin is busy. [13/15]
2024-10-27 15:52:08,898 [INFO] LoadUrlFilesThread:156 - End of LoadUrlFiles Thread
2024-10-27 15:52:09,189 [INFO] ServerAccessManage:473 - Download File crdb.zip
2024-10-27 15:52:09,891 [INFO] FileExtend:240 - Unzip File : crdb.zip
2024-10-27 15:52:09,891 [INFO] FileExtend:255 - Standard Zip Deflate
2024-10-27 15:52:10,033 [INFO] LoadUrlFilesThread:156 - End of LoadUrlFiles Thread
2024-10-27 15:52:10,199 [INFO] ServerAccessManage:473 - Download File tutoVideoDB.zip
2024-10-27 15:52:10,324 [INFO] FileExtend:240 - Unzip File : tutoVideoDB.zip
2024-10-27 15:52:10,324 [INFO] FileExtend:255 - Standard Zip Deflate
2024-10-27 15:52:10,453 [INFO] LoadUrlFilesThread:156 - End of LoadUrlFiles Thread
2024-10-27 15:52:10,492 [WARN] DbFile:41 - Overriding database path with different value: C:\Users\tobia\.stmcufinder\plugins\mcufinder/ => C:\Users\tobia\.stmcufinder\plugins\mcufinder
2024-10-27 15:52:10,628 [INFO] ServerAccessManage:473 - Download File api_config.json
2024-10-27 15:52:10,748 [INFO] LoadUrlFilesThread:156 - End of LoadUrlFiles Thread
2024-10-27 15:52:10,750 [INFO] DbMcusAds:53 - JSON generation date=Fri Sep 20 15:04:23 CEST 2024 (1726837463113)
2024-10-27 15:52:10,797 [INFO] LoadUrlFilesThread:185 - End of LoadServerUrlFiles without Thread
2024-10-27 15:52:10,797 [INFO] TargetSelectorAdapter:259 - Refresh data is successful
2024-10-27 15:52:10,902 [INFO] ApiDb:581 - Connected to CubeFinder SQLite database (C:\Users\tobia\.stmcufinder\plugins\mcufinder\mcu\cube-finder-db.db)
2024-10-27 15:52:10,937 [INFO] ApiDb:668 - CubeFinder database Data Model version=2.1
2024-10-27 15:52:10,937 [INFO] ApiDb:669 - CubeFinder database Configuration version=3.0.39
2024-10-27 15:52:10,937 [INFO] ApiDb:670 - CubeFinder database generation date=2024-10-15 (1729006872)
2024-10-27 15:52:10,937 [INFO] ApiDb:671 - CubeFinder database FW Pack versions=[FP-ATR-ASTRA1_V2.0.0, FP-SNS-FLIGHT1_V5.0.2, FP-SNS-MOTENV1_V5.0.0, FP-SNS-MOTENVWB1_V1.4.0, FP-SNS-SMARTAG2_V1.2.0, FP-SNS-STBOX1_V2.0.0, STM32Cube_FW_C0_V1.2.0, STM32Cube_FW_F4_V1.28.1, STM32Cube_FW_F7_V1.17.2, STM32Cube_FW_G0_V1.6.2, STM32Cube_FW_G4_V1.6.0, STM32Cube_FW_H5_V1.3.0, STM32Cube_FW_H7RS_V1.1.0, STM32Cube_FW_H7_V1.11.2, STM32Cube_FW_L0_V1.12.2, STM32Cube_FW_L5_V1.5.1, STM32Cube_FW_U0_V1.1.0, STM32Cube_FW_U5_V1.6.0, STM32Cube_FW_WB0_V1.0.0, STM32Cube_FW_WBA_V1.4.1, STM32Cube_FW_WB_V1.20.0, STM32Cube_FW_WL_V1.3.0, X-CUBE-ALGOBUILD_V1.4.0, X-CUBE-ALS_V1.0.2, X-CUBE-AZRTOS-F4_V1.1.0, X-CUBE-AZRTOS-F7_V1.1.0, X-CUBE-AZRTOS-G0_V1.1.0, X-CUBE-AZRTOS-G4_V2.0.0, X-CUBE-AZRTOS-H7RS_V1.0.0, X-CUBE-AZRTOS-H7_V3.3.0, X-CUBE-AZRTOS-L4_V2.0.0, X-CUBE-AZRTOS-L5_V2.0.0, X-CUBE-AZRTOS-WB_V2.0.0, X-CUBE-AZRTOS-WL_V2.0.0, X-CUBE-BLE1_V7.0.0, X-CUBE-BLE2_V3.3.0, X-CUBE-BLEMGR_V3.1.0, X-CUBE-EEPRMA1_V5.1.0, X-CUBE-FREERTOS_V1.2.0, X-CUBE-GNSS1_V6.0.0, X-CUBE-MEMS1_V11.0.0, X-CUBE-NFC4_V3.0.0, X-CUBE-NFC7_V1.0.1, X-CUBE-SFXS2LP1_V4.0.0, X-CUBE-SUBG2_V5.0.0, X-CUBE-TOF1_V3.4.2]
2024-10-27 15:52:12,082 [WARN] PackLoader:240 - Cannot read IP mode file for STMicroelectronics.FP-SNS-MOTENVWB1.1.4.0
2024-10-27 15:52:12,102 [WARN] PackLoader:240 - Cannot read IP mode file for STMicroelectronics.X-CUBE-SMBUS.2.1.0
2024-10-27 15:52:12,122 [WARN] PackLoader:240 - Cannot read IP mode file for STMicroelectronics.X-CUBE-WB05N.1.1.0
2024-10-27 15:52:12,138 [WARN] PackLoader:240 - Cannot read IP mode file for STMicroelectronics.X-CUBE-TOUCHGFX.4.23.1
2024-10-27 15:52:12,152 [WARN] PackLoader:240 - Cannot read IP mode file for STMicroelectronics.X-CUBE-TOUCHGFX.4.23.0
2024-10-27 15:52:12,187 [WARN] PackLoader:240 - Cannot read IP mode file for STMicroelectronics.X-CUBE-AZRTOS-F7.1.1.0
2024-10-27 15:52:12,203 [WARN] PackLoader:240 - Cannot read IP mode file for STMicroelectronics.FP-SNS-MOTENV1.4.3.2
2024-10-27 15:52:12,276 [INFO] ApiDb:240 - Found 297 in-development CPN: [B-G473E-ZEST1S, B-WB1M-WPAN1, B-WL5M-SUBG1, NUCLEO-C031C6, NUCLEO-H503RB, NUCLEO-H563ZI, NUCLEO-U545RE-Q, NUCLEO-U5A5ZJ-Q, NUCLEO-WBA52CG, STEVAL-PROTEUS1, STEVAL-STWINBX1, STM320518-EVAL, STM32C0116-DK, STM32C011D6Y3TR, STM32C011D6Y6TR, STM32C011F4P3, STM32C011F4P6, STM32C011F4U3, STM32C011F4U6TR, STM32C011F6P3, STM32C011F6P6, STM32C011F6U3, STM32C011F6U6TR, STM32C011J4M3, STM32C011J4M6, STM32C011J6M3, STM32C011J6M6, STM32C0316-DK, STM32C031C4T3, STM32C031C4T6, STM32C031C4U3, STM32C031C4U6, STM32C031C6T3, STM32C031C6T6, STM32C031C6U3, STM32C031C6U6, STM32C031F4P3, STM32C031F4P6, STM32C031F6P3, STM32C031F6P6, STM32C031G4U3, STM32C031G4U6, STM32C031G6U3, STM32C031G6U6, STM32C031K4T3, STM32C031K4T6, STM32C031K4U3, STM32C031K4U6, STM32C031K6T3, STM32C031K6T6, STM32C031K6U3, STM32C031K6U6, STM32G071K8TXN, STM32G071K8UXN, STM32G081GBU6N, STM32G081KBT6N, STM32G081KBUXN, STM32G0B1CCT6N, STM32G0B1KCT6, STM32G0B1NEY6TR, STM32G0B1RCT6N, STM32G0C1CCT6, STM32G0C1CCT6N, STM32G0C1CCU6N, STM32G0C1CET6N, STM32G0C1CEU6N, STM32G0C1KCT6, STM32G0C1NEY6TR, STM32G0C1RCI6N, STM32G0C1RCT6N, STM32G0C1REI6N, STM32G0C1RET6N, STM32G0C1VCI6, STM32G0C1VEI6, STM32G471CCT6, STM32G471CCU6, STM32G471CET3, STM32G471CET6, STM32G471CEU3, STM32G471CEU6, STM32G471MCT6, STM32G471MET3, STM32G471MET6, STM32G471MEY6TR, STM32G471QCT6, STM32G471QET3, STM32G471RCT6, STM32G471RET3, STM32G471RET6, STM32G471VCH6, STM32G471VCI6, STM32G471VCT6, STM32G471VEH3, STM32G471VEH6, STM32G471VEI3, STM32G471VEI6, STM32G471VET3, STM32G471VET6, STM32G474CCT6, STM32H503CBT6, STM32H503CBU6, STM32H503EBY6TR, STM32H503KBU6, STM32H503RBT6, STM32H562AGI6, STM32H562AII6, STM32H562IGK6, STM32H562IGT6, STM32H562IIK6, STM32H562IIT6, STM32H562RGT6, STM32H562RGV6, STM32H562RIT6, STM32H562RIV6, STM32H562VGT6, STM32H562VIT6, STM32H562ZGT6, STM32H562ZIT6, STM32H563AGI6, STM32H563AII3Q, STM32H563AII6, STM32H563IGK6, STM32H563IGT6, STM32H563IIK3Q, STM32H563IIK6, STM32H563IIT3Q, STM32H563IIT6, STM32H563MIY3QTR, STM32H563RGT6, STM32H563RGV6, STM32H563RIT6, STM32H563RIV6, STM32H563VGT6, STM32H563VIT3Q, STM32H563VIT6, STM32H563ZGT6, STM32H563ZIT3Q, STM32H563ZIT6, STM32H573AII3Q, STM32H573AII6, STM32H573I-DK, STM32H573IIK3Q, STM32H573IIK6, STM32H573IIT3Q, STM32H573IIT6, STM32H573MIY3QTR, STM32H573RIT6, STM32H573RIV6, STM32H573VIT3Q, STM32H573VIT6, STM32H573ZIT3Q, STM32H573ZIT6, STM32L4R5QGI6STR, STM32MP131AAE3, STM32MP131AAF3, STM32MP131AAG3, STM32MP131CAE3, STM32MP131CAF3, STM32MP131CAG3, STM32MP131DAE7, STM32MP131DAF7, STM32MP131DAG7, STM32MP131FAE7, STM32MP131FAF7, STM32MP131FAG7, STM32MP133AAE3, STM32MP133AAF3, STM32MP133AAG3, STM32MP133CAE3, STM32MP133CAF3, STM32MP133CAG3, STM32MP133DAE7, STM32MP133DAF7, STM32MP133DAG7, STM32MP133FAE7, STM32MP133FAF7, STM32MP133FAG7, STM32MP135AAE3, STM32MP135AAF3, STM32MP135AAG3, STM32MP135CAE3, STM32MP135CAF3, STM32MP135CAG3, STM32MP135DAE7, STM32MP135DAF7, STM32MP135DAG7, STM32MP135F-DK, STM32MP135FAE7, STM32MP135FAF7, STM32MP135FAF7T, STM32MP135FAF7U, STM32MP135FAG7, STM32U535CBT6, STM32U535CBT6Q, STM32U535CBU6, STM32U535CBU6Q, STM32U535CCT6, STM32U535CCT6Q, STM32U535CCU6, STM32U535CCU6Q, STM32U535CET6, STM32U535CET6Q, STM32U535CEU6, STM32U535CEU6Q, STM32U535JEY6QTR, STM32U535NCY6QTR, STM32U535NEY6QTR, STM32U535RBI6, STM32U535RBI6Q, STM32U535RBT6, STM32U535RBT6Q, STM32U535RCI6, STM32U535RCI6Q, STM32U535RCT6, STM32U535RCT6Q, STM32U535REI6, STM32U535REI6Q, STM32U535RET6, STM32U535RET6Q, STM32U535VCI6, STM32U535VCI6Q, STM32U535VCT6, STM32U535VCT6Q, STM32U535VEI6, STM32U535VEI6Q, STM32U535VET6, STM32U535VET6Q, STM32U545CET6, STM32U545CET6Q, STM32U545CEU6, STM32U545CEU6Q, STM32U545JEY6QTR, STM32U545NEY6QTR, STM32U545REI6, STM32U545REI6Q, STM32U545RET6, STM32U545RET6Q, STM32U545VEI6, STM32U545VEI6Q, STM32U545VET6, STM32U545VET6Q, STM32U595AIH6, STM32U595AIH6Q, STM32U595AJH6, STM32U595AJH6Q, STM32U595QII6, STM32U595QII6Q, STM32U595QJI6, STM32U595QJI6Q, STM32U595RIT6, STM32U595RIT6Q, STM32U595RJT6, STM32U595RJT6Q, STM32U595VIT6, STM32U595VIT6Q, STM32U595VJT6, STM32U595VJT6Q, STM32U595ZIT6, STM32U595ZIT6Q, STM32U595ZIY6QTR, STM32U595ZJT6, STM32U595ZJT6Q, STM32U595ZJY6QTR, STM32U599BJY6QTR, STM32U599NIH6Q, STM32U599NJH6Q, STM32U599VIT6Q, STM32U599VJT6, STM32U599VJT6Q, STM32U599ZIT6Q, STM32U599ZIY6QTR, STM32U599ZJT6Q, STM32U599ZJY6QTR, STM32U5A5AJH6, STM32U5A5AJH6Q, STM32U5A5QJI6, STM32U5A5QJI6Q, STM32U5A5RJT6, STM32U5A5RJT6Q, STM32U5A5VJT6, STM32U5A5VJT6Q, STM32U5A5ZJT6, STM32U5A5ZJT6Q, STM32U5A5ZJY6QTR, STM32U5A9BJY6QTR, STM32U5A9J-DK, STM32U5A9NJH6Q, STM32U5A9VJT6Q, STM32U5A9ZJT6Q, STM32U5A9ZJY6QTR, STM32WB1MMCH6, STM32WBA52CEU6, STM32WBA52CEU6T, STM32WBA52CGU6, STM32WBA52CGU6T, STM32WL5MOCH6, STM32WL5MOCH6TR]
2024-10-27 15:52:12,282 [INFO] DbMcus:216 - Found 4180 MCUs, 4180 are supported
2024-10-27 15:52:12,285 [INFO] ApiDb:423 - Load user favorites file C:\Users\tobia/.stm32cubeide/favorites.mcus.txt: 0 item(s)
2024-10-27 15:52:12,286 [INFO] ApiDb:427 - User favorites MCUs=[]
2024-10-27 15:52:12,286 [INFO] DbMcus:222 - Set 0 / 0 favorites MCUs
2024-10-27 15:52:12,287 [WARN] PackLoader:240 - Cannot read IP mode file for STMicroelectronics.X-CUBE-MEMS1.11.0.0
2024-10-27 15:52:12,447 [WARN] PackLoader:240 - Cannot read IP mode file for STMicroelectronics.FP-SNS-FLIGHT1.5.0.2
2024-10-27 15:52:12,464 [WARN] PackLoader:240 - Cannot read IP mode file for STMicroelectronics.X-CUBE-DISPLAY.3.0.0
2024-10-27 15:52:12,481 [WARN] PackLoader:240 - Cannot read IP mode file for STMicroelectronics.X-CUBE-BLE1.7.0.0
2024-10-27 15:52:12,497 [WARN] PackLoader:240 - Cannot read IP mode file for STMicroelectronics.X-CUBE-NFC10.1.0.0
2024-10-27 15:52:12,514 [WARN] PackLoader:240 - Cannot read IP mode file for emotas.I-CUBE-CANOPEN.1.3.0
2024-10-27 15:52:12,534 [WARN] PackLoader:240 - Cannot read IP mode file for STMicroelectronics.X-CUBE-BLEMGR.3.1.0
2024-10-27 15:52:12,560 [WARN] PackLoader:240 - Cannot read IP mode file for STMicroelectronics.FP-SNS-SMARTAG2.1.2.0
2024-10-27 15:52:12,580 [INFO] LogOutputStream:77 - [STDOUT_REDIRECT] 1 : Invalid condition id : UX_CORESTACK_Condition cause : null
2024-10-27 15:52:12,581 [INFO] LogOutputStream:77 - [STDOUT_REDIRECT] 1 : Invalid condition id : UX_CORESTACK_Condition cause : null
2024-10-27 15:52:12,583 [INFO] LogOutputStream:77 - [STDOUT_REDIRECT] 1 : Invalid condition id : UX_CORESTACK_Condition cause : null
2024-10-27 15:52:12,584 [INFO] LogOutputStream:77 - [STDOUT_REDIRECT] 1 : Invalid condition id : UX_CORESTACK_Condition cause : null
2024-10-27 15:52:12,586 [INFO] LogOutputStream:77 - [STDOUT_REDIRECT] 1 : Invalid condition id : UX_CORESTACK_Condition cause : null
2024-10-27 15:52:12,589 [WARN] PackLoader:240 - Cannot read IP mode file for STMicroelectronics.X-CUBE-AZRTOS-WL.2.0.0
2024-10-27 15:52:12,606 [WARN] PackLoader:240 - Cannot read IP mode file for STMicroelectronics.FP-SNS-MOTENV1.5.0.0
2024-10-27 15:52:12,619 [WARN] PackLoader:240 - Cannot read IP mode file for wolfSSL.I-CUBE-wolfMQTT.1.19.0
2024-10-27 15:52:12,638 [WARN] PackLoader:240 - Cannot read IP mode file for WES.I-CUBE-Cesium.1.3.0
2024-10-27 15:52:12,651 [INFO] ApiDb:668 - CubeFinder database Data Model version=2.1
2024-10-27 15:52:12,651 [INFO] ApiDb:669 - CubeFinder database Configuration version=3.0.39
2024-10-27 15:52:12,651 [INFO] ApiDb:670 - CubeFinder database generation date=2024-10-15 (1729006872)
2024-10-27 15:52:12,651 [INFO] ApiDb:671 - CubeFinder database FW Pack versions=[FP-ATR-ASTRA1_V2.0.0, FP-SNS-FLIGHT1_V5.0.2, FP-SNS-MOTENV1_V5.0.0, FP-SNS-MOTENVWB1_V1.4.0, FP-SNS-SMARTAG2_V1.2.0, FP-SNS-STBOX1_V2.0.0, STM32Cube_FW_C0_V1.2.0, STM32Cube_FW_F4_V1.28.1, STM32Cube_FW_F7_V1.17.2, STM32Cube_FW_G0_V1.6.2, STM32Cube_FW_G4_V1.6.0, STM32Cube_FW_H5_V1.3.0, STM32Cube_FW_H7RS_V1.1.0, STM32Cube_FW_H7_V1.11.2, STM32Cube_FW_L0_V1.12.2, STM32Cube_FW_L5_V1.5.1, STM32Cube_FW_U0_V1.1.0, STM32Cube_FW_U5_V1.6.0, STM32Cube_FW_WB0_V1.0.0, STM32Cube_FW_WBA_V1.4.1, STM32Cube_FW_WB_V1.20.0, STM32Cube_FW_WL_V1.3.0, X-CUBE-ALGOBUILD_V1.4.0, X-CUBE-ALS_V1.0.2, X-CUBE-AZRTOS-F4_V1.1.0, X-CUBE-AZRTOS-F7_V1.1.0, X-CUBE-AZRTOS-G0_V1.1.0, X-CUBE-AZRTOS-G4_V2.0.0, X-CUBE-AZRTOS-H7RS_V1.0.0, X-CUBE-AZRTOS-H7_V3.3.0, X-CUBE-AZRTOS-L4_V2.0.0, X-CUBE-AZRTOS-L5_V2.0.0, X-CUBE-AZRTOS-WB_V2.0.0, X-CUBE-AZRTOS-WL_V2.0.0, X-CUBE-BLE1_V7.0.0, X-CUBE-BLE2_V3.3.0, X-CUBE-BLEMGR_V3.1.0, X-CUBE-EEPRMA1_V5.1.0, X-CUBE-FREERTOS_V1.2.0, X-CUBE-GNSS1_V6.0.0, X-CUBE-MEMS1_V11.0.0, X-CUBE-NFC4_V3.0.0, X-CUBE-NFC7_V1.0.1, X-CUBE-SFXS2LP1_V4.0.0, X-CUBE-SUBG2_V5.0.0, X-CUBE-TOF1_V3.4.2]
2024-10-27 15:52:12,654 [WARN] PackLoader:240 - Cannot read IP mode file for STMicroelectronics.X-CUBE-BLE2.3.3.0
2024-10-27 15:52:12,668 [WARN] PackLoader:240 - Cannot read IP mode file for STMicroelectronics.X-CUBE-NFC9.1.0.0
2024-10-27 15:52:12,684 [WARN] PackLoader:240 - Cannot read IP mode file for STMicroelectronics.X-CUBE-TCPP.4.1.0
2024-10-27 15:52:12,701 [WARN] PackLoader:240 - Cannot read IP mode file for STMicroelectronics.X-CUBE-ALGOBUILD.1.3.0
2024-10-27 15:52:12,713 [INFO] DbBoardsSqlite:226 - include board P-NUCLEO-WB55-NUCLEO as a kit item of type 'Nucleo-64'
2024-10-27 15:52:12,713 [INFO] DbBoardsSqlite:226 - include board P-NUCLEO-WB55-USBDONGLE as a kit item of type 'Nucleo USB Dongle'
2024-10-27 15:52:12,713 [INFO] DbBoardsSqlite:226 - include board STEVAL-IDP005V1 as a kit item of type 'Evaluation Board'
2024-10-27 15:52:12,714 [INFO] DbBoardsSqlite:226 - include board STEVAL-IDP005V2 as a kit item of type 'Evaluation Board'
2024-10-27 15:52:12,725 [WARN] PackLoader:240 - Cannot read IP mode file for STMicroelectronics.X-CUBE-AZRTOS-G0.1.1.0
2024-10-27 15:52:12,742 [WARN] PackLoader:240 - Cannot read IP mode file for STMicroelectronics.X-CUBE-SAFEA1.1.2.2
2024-10-27 15:52:12,754 [WARN] PackLoader:240 - Cannot read IP mode file for STMicroelectronics.X-CUBE-NFC4.3.0.0
2024-10-27 15:52:12,757 [INFO] ApiDb:240 - Found 297 in-development CPN: [B-G473E-ZEST1S, B-WB1M-WPAN1, B-WL5M-SUBG1, NUCLEO-C031C6, NUCLEO-H503RB, NUCLEO-H563ZI, NUCLEO-U545RE-Q, NUCLEO-U5A5ZJ-Q, NUCLEO-WBA52CG, STEVAL-PROTEUS1, STEVAL-STWINBX1, STM320518-EVAL, STM32C0116-DK, STM32C011D6Y3TR, STM32C011D6Y6TR, STM32C011F4P3, STM32C011F4P6, STM32C011F4U3, STM32C011F4U6TR, STM32C011F6P3, STM32C011F6P6, STM32C011F6U3, STM32C011F6U6TR, STM32C011J4M3, STM32C011J4M6, STM32C011J6M3, STM32C011J6M6, STM32C0316-DK, STM32C031C4T3, STM32C031C4T6, STM32C031C4U3, STM32C031C4U6, STM32C031C6T3, STM32C031C6T6, STM32C031C6U3, STM32C031C6U6, STM32C031F4P3, STM32C031F4P6, STM32C031F6P3, STM32C031F6P6, STM32C031G4U3, STM32C031G4U6, STM32C031G6U3, STM32C031G6U6, STM32C031K4T3, STM32C031K4T6, STM32C031K4U3, STM32C031K4U6, STM32C031K6T3, STM32C031K6T6, STM32C031K6U3, STM32C031K6U6, STM32G071K8TXN, STM32G071K8UXN, STM32G081GBU6N, STM32G081KBT6N, STM32G081KBUXN, STM32G0B1CCT6N, STM32G0B1KCT6, STM32G0B1NEY6TR, STM32G0B1RCT6N, STM32G0C1CCT6, STM32G0C1CCT6N, STM32G0C1CCU6N, STM32G0C1CET6N, STM32G0C1CEU6N, STM32G0C1KCT6, STM32G0C1NEY6TR, STM32G0C1RCI6N, STM32G0C1RCT6N, STM32G0C1REI6N, STM32G0C1RET6N, STM32G0C1VCI6, STM32G0C1VEI6, STM32G471CCT6, STM32G471CCU6, STM32G471CET3, STM32G471CET6, STM32G471CEU3, STM32G471CEU6, STM32G471MCT6, STM32G471MET3, STM32G471MET6, STM32G471MEY6TR, STM32G471QCT6, STM32G471QET3, STM32G471RCT6, STM32G471RET3, STM32G471RET6, STM32G471VCH6, STM32G471VCI6, STM32G471VCT6, STM32G471VEH3, STM32G471VEH6, STM32G471VEI3, STM32G471VEI6, STM32G471VET3, STM32G471VET6, STM32G474CCT6, STM32H503CBT6, STM32H503CBU6, STM32H503EBY6TR, STM32H503KBU6, STM32H503RBT6, STM32H562AGI6, STM32H562AII6, STM32H562IGK6, STM32H562IGT6, STM32H562IIK6, STM32H562IIT6, STM32H562RGT6, STM32H562RGV6, STM32H562RIT6, STM32H562RIV6, STM32H562VGT6, STM32H562VIT6, STM32H562ZGT6, STM32H562ZIT6, STM32H563AGI6, STM32H563AII3Q, STM32H563AII6, STM32H563IGK6, STM32H563IGT6, STM32H563IIK3Q, STM32H563IIK6, STM32H563IIT3Q, STM32H563IIT6, STM32H563MIY3QTR, STM32H563RGT6, STM32H563RGV6, STM32H563RIT6, STM32H563RIV6, STM32H563VGT6, STM32H563VIT3Q, STM32H563VIT6, STM32H563ZGT6, STM32H563ZIT3Q, STM32H563ZIT6, STM32H573AII3Q, STM32H573AII6, STM32H573I-DK, STM32H573IIK3Q, STM32H573IIK6, STM32H573IIT3Q, STM32H573IIT6, STM32H573MIY3QTR, STM32H573RIT6, STM32H573RIV6, STM32H573VIT3Q, STM32H573VIT6, STM32H573ZIT3Q, STM32H573ZIT6, STM32L4R5QGI6STR, STM32MP131AAE3, STM32MP131AAF3, STM32MP131AAG3, STM32MP131CAE3, STM32MP131CAF3, STM32MP131CAG3, STM32MP131DAE7, STM32MP131DAF7, STM32MP131DAG7, STM32MP131FAE7, STM32MP131FAF7, STM32MP131FAG7, STM32MP133AAE3, STM32MP133AAF3, STM32MP133AAG3, STM32MP133CAE3, STM32MP133CAF3, STM32MP133CAG3, STM32MP133DAE7, STM32MP133DAF7, STM32MP133DAG7, STM32MP133FAE7, STM32MP133FAF7, STM32MP133FAG7, STM32MP135AAE3, STM32MP135AAF3, STM32MP135AAG3, STM32MP135CAE3, STM32MP135CAF3, STM32MP135CAG3, STM32MP135DAE7, STM32MP135DAF7, STM32MP135DAG7, STM32MP135F-DK, STM32MP135FAE7, STM32MP135FAF7, STM32MP135FAF7T, STM32MP135FAF7U, STM32MP135FAG7, STM32U535CBT6, STM32U535CBT6Q, STM32U535CBU6, STM32U535CBU6Q, STM32U535CCT6, STM32U535CCT6Q, STM32U535CCU6, STM32U535CCU6Q, STM32U535CET6, STM32U535CET6Q, STM32U535CEU6, STM32U535CEU6Q, STM32U535JEY6QTR, STM32U535NCY6QTR, STM32U535NEY6QTR, STM32U535RBI6, STM32U535RBI6Q, STM32U535RBT6, STM32U535RBT6Q, STM32U535RCI6, STM32U535RCI6Q, STM32U535RCT6, STM32U535RCT6Q, STM32U535REI6, STM32U535REI6Q, STM32U535RET6, STM32U535RET6Q, STM32U535VCI6, STM32U535VCI6Q, STM32U535VCT6, STM32U535VCT6Q, STM32U535VEI6, STM32U535VEI6Q, STM32U535VET6, STM32U535VET6Q, STM32U545CET6, STM32U545CET6Q, STM32U545CEU6, STM32U545CEU6Q, STM32U545JEY6QTR, STM32U545NEY6QTR, STM32U545REI6, STM32U545REI6Q, STM32U545RET6, STM32U545RET6Q, STM32U545VEI6, STM32U545VEI6Q, STM32U545VET6, STM32U545VET6Q, STM32U595AIH6, STM32U595AIH6Q, STM32U595AJH6, STM32U595AJH6Q, STM32U595QII6, STM32U595QII6Q, STM32U595QJI6, STM32U595QJI6Q, STM32U595RIT6, STM32U595RIT6Q, STM32U595RJT6, STM32U595RJT6Q, STM32U595VIT6, STM32U595VIT6Q, STM32U595VJT6, STM32U595VJT6Q, STM32U595ZIT6, STM32U595ZIT6Q, STM32U595ZIY6QTR, STM32U595ZJT6, STM32U595ZJT6Q, STM32U595ZJY6QTR, STM32U599BJY6QTR, STM32U599NIH6Q, STM32U599NJH6Q, STM32U599VIT6Q, STM32U599VJT6, STM32U599VJT6Q, STM32U599ZIT6Q, STM32U599ZIY6QTR, STM32U599ZJT6Q, STM32U599ZJY6QTR, STM32U5A5AJH6, STM32U5A5AJH6Q, STM32U5A5QJI6, STM32U5A5QJI6Q, STM32U5A5RJT6, STM32U5A5RJT6Q, STM32U5A5VJT6, STM32U5A5VJT6Q, STM32U5A5ZJT6, STM32U5A5ZJT6Q, STM32U5A5ZJY6QTR, STM32U5A9BJY6QTR, STM32U5A9J-DK, STM32U5A9NJH6Q, STM32U5A9VJT6Q, STM32U5A9ZJT6Q, STM32U5A9ZJY6QTR, STM32WB1MMCH6, STM32WBA52CEU6, STM32WBA52CEU6T, STM32WBA52CGU6, STM32WBA52CGU6T, STM32WL5MOCH6, STM32WL5MOCH6TR]
2024-10-27 15:52:12,766 [ERROR] Engine:466 - C:\Users\tobia\.stm32cubemx\thirdparties\pdsc\EmbeddedOffice.I-CUBE-FS-RTOS.1.0.1.pdsc: PDSC version is not supported
2024-10-27 15:52:12,778 [ERROR] Engine:466 - C:\Users\tobia\.stm32cubemx\thirdparties\pdsc\RealThread.X-CUBE-RT-Thread_Nano.4.1.1.pdsc: PDSC version is not supported
2024-10-27 15:52:12,788 [INFO] BoardInfo:880 - No configuration file found for board NUCLEO-C071RB
2024-10-27 15:52:12,788 [INFO] DbBoards:157 - Board is not supported: NUCLEO-C071RB
2024-10-27 15:52:12,791 [WARN] PackLoader:240 - Cannot read IP mode file for STMicroelectronics.FP-ATR-SIGFOX1.3.2.0
2024-10-27 15:52:12,808 [WARN] PackLoader:240 - Cannot read IP mode file for STMicroelectronics.X-CUBE-EEPRMA1.5.1.0
2024-10-27 15:52:12,846 [WARN] PackLoader:240 - Cannot read IP mode file for SEGGER.I-CUBE-embOS.1.3.1
2024-10-27 15:52:12,847 [INFO] BoardInfo:880 - No configuration file found for board NUCLEO-H533RE
2024-10-27 15:52:12,848 [INFO] DbBoards:157 - Board is not supported: NUCLEO-H533RE
2024-10-27 15:52:12,862 [INFO] BoardInfo:880 - No configuration file found for board NUCLEO-H7S3L8
2024-10-27 15:52:12,862 [INFO] DbBoards:157 - Board is not supported: NUCLEO-H7S3L8
2024-10-27 15:52:12,903 [WARN] PackLoader:240 - Cannot read IP mode file for STMicroelectronics.X-CUBE-ALGOBUILD.1.4.0
2024-10-27 15:52:12,910 [INFO] BoardInfo:880 - No configuration file found for board NUCLEO-U031R8
2024-10-27 15:52:12,911 [INFO] DbBoards:157 - Board is not supported: NUCLEO-U031R8
2024-10-27 15:52:12,913 [INFO] BoardInfo:880 - No configuration file found for board NUCLEO-U083RC
2024-10-27 15:52:12,913 [INFO] DbBoards:157 - Board is not supported: NUCLEO-U083RC
2024-10-27 15:52:12,917 [WARN] PackLoader:240 - Cannot read IP mode file for STMicroelectronics.X-CUBE-AI.9.1.0
2024-10-27 15:52:12,920 [INFO] BoardInfo:880 - No configuration file found for board NUCLEO-WB05KZ
2024-10-27 15:52:12,920 [INFO] DbBoards:157 - Board is not supported: NUCLEO-WB05KZ
2024-10-27 15:52:12,922 [INFO] BoardInfo:880 - No configuration file found for board NUCLEO-WB07CC
2024-10-27 15:52:12,922 [INFO] DbBoards:157 - Board is not supported: NUCLEO-WB07CC
2024-10-27 15:52:12,924 [INFO] BoardInfo:880 - No configuration file found for board NUCLEO-WB09KE
2024-10-27 15:52:12,924 [INFO] DbBoards:157 - Board is not supported: NUCLEO-WB09KE
2024-10-27 15:52:12,930 [INFO] BoardInfo:880 - No configuration file found for board NUCLEO-WBA55CG
2024-10-27 15:52:12,931 [INFO] DbBoards:157 - Board is not supported: NUCLEO-WBA55CG
2024-10-27 15:52:12,932 [WARN] PackLoader:240 - Cannot read IP mode file for STMicroelectronics.X-CUBE-GNSS1.6.0.0
2024-10-27 15:52:12,937 [INFO] BoardInfo:880 - No configuration file found for board P-NUCLEO-WB55
2024-10-27 15:52:12,937 [INFO] DbBoards:157 - Kit is not supported: P-NUCLEO-WB55
2024-10-27 15:52:12,944 [INFO] BoardInfo:880 - No configuration file found for board STEVAL-BFA001V1B
2024-10-27 15:52:12,944 [INFO] DbBoards:157 - Kit is not supported: STEVAL-BFA001V1B
2024-10-27 15:52:12,946 [INFO] BoardInfo:880 - No configuration file found for board STEVAL-BFA001V2B
2024-10-27 15:52:12,946 [INFO] DbBoards:157 - Kit is not supported: STEVAL-BFA001V2B
2024-10-27 15:52:12,952 [INFO] BoardInfo:880 - No configuration file found for board STEVAL-MKBOXPRO
2024-10-27 15:52:12,952 [INFO] DbBoards:157 - Board is not supported: STEVAL-MKBOXPRO
2024-10-27 15:52:12,958 [INFO] BoardInfo:880 - No configuration file found for board STEVAL-SMARTAG2
2024-10-27 15:52:12,958 [INFO] DbBoards:157 - Board is not supported: STEVAL-SMARTAG2
2024-10-27 15:52:12,962 [WARN] PackLoader:240 - Cannot read IP mode file for STMicroelectronics.X-CUBE-AZRTOS-F4.1.1.0
2024-10-27 15:52:12,979 [WARN] PackLoader:240 - Cannot read IP mode file for STMicroelectronics.X-CUBE-ISPU.2.1.0
2024-10-27 15:52:12,993 [WARN] PackLoader:240 - Cannot read IP mode file for STMicroelectronics.X-CUBE-FREERTOS.1.2.0
2024-10-27 15:52:13,005 [WARN] PackLoader:240 - Cannot read IP mode file for wolfSSL.I-CUBE-wolfSSL.5.6.6
2024-10-27 15:52:13,035 [WARN] PackLoader:240 - Cannot read IP mode file for STMicroelectronics.X-CUBE-AZRTOS-L5.2.0.0
2024-10-27 15:52:13,043 [INFO] BoardInfo:880 - No configuration file found for board STM32H7S78-DK
2024-10-27 15:52:13,043 [INFO] DbBoards:157 - Board is not supported: STM32H7S78-DK
2024-10-27 15:52:13,051 [WARN] PackLoader:240 - Cannot read IP mode file for STMicroelectronics.X-CUBE-NFC6.3.1.0
2024-10-27 15:52:13,067 [INFO] BoardInfo:880 - No configuration file found for board STM32MP257F-DK
2024-10-27 15:52:13,067 [INFO] DbBoards:157 - Board is not supported: STM32MP257F-DK
2024-10-27 15:52:13,069 [INFO] BoardInfo:880 - No configuration file found for board STM32MP257F-EV1
2024-10-27 15:52:13,069 [INFO] DbBoards:157 - Board is not supported: STM32MP257F-EV1
2024-10-27 15:52:13,070 [WARN] PackLoader:240 - Cannot read IP mode file for ITTIA_DB.I-CUBE-ITTIADB.8.8.0
2024-10-27 15:52:13,071 [INFO] BoardInfo:880 - No configuration file found for board STM32U083C-DK
2024-10-27 15:52:13,071 [INFO] DbBoards:157 - Board is not supported: STM32U083C-DK
2024-10-27 15:52:13,076 [INFO] BoardInfo:880 - No configuration file found for board STM32U5G9J-DK1
2024-10-27 15:52:13,076 [INFO] DbBoards:157 - Board is not supported: STM32U5G9J-DK1
2024-10-27 15:52:13,078 [INFO] BoardInfo:880 - No configuration file found for board STM32U5G9J-DK2
2024-10-27 15:52:13,078 [INFO] DbBoards:157 - Board is not supported: STM32U5G9J-DK2
2024-10-27 15:52:13,082 [ERROR] Engine:466 - C:\Users\tobia\.stm32cubemx\thirdparties\pdsc\STMicroelectronics.X-CUBE-DPower.1.2.0.pdsc: PDSC version is not supported
2024-10-27 15:52:13,084 [INFO] BoardInfo:880 - No configuration file found for board STM32WBA55G-DK1
2024-10-27 15:52:13,084 [INFO] DbBoards:157 - Board is not supported: STM32WBA55G-DK1
2024-10-27 15:52:13,085 [INFO] DbBoards:161 - Found 201 boards, 180 are supported
2024-10-27 15:52:13,090 [INFO] ApiDb:423 - Load user favorites file C:\Users\tobia/.stm32cubeide/favorites.boards.txt: 0 item(s)
2024-10-27 15:52:13,091 [INFO] ApiDb:427 - User favorites Boards=[]
2024-10-27 15:52:13,091 [INFO] DbBoards:190 - Set 0 / 0 favorites Boards
2024-10-27 15:52:13,094 [WARN] PackLoader:240 - Cannot read IP mode file for STMicroelectronics.X-CUBE-NFC7.1.0.1
2024-10-27 15:52:13,095 [INFO] ApiDb:668 - CubeFinder database Data Model version=2.1
2024-10-27 15:52:13,095 [INFO] ApiDb:669 - CubeFinder database Configuration version=3.0.39
2024-10-27 15:52:13,095 [INFO] ApiDb:670 - CubeFinder database generation date=2024-10-15 (1729006872)
2024-10-27 15:52:13,095 [INFO] ApiDb:671 - CubeFinder database FW Pack versions=[FP-ATR-ASTRA1_V2.0.0, FP-SNS-FLIGHT1_V5.0.2, FP-SNS-MOTENV1_V5.0.0, FP-SNS-MOTENVWB1_V1.4.0, FP-SNS-SMARTAG2_V1.2.0, FP-SNS-STBOX1_V2.0.0, STM32Cube_FW_C0_V1.2.0, STM32Cube_FW_F4_V1.28.1, STM32Cube_FW_F7_V1.17.2, STM32Cube_FW_G0_V1.6.2, STM32Cube_FW_G4_V1.6.0, STM32Cube_FW_H5_V1.3.0, STM32Cube_FW_H7RS_V1.1.0, STM32Cube_FW_H7_V1.11.2, STM32Cube_FW_L0_V1.12.2, STM32Cube_FW_L5_V1.5.1, STM32Cube_FW_U0_V1.1.0, STM32Cube_FW_U5_V1.6.0, STM32Cube_FW_WB0_V1.0.0, STM32Cube_FW_WBA_V1.4.1, STM32Cube_FW_WB_V1.20.0, STM32Cube_FW_WL_V1.3.0, X-CUBE-ALGOBUILD_V1.4.0, X-CUBE-ALS_V1.0.2, X-CUBE-AZRTOS-F4_V1.1.0, X-CUBE-AZRTOS-F7_V1.1.0, X-CUBE-AZRTOS-G0_V1.1.0, X-CUBE-AZRTOS-G4_V2.0.0, X-CUBE-AZRTOS-H7RS_V1.0.0, X-CUBE-AZRTOS-H7_V3.3.0, X-CUBE-AZRTOS-L4_V2.0.0, X-CUBE-AZRTOS-L5_V2.0.0, X-CUBE-AZRTOS-WB_V2.0.0, X-CUBE-AZRTOS-WL_V2.0.0, X-CUBE-BLE1_V7.0.0, X-CUBE-BLE2_V3.3.0, X-CUBE-BLEMGR_V3.1.0, X-CUBE-EEPRMA1_V5.1.0, X-CUBE-FREERTOS_V1.2.0, X-CUBE-GNSS1_V6.0.0, X-CUBE-MEMS1_V11.0.0, X-CUBE-NFC4_V3.0.0, X-CUBE-NFC7_V1.0.1, X-CUBE-SFXS2LP1_V4.0.0, X-CUBE-SUBG2_V5.0.0, X-CUBE-TOF1_V3.4.2]
2024-10-27 15:52:13,112 [WARN] PackLoader:240 - Cannot read IP mode file for STMicroelectronics.X-CUBE-NFC6.3.0.0
2024-10-27 15:52:13,126 [WARN] PackLoader:240 - Cannot read IP mode file for STMicroelectronics.X-CUBE-AI.8.1.0
2024-10-27 15:52:13,148 [WARN] ConditionMgr:438 - getConditionDescription Invalid condition id : LAN8742 Phy interface Condition cause : null
2024-10-27 15:52:13,148 [WARN] PackLoader:240 - Cannot read IP mode file for STMicroelectronics.X-CUBE-AZRTOS-L4.2.0.0
2024-10-27 15:52:13,149 [WARN] ConditionMgr:1039 - genDependencies : Invalid condition id : LAN8742 Phy interface Condition cause : null
2024-10-27 15:52:13,150 [WARN] ConditionMgr:1039 - genDependencies : Invalid condition id : LAN8742 Phy interface Condition cause : null
2024-10-27 15:52:13,150 [WARN] ConditionMgr:1039 - genDependencies : Invalid condition id : LAN8742 Phy interface Condition cause : null
2024-10-27 15:52:13,168 [WARN] PackLoader:240 - Cannot read IP mode file for STMicroelectronics.X-CUBE-SFXS2LP1.4.0.0
2024-10-27 15:52:13,196 [WARN] PackLoader:240 - Cannot read IP mode file for STMicroelectronics.X-CUBE-AZRTOS-H7.3.3.0
2024-10-27 15:52:13,212 [ERROR] Engine:466 - C:\Users\tobia\.stm32cubemx\thirdparties\pdsc\STMicroelectronics.X-CUBE-IPS.3.0.0.pdsc: PDSC version is not supported
2024-10-27 15:52:13,234 [WARN] ConditionMgr:438 - getConditionDescription Invalid condition id : UX DEVICE CLASS RTOS Condition cause : null
2024-10-27 15:52:13,234 [WARN] ConditionMgr:438 - getConditionDescription Invalid condition id : UX DEVICE CLASS RTOS Condition cause : null
2024-10-27 15:52:13,237 [WARN] PackLoader:240 - Cannot read IP mode file for STMicroelectronics.X-CUBE-AZRTOS-WB.2.0.0
2024-10-27 15:52:13,237 [WARN] ConditionMgr:1039 - genDependencies : Invalid condition id : UX DEVICE CLASS RTOS Condition cause : null
2024-10-27 15:52:13,237 [WARN] ConditionMgr:1039 - genDependencies : Invalid condition id : UX DEVICE CLASS RTOS Condition cause : null
2024-10-27 15:52:13,238 [WARN] ConditionMgr:1039 - genDependencies : Invalid condition id : UX DEVICE CLASS RTOS Condition cause : null
2024-10-27 15:52:13,238 [WARN] ConditionMgr:1039 - genDependencies : Invalid condition id : UX DEVICE CLASS RTOS Condition cause : null
2024-10-27 15:52:13,238 [WARN] ConditionMgr:1039 - genDependencies : Invalid condition id : UX DEVICE CLASS RTOS Condition cause : null
2024-10-27 15:52:13,252 [WARN] PackLoader:240 - Cannot read IP mode file for STMicroelectronics.X-CUBE-GNSS1.7.0.0
2024-10-27 15:52:13,264 [ERROR] Engine:466 - C:\Users\tobia\.stm32cubemx\thirdparties\pdsc\STMicroelectronics.FP-SNS-STBOX1.2.0.0.pdsc: PDSC version is not supported
2024-10-27 15:52:13,281 [WARN] PackLoader:240 - Cannot read IP mode file for STMicroelectronics.X-CUBE-SUBG2.5.0.0
2024-10-27 15:52:13,299 [WARN] PackLoader:240 - Cannot read IP mode file for Cesanta.I-CUBE-Mongoose.7.13.0
2024-10-27 15:52:13,321 [WARN] PackLoader:240 - Cannot read IP mode file for STMicroelectronics.X-CUBE-AZRTOS-G4.2.0.0
2024-10-27 15:52:13,350 [WARN] PackLoader:240 - Cannot read IP mode file for Infineon.AIROC-Wi-Fi-Bluetooth-STM32.1.5.1
2024-10-27 15:52:13,372 [WARN] PackLoader:240 - Cannot read IP mode file for STMicroelectronics.FP-SNS-MOTENVWB1.1.3.1
2024-10-27 15:52:13,386 [WARN] PackLoader:240 - Cannot read IP mode file for STMicroelectronics.X-CUBE-ISPU.2.0.0
2024-10-27 15:52:13,401 [WARN] PackLoader:240 - Cannot read IP mode file for STMicroelectronics.X-CUBE-ALS.1.0.2
2024-10-27 15:52:13,448 [WARN] PackLoader:240 - Cannot read IP mode file for STMicroelectronics.X-CUBE-MEMS1.10.0.0
2024-10-27 15:52:13,512 [WARN] PackLoader:240 - Cannot read IP mode file for STMicroelectronics.X-CUBE-FREERTOS.1.1.0
2024-10-27 15:52:13,532 [WARN] PackLoader:240 - Cannot read IP mode file for STMicroelectronics.X-CUBE-TOUCHGFX.4.24.1
2024-10-27 15:52:13,545 [WARN] PackLoader:240 - Cannot read IP mode file for wolfSSL.I-CUBE-wolfTPM.3.4.0
2024-10-27 15:52:13,561 [WARN] PackLoader:240 - Cannot read IP mode file for portGmbH.I-Cube-SoM-uGOAL.1.1.0
2024-10-27 15:52:13,574 [WARN] PackLoader:240 - Cannot read IP mode file for STMicroelectronics.X-CUBE-ALS.1.0.1
2024-10-27 15:52:13,607 [WARN] PackLoader:240 - Cannot read IP mode file for STMicroelectronics.X-CUBE-AZRTOS-H7RS.1.0.0
2024-10-27 15:52:13,623 [WARN] PackLoader:240 - Cannot read IP mode file for STMicroelectronics.FP-ATR-ASTRA1.2.0.0
2024-10-27 15:52:13,637 [ERROR] Engine:466 - C:\Users\tobia\.stm32cubemx\thirdparties\pdsc\STMicroelectronics.X-CUBE-TOF1.3.4.2.pdsc: PDSC version is not supported
2024-10-27 15:52:13,655 [WARN] PackLoader:240 - Cannot read IP mode file for STMicroelectronics.X-CUBE-TOF1.3.4.1
2024-10-27 15:52:13,681 [WARN] PackLoader:240 - Cannot read IP mode file for STMicroelectronics.X-CUBE-AZRTOS-H7.3.2.0
2024-10-27 15:52:13,694 [WARN] PackLoader:240 - Cannot read IP mode file for wolfSSL.I-CUBE-wolfSSH.1.4.17
2024-10-27 15:52:13,695 [INFO] ThirdParty:978 - Integrity check success = true
2024-10-27 15:52:13,695 [INFO] IntegrityCheckThread:100 - exiting critical section [integrity check]
2024-10-27 15:52:13,695 [INFO] IntegrityCheckThread:103 - End integrity checks thread
2024-10-27 15:52:13,718 [ERROR] DbExamplesSqlite:418 - Missing JSON key: board_cpn
2024-10-27 15:52:13,718 [ERROR] DbExamplesSqlite:418 - Missing JSON key: board_cpn
2024-10-27 15:52:13,718 [ERROR] DbExamplesSqlite:418 - Missing JSON key: board_cpn
2024-10-27 15:52:13,718 [ERROR] DbExamplesSqlite:418 - Missing JSON key: board_cpn
2024-10-27 15:52:13,809 [ERROR] DbExamplesSqlite:418 - Missing JSON key: board_cpn
2024-10-27 15:52:13,810 [ERROR] DbExamplesSqlite:418 - Missing JSON key: board_cpn
2024-10-27 15:52:13,811 [ERROR] DbExamplesSqlite:418 - Missing JSON key: board_cpn
2024-10-27 15:52:13,811 [ERROR] DbExamplesSqlite:418 - Missing JSON key: board_cpn
2024-10-27 15:52:13,811 [ERROR] DbExamplesSqlite:418 - Missing JSON key: board_cpn
2024-10-27 15:52:13,811 [ERROR] DbExamplesSqlite:418 - Missing JSON key: board_cpn
2024-10-27 15:52:13,811 [ERROR] DbExamplesSqlite:418 - Missing JSON key: board_cpn
2024-10-27 15:52:13,812 [ERROR] DbExamplesSqlite:418 - Missing JSON key: board_cpn
2024-10-27 15:52:13,812 [ERROR] DbExamplesSqlite:418 - Missing JSON key: board_cpn
2024-10-27 15:52:13,814 [INFO] DbExamplesSqlite:376 - Ignored 28 examples not supported by CubeIDE
2024-10-27 15:52:13,814 [INFO] DbExamplesSqlite:377 - Found 8617 examples active
2024-10-27 15:52:13,814 [INFO] DbExamplesSqlite:378 - Found 0 examples obsolete
2024-10-27 15:52:13,814 [INFO] DbExamplesSqlite:379 - Found 0 examples under development
2024-10-27 15:52:13,814 [INFO] DbExamplesSqlite:380 - Found 10 examples not building
2024-10-27 15:52:13,816 [INFO] DbExamples:125 - Found 8599 examples
2024-10-27 15:52:13,879 [ERROR] DbExamples:208 - Found 206 examples with invalid data (board or MCU)
2024-10-27 15:52:13,879 [INFO] DbExamples:222 - Found 108 boards with related examples
2024-10-27 15:52:13,880 [INFO] DbExamples:235 - Found 87 MCUs with related examples
2024-10-27 15:52:13,897 [INFO] ApiDb:423 - Load user favorites file C:\Users\tobia/.stm32cubeide/favorites.examples.txt: 0 item(s)
2024-10-27 15:52:13,897 [INFO] ApiDb:427 - User favorites Examples=[]
2024-10-27 15:52:13,898 [INFO] DbExamples:250 - Set 0 / 0 favorites Examples
2024-10-27 15:52:14,256 [INFO] McuFinderGlobals:66 - Set McuFinderConnectedMode to true
2024-10-27 15:52:14,270 [INFO] MultiScanPanel:200 - Auto-refresh data requested => check proxy status ongoing
2024-10-27 15:52:14,278 [INFO] FinderPluginLoader:95 - Searching for filters in installed packs
2024-10-27 15:52:15,398 [INFO] LoadUrlFilesThread:185 - End of LoadServerUrlFiles without Thread
2024-10-27 15:52:15,510 [INFO] DetailPanel:341 - Set advertising image to C:/Users/tobia/STM32Cube/Repository/\en.prom-stm32c071-usb-memories-mcu-finder.png
2024-10-27 15:53:01,415 [INFO] McuFinderGlobals:66 - Set McuFinderConnectedMode to true
2024-10-27 15:53:01,771 [INFO] ApiDb:448 - Save user favorites file C:\Users\tobia/.stm32cubeide/favorites.mcus.txt: 0 item(s)
2024-10-27 15:53:01,772 [INFO] ApiDb:452 - User favorites MCUs=[]
2024-10-27 15:57:23,218 [INFO] MainUpdater:2854 - connection check result : 10
2024-10-27 15:57:23,405 [INFO] McuFinderGlobals:66 - Set McuFinderConnectedMode to true
2024-10-27 15:57:23,407 [INFO] MultiScanPanel:200 - Auto-refresh data requested => check proxy status ongoing
2024-10-27 15:57:23,407 [INFO] FinderPluginLoader:95 - Searching for filters in installed packs
2024-10-27 15:57:24,079 [INFO] LoadUrlFilesThread:185 - End of LoadServerUrlFiles without Thread
2024-10-27 15:57:24,079 [INFO] DetailPanel:341 - Set advertising image to C:/Users/tobia/STM32Cube/Repository/\en.prom-stm32c071-usb-memories-mcu-finder.png
2024-10-27 15:57:28,834 [INFO] ApiDb:581 - Connected to CubeFinder SQLite database (C:\Users\tobia\.stmcufinder\plugins\mcufinder\mcu\cube-finder-db.db)
2024-10-27 15:58:04,791 [INFO] McuFinderGlobals:66 - Set McuFinderConnectedMode to true
2024-10-27 15:58:04,792 [INFO] ApiDb:448 - Save user favorites file C:\Users\tobia/.stm32cubeide/favorites.mcus.txt: 0 item(s)
2024-10-27 15:58:04,792 [INFO] ApiDb:452 - User favorites MCUs=[]
